{
  "stats": {
    "suites": 1,
    "tests": 26,
    "passes": 13,
    "pending": 0,
    "failures": 13,
    "start": "2022-11-12T21:38:07.312Z",
    "end": "2022-11-12T21:39:52.913Z",
    "duration": 105601,
    "testsRegistered": 26,
    "passPercent": 50,
    "pendingPercent": 0,
    "other": 0,
    "hasOther": false,
    "skipped": 0,
    "hasSkipped": false
  },
  "results": [
    {
      "uuid": "6d56545e-e392-451f-a798-42f2605f50ab",
      "title": "",
      "fullFile": "cypress/e2e/SWE_PROJECT/PostActions/postAction.cy.js",
      "file": "cypress/e2e/SWE_PROJECT/PostActions/postAction.cy.js",
      "beforeHooks": [],
      "afterHooks": [],
      "tests": [],
      "suites": [
        {
          "uuid": "c4c306d1-3e2b-4192-80cb-86990ad117dc",
          "title": "Test some actions on post",
          "fullFile": "",
          "file": "",
          "beforeHooks": [],
          "afterHooks": [],
          "tests": [
            {
              "title": "Check saving arbitrary post in (SAVED) page in user profile",
              "fullTitle": "Test some actions on post Check saving arbitrary post in (SAVED) page in user profile",
              "timedOut": null,
              "duration": 6561,
              "state": "failed",
              "speed": null,
              "pass": false,
              "fail": true,
              "pending": false,
              "context": null,
              "code": "const postAct = new _postActionObjects.default();\nconst userProfile = new _userProfileObject.default();\npostAct.firstPostActionsList();\npostAct.savePost();\npostAct.getFirstPostTitle().then(title => {\n  postAct.showSettingsSubmenu();\n  postAct.goUserProfile();\n  userProfile.saved();\n  userProfile.findPost(title);\n});",
              "err": {
                "message": "AssertionError: Timed out retrying after 4000ms: Expected to find content: 'Hello World' but never did.",
                "estack": "AssertionError: Timed out retrying after 4000ms: Expected to find content: 'Hello World' but never did.\n    at userProfileObject.findPost (webpack:///./cypress/e2e/SWE_PROJECT/PageObjects/UserProfileObjects/userProfileObject.js:284:11)\n    at Context.eval (webpack:///./cypress/e2e/SWE_PROJECT/PostActions/postAction.cy.js:27:18)",
                "diff": null
              },
              "uuid": "f3fc9ab2-ee46-46c1-89a7-183524679b8c",
              "parentUUID": "c4c306d1-3e2b-4192-80cb-86990ad117dc",
              "isHook": false,
              "skipped": false
            },
            {
              "title": "Appearance of saving post message and its syntax",
              "fullTitle": "Test some actions on post Appearance of saving post message and its syntax",
              "timedOut": null,
              "duration": 4794,
              "state": "failed",
              "speed": null,
              "pass": false,
              "fail": true,
              "pending": false,
              "context": null,
              "code": "const postAct = new _postActionObjects.default();\npostAct.firstPostActionsList();\npostAct.savePost();\npostAct.saveMsgSyntax();",
              "err": {
                "message": "AssertionError: Timed out retrying after 4000ms: Expected to find element: `._7JH6kQpO-bx66b9ajIZrz`, but never found it.",
                "estack": "AssertionError: Timed out retrying after 4000ms: Expected to find element: `._7JH6kQpO-bx66b9ajIZrz`, but never found it.\n    at postActionObjects.saveMsgSyntax (webpack:///./cypress/e2e/SWE_PROJECT/PageObjects/CreatePostObjects/postActionObjects.js:38:13)\n    at Context.eval (webpack:///./cypress/e2e/SWE_PROJECT/PostActions/postAction.cy.js:36:12)",
                "diff": null
              },
              "uuid": "55a759b6-0989-4e63-bfc5-ca502bdac799",
              "parentUUID": "c4c306d1-3e2b-4192-80cb-86990ad117dc",
              "isHook": false,
              "skipped": false
            },
            {
              "title": "Check message after clicking on (Undo) in saving post message",
              "fullTitle": "Test some actions on post Check message after clicking on (Undo) in saving post message",
              "timedOut": null,
              "duration": 4649,
              "state": "failed",
              "speed": null,
              "pass": false,
              "fail": true,
              "pending": false,
              "context": null,
              "code": "const postAct = new _postActionObjects.default();\npostAct.firstPostActionsList();\npostAct.savePost();\npostAct.unsaveMsgSyntax();",
              "err": {
                "message": "AssertionError: Timed out retrying after 4000ms: Expected to find element: `._7JH6kQpO-bx66b9ajIZrz`, but never found it.",
                "estack": "AssertionError: Timed out retrying after 4000ms: Expected to find element: `._7JH6kQpO-bx66b9ajIZrz`, but never found it.\n    at postActionObjects.unsaveMsgSyntax (webpack:///./cypress/e2e/SWE_PROJECT/PageObjects/CreatePostObjects/postActionObjects.js:43:13)\n    at Context.eval (webpack:///./cypress/e2e/SWE_PROJECT/PostActions/postAction.cy.js:44:12)",
                "diff": null
              },
              "uuid": "e0e1c5b7-8892-40f1-aa84-aef59cd1b7a3",
              "parentUUID": "c4c306d1-3e2b-4192-80cb-86990ad117dc",
              "isHook": false,
              "skipped": false
            },
            {
              "title": "Check unsaving post in (SAVED) page in user profile after click on (Undo) in save message",
              "fullTitle": "Test some actions on post Check unsaving post in (SAVED) page in user profile after click on (Undo) in save message",
              "timedOut": null,
              "duration": 4740,
              "state": "failed",
              "speed": null,
              "pass": false,
              "fail": true,
              "pending": false,
              "context": null,
              "code": "const postAct = new _postActionObjects.default();\nconst userProfile = new _userProfileObject.default();\npostAct.firstPostActionsList();\npostAct.savePost();\npostAct.saveUndoByMsg();\npostAct.getFirstPostTitle().then(title => {\n  postAct.showSettingsSubmenu();\n  postAct.goUserProfile();\n  userProfile.saved();\n  userProfile.disappearanceOfPost(title);\n}); //save a post go to SAVED in your profile and chrck if it is unsaved or not\n//?Later:how to check for the post that i unsaved right now not another post?",
              "err": {
                "message": "AssertionError: Timed out retrying after 4000ms: Expected to find element: `._2iuoyPiKHN3kfOoeIQalDT _3zbhtNO0bdck0oYbYRhjMC HNozj_dKjQZ59ZsfEegz8`, but never found it.",
                "estack": "AssertionError: Timed out retrying after 4000ms: Expected to find element: `._2iuoyPiKHN3kfOoeIQalDT _3zbhtNO0bdck0oYbYRhjMC HNozj_dKjQZ59ZsfEegz8`, but never found it.\n    at postActionObjects.saveUndoByMsg (webpack:///./cypress/e2e/SWE_PROJECT/PageObjects/CreatePostObjects/postActionObjects.js:48:11)\n    at Context.eval (webpack:///./cypress/e2e/SWE_PROJECT/PostActions/postAction.cy.js:53:12)",
                "diff": null
              },
              "uuid": "bfd1de4d-03cb-40bc-9b54-1a6dbc985605",
              "parentUUID": "c4c306d1-3e2b-4192-80cb-86990ad117dc",
              "isHook": false,
              "skipped": false
            },
            {
              "title": "Check unsaving arbitrary saved post in (SAVED) page in user profile",
              "fullTitle": "Test some actions on post Check unsaving arbitrary saved post in (SAVED) page in user profile",
              "timedOut": null,
              "duration": 9904,
              "state": "passed",
              "speed": "medium",
              "pass": true,
              "fail": false,
              "pending": false,
              "context": null,
              "code": "const postAct = new _postActionObjects.default();\nconst userProfile = new _userProfileObject.default();\npostAct.firstPostActionsList();\npostAct.savePost(); //NOTE: wait some time until the message of saving post diappeare\ncy.wait(8000);\npostAct.firstPostActionsList();\npostAct.unsavePost();\npostAct.getFirstPostTitle().then(title => {\n  postAct.showSettingsSubmenu();\n  postAct.goUserProfile();\n  userProfile.saved();\n  userProfile.disappearanceOfPost(title);\n}); //save a post go to SAVED in your profile and chrck if it is saved or not\n//?Later:how to check for the post that i saved right now not another post?",
              "err": {},
              "uuid": "912f9dae-1983-4114-bfb6-a6cacf2dfade",
              "parentUUID": "c4c306d1-3e2b-4192-80cb-86990ad117dc",
              "isHook": false,
              "skipped": false
            },
            {
              "title": "Appearance of unsaving post message and its syntax",
              "fullTitle": "Test some actions on post Appearance of unsaving post message and its syntax",
              "timedOut": null,
              "duration": 13349,
              "state": "failed",
              "speed": null,
              "pass": false,
              "fail": true,
              "pending": false,
              "context": null,
              "code": "const postAct = new _postActionObjects.default();\npostAct.firstPostActionsList();\npostAct.savePost(); //NOTE: wait some time until the message of saving post diappeare\ncy.wait(8000);\npostAct.firstPostActionsList();\npostAct.unsavePost();\npostAct.unsaveMsgSyntax();",
              "err": {
                "message": "AssertionError: Timed out retrying after 4000ms: Expected to find element: `._7JH6kQpO-bx66b9ajIZrz`, but never found it.",
                "estack": "AssertionError: Timed out retrying after 4000ms: Expected to find element: `._7JH6kQpO-bx66b9ajIZrz`, but never found it.\n    at postActionObjects.unsaveMsgSyntax (webpack:///./cypress/e2e/SWE_PROJECT/PageObjects/CreatePostObjects/postActionObjects.js:43:13)\n    at Context.eval (webpack:///./cypress/e2e/SWE_PROJECT/PostActions/postAction.cy.js:95:12)",
                "diff": null
              },
              "uuid": "90b5c586-7b32-4170-a862-8c3348d25a86",
              "parentUUID": "c4c306d1-3e2b-4192-80cb-86990ad117dc",
              "isHook": false,
              "skipped": false
            },
            {
              "title": "Check message after clicking on (Undo) in unsaving post message",
              "fullTitle": "Test some actions on post Check message after clicking on (Undo) in unsaving post message",
              "timedOut": null,
              "duration": 13403,
              "state": "failed",
              "speed": null,
              "pass": false,
              "fail": true,
              "pending": false,
              "context": null,
              "code": "const postAct = new _postActionObjects.default();\npostAct.firstPostActionsList();\npostAct.savePost(); //NOTE: wait some time until the message of saving post diappeare\ncy.wait(8000);\npostAct.firstPostActionsList();\npostAct.unsavePost();\npostAct.unsaveUndoByMsg();\npostAct.saveMsgSyntax();",
              "err": {
                "message": "AssertionError: Timed out retrying after 4000ms: Expected to find element: `._2iuoyPiKHN3kfOoeIQalDT _3zbhtNO0bdck0oYbYRhjMC HNozj_dKjQZ59ZsfEegz8`, but never found it.",
                "estack": "AssertionError: Timed out retrying after 4000ms: Expected to find element: `._2iuoyPiKHN3kfOoeIQalDT _3zbhtNO0bdck0oYbYRhjMC HNozj_dKjQZ59ZsfEegz8`, but never found it.\n    at postActionObjects.unsaveUndoByMsg (webpack:///./cypress/e2e/SWE_PROJECT/PageObjects/CreatePostObjects/postActionObjects.js:55:11)\n    at Context.eval (webpack:///./cypress/e2e/SWE_PROJECT/PostActions/postAction.cy.js:107:12)",
                "diff": null
              },
              "uuid": "55b0be45-8f3f-4587-8f53-73658e3c17c7",
              "parentUUID": "c4c306d1-3e2b-4192-80cb-86990ad117dc",
              "isHook": false,
              "skipped": false
            },
            {
              "title": "Check saving post in (SAVED) page in user profile after click on (Undo) in unsave message",
              "fullTitle": "Test some actions on post Check saving post in (SAVED) page in user profile after click on (Undo) in unsave message",
              "timedOut": null,
              "duration": 13876,
              "state": "failed",
              "speed": null,
              "pass": false,
              "fail": true,
              "pending": false,
              "context": null,
              "code": "const postAct = new _postActionObjects.default();\npostAct.firstPostActionsList();\npostAct.savePost(); //NOTE: wait some time until the message of saving post diappeare\ncy.wait(8000);\npostAct.firstPostActionsList();\npostAct.unsavePost();\npostAct.unsaveUndoByMsg();\npostAct.getFirstPostTitle().then(title => {\n  postAct.showSettingsSubmenu();\n  postAct.goUserProfile();\n  userProfile.saved();\n  userProfile.findPost(title);\n});",
              "err": {
                "message": "AssertionError: Timed out retrying after 4000ms: Expected to find element: `._2iuoyPiKHN3kfOoeIQalDT _3zbhtNO0bdck0oYbYRhjMC HNozj_dKjQZ59ZsfEegz8`, but never found it.",
                "estack": "AssertionError: Timed out retrying after 4000ms: Expected to find element: `._2iuoyPiKHN3kfOoeIQalDT _3zbhtNO0bdck0oYbYRhjMC HNozj_dKjQZ59ZsfEegz8`, but never found it.\n    at postActionObjects.unsaveUndoByMsg (webpack:///./cypress/e2e/SWE_PROJECT/PageObjects/CreatePostObjects/postActionObjects.js:55:11)\n    at Context.eval (webpack:///./cypress/e2e/SWE_PROJECT/PostActions/postAction.cy.js:120:12)",
                "diff": null
              },
              "uuid": "f3f100cb-7b7e-446c-8159-ef6d63f2a45d",
              "parentUUID": "c4c306d1-3e2b-4192-80cb-86990ad117dc",
              "isHook": false,
              "skipped": false
            },
            {
              "title": "Check hiding arbitrary post in (HIDDEN) page in user profile",
              "fullTitle": "Test some actions on post Check hiding arbitrary post in (HIDDEN) page in user profile",
              "timedOut": null,
              "duration": 5145,
              "state": "failed",
              "speed": null,
              "pass": false,
              "fail": true,
              "pending": false,
              "context": null,
              "code": "const postAct = new _postActionObjects.default();\nconst userProfile = new _userProfileObject.default();\npostAct.firstPostActionsList();\npostAct.hidePost();\npostAct.getFirstPostTitle().then(title => {\n  postAct.showSettingsSubmenu();\n  postAct.goUserProfile();\n  userProfile.hidden();\n  userProfile.findPost(title);\n}); //check : Disappearance for the arbitrary hidden post\n//hide a post go to HIDDEN in your profile and chrck if it is hide or not\n//?Later:how to check for the post that i hide right now not another post?",
              "err": {
                "message": "AssertionError: Timed out retrying after 4000ms: Expected to find content: 'Hello World' but never did.",
                "estack": "AssertionError: Timed out retrying after 4000ms: Expected to find content: 'Hello World' but never did.\n    at userProfileObject.findPost (webpack:///./cypress/e2e/SWE_PROJECT/PageObjects/UserProfileObjects/userProfileObject.js:284:11)\n    at Context.eval (webpack:///./cypress/e2e/SWE_PROJECT/PostActions/postAction.cy.js:151:18)",
                "diff": null
              },
              "uuid": "d0e9248a-b88a-4739-bec3-617d1e1bc2f6",
              "parentUUID": "c4c306d1-3e2b-4192-80cb-86990ad117dc",
              "isHook": false,
              "skipped": false
            },
            {
              "title": "Appearance of hiding post message and its syntax",
              "fullTitle": "Test some actions on post Appearance of hiding post message and its syntax",
              "timedOut": null,
              "duration": 4849,
              "state": "failed",
              "speed": null,
              "pass": false,
              "fail": true,
              "pending": false,
              "context": null,
              "code": "const postAct = new _postActionObjects.default();\npostAct.firstPostActionsList();\npostAct.hidePost();\npostAct.hideMsgSyntax();",
              "err": {
                "message": "AssertionError: Timed out retrying after 4000ms: Expected to find element: `_7JH6kQpO-bx66b9ajIZrz `, but never found it.",
                "estack": "AssertionError: Timed out retrying after 4000ms: Expected to find element: `_7JH6kQpO-bx66b9ajIZrz `, but never found it.\n    at postActionObjects.hideMsgSyntax (webpack:///./cypress/e2e/SWE_PROJECT/PageObjects/CreatePostObjects/postActionObjects.js:79:13)\n    at Context.eval (webpack:///./cypress/e2e/SWE_PROJECT/PostActions/postAction.cy.js:162:12)",
                "diff": null
              },
              "uuid": "c4b40d30-6b8f-4af4-88da-7b134ed8ca28",
              "parentUUID": "c4c306d1-3e2b-4192-80cb-86990ad117dc",
              "isHook": false,
              "skipped": false
            },
            {
              "title": "Check message after clicking on (Undo) in hiding post message ",
              "fullTitle": "Test some actions on post Check message after clicking on (Undo) in hiding post message ",
              "timedOut": null,
              "duration": 737,
              "state": "failed",
              "speed": null,
              "pass": false,
              "fail": true,
              "pending": false,
              "context": null,
              "code": "const postAct = new _postActionObjects.default();\npostAct.firstPostActionsList();\npostAct.hidePost();\npostAct.hideUndoByMsg();\npostAct.unhideMsgDisappearance(); //NOTE: unlike undo of save and save , there is no message appeare after pree undo in hidden msg",
              "err": {
                "message": "TypeError: postAct.hideUndoByMsg is not a function",
                "estack": "TypeError: postAct.hideUndoByMsg is not a function\n    at Context.eval (webpack:///./cypress/e2e/SWE_PROJECT/PostActions/postAction.cy.js:169:12)",
                "diff": null
              },
              "uuid": "8ab3506f-1998-4e4e-a283-a405eeaede9c",
              "parentUUID": "c4c306d1-3e2b-4192-80cb-86990ad117dc",
              "isHook": false,
              "skipped": false
            },
            {
              "title": "Disappearance of a hidden home post in home page",
              "fullTitle": "Test some actions on post Disappearance of a hidden home post in home page",
              "timedOut": null,
              "duration": 4818,
              "state": "failed",
              "speed": null,
              "pass": false,
              "fail": true,
              "pending": false,
              "context": null,
              "code": "const postAct = new _postActionObjects.default();\npostAct.getFirstPostTitle().then(title => {\n  postAct.firstPostActionsList();\n  postAct.hidePost();\n  postAct.disappHiddenfPost(title);\n});",
              "err": {
                "message": "AssertionError: Timed out retrying after 4000ms: Expected not to find content: 'Hello World' but continuously found it.",
                "estack": "AssertionError: Timed out retrying after 4000ms: Expected not to find content: 'Hello World' but continuously found it.\n    at postActionObjects.disappHiddenfPost (webpack:///./cypress/e2e/SWE_PROJECT/PageObjects/CreatePostObjects/postActionObjects.js:85:13)\n    at Context.eval (webpack:///./cypress/e2e/SWE_PROJECT/PostActions/postAction.cy.js:180:14)",
                "diff": null
              },
              "uuid": "d5882353-8579-4974-b384-2fb5fbd0c630",
              "parentUUID": "c4c306d1-3e2b-4192-80cb-86990ad117dc",
              "isHook": false,
              "skipped": false
            },
            {
              "title": "Disappearance of (Unhide) option in the hiddden home post",
              "fullTitle": "Test some actions on post Disappearance of (Unhide) option in the hiddden home post",
              "timedOut": null,
              "duration": 699,
              "state": "passed",
              "speed": "fast",
              "pass": true,
              "fail": false,
              "pending": false,
              "context": null,
              "code": "const postAct = new _postActionObjects.default();\npostAct.firstPostActionsList();\npostAct.hidePost();\npostAct.unhidePostDisappearance(); //you can not unhide any post from its option, it is just done from (HIDDEN) page in the user page",
              "err": {},
              "uuid": "afa34e65-eafb-445c-b112-aa14b2904edd",
              "parentUUID": "c4c306d1-3e2b-4192-80cb-86990ad117dc",
              "isHook": false,
              "skipped": false
            },
            {
              "title": "Disappearance of edit option of a post that dose not belong to the user",
              "fullTitle": "Test some actions on post Disappearance of edit option of a post that dose not belong to the user",
              "timedOut": null,
              "duration": 390,
              "state": "passed",
              "speed": "fast",
              "pass": true,
              "fail": false,
              "pending": false,
              "context": null,
              "code": "const postAct = new _postActionObjects.default();\npostAct.firstPostActionsList();\npostAct.editPostDisappearance(); //?:check the ability to edit a post which is not mine (even if i share it in my profile <= m.s )",
              "err": {},
              "uuid": "e4ae8543-b1cf-4327-b212-f6c97eb94a50",
              "parentUUID": "c4c306d1-3e2b-4192-80cb-86990ad117dc",
              "isHook": false,
              "skipped": false
            },
            {
              "title": "Check numbers of votes after upvote",
              "fullTitle": "Test some actions on post Check numbers of votes after upvote",
              "timedOut": null,
              "duration": 596,
              "state": "passed",
              "speed": "fast",
              "pass": true,
              "fail": false,
              "pending": false,
              "context": null,
              "code": "const postAct = new _postActionObjects.default(); //?later: how to check thousand vote numbers?\npostAct.votesNum().then(num_str => {\n  let num = parseInt(num_str);\n  postAct.upvotePost();\n  num = num + 1;\n  let string = `${num}`;\n  postAct.checkVotesNum(string);\n});",
              "err": {},
              "uuid": "5d4d3a1d-628c-46a0-839f-b19f32c49c84",
              "parentUUID": "c4c306d1-3e2b-4192-80cb-86990ad117dc",
              "isHook": false,
              "skipped": false
            },
            {
              "title": "Downvoting after upvoting the same post",
              "fullTitle": "Test some actions on post Downvoting after upvoting the same post",
              "timedOut": null,
              "duration": 628,
              "state": "passed",
              "speed": "fast",
              "pass": true,
              "fail": false,
              "pending": false,
              "context": null,
              "code": "const postAct = new _postActionObjects.default();\npostAct.votesNum().then(num_str => {\n  let num = parseInt(num_str);\n  postAct.upvotePost();\n  postAct.downvotePost();\n  num = num - 1;\n  let string = `${num}`;\n  postAct.checkVotesNum(string);\n});",
              "err": {},
              "uuid": "976413f4-5266-43ee-9af5-c2f6a43443ca",
              "parentUUID": "c4c306d1-3e2b-4192-80cb-86990ad117dc",
              "isHook": false,
              "skipped": false
            },
            {
              "title": "Upvoting after downvoting the same post",
              "fullTitle": "Test some actions on post Upvoting after downvoting the same post",
              "timedOut": null,
              "duration": 487,
              "state": "passed",
              "speed": "fast",
              "pass": true,
              "fail": false,
              "pending": false,
              "context": null,
              "code": "const postAct = new _postActionObjects.default();\npostAct.votesNum().then(num_str => {\n  let num = parseInt(num_str);\n  postAct.downvotePost();\n  postAct.upvotePost();\n  num = num + 1;\n  let string = `${num}`;\n  postAct.checkVotesNum(string);\n});",
              "err": {},
              "uuid": "e753c2c9-ea36-4f91-b9bb-baeb3bacabbd",
              "parentUUID": "c4c306d1-3e2b-4192-80cb-86990ad117dc",
              "isHook": false,
              "skipped": false
            },
            {
              "title": "Cancel upvoting by clicking on upvote button even numbers of time",
              "fullTitle": "Test some actions on post Cancel upvoting by clicking on upvote button even numbers of time",
              "timedOut": null,
              "duration": 524,
              "state": "passed",
              "speed": "fast",
              "pass": true,
              "fail": false,
              "pending": false,
              "context": null,
              "code": "const postAct = new _postActionObjects.default();\npostAct.votesNum().then(num_str => {\n  postAct.upvotePost();\n  postAct.upvotePost();\n  postAct.checkVotesNum(num_str); //same old number num_str not num_str+2\n});",
              "err": {},
              "uuid": "ed2fa16e-9908-4297-a45b-548c188d66c8",
              "parentUUID": "c4c306d1-3e2b-4192-80cb-86990ad117dc",
              "isHook": false,
              "skipped": false
            },
            {
              "title": "Click on upvote button odd numbers of time",
              "fullTitle": "Test some actions on post Click on upvote button odd numbers of time",
              "timedOut": null,
              "duration": 613,
              "state": "passed",
              "speed": "fast",
              "pass": true,
              "fail": false,
              "pending": false,
              "context": null,
              "code": "const postAct = new _postActionObjects.default();\npostAct.votesNum().then(num_str => {\n  let num = parseInt(num_str);\n  postAct.upvotePost();\n  postAct.upvotePost();\n  postAct.upvotePost();\n  num = num + 1;\n  let string = `${num}`;\n  postAct.checkVotesNum(string); //num_str+1 not num_str+3\n}); //it should be counted as one upvote",
              "err": {},
              "uuid": "008fe84b-ce9a-42b2-8bfd-b21a64d748c9",
              "parentUUID": "c4c306d1-3e2b-4192-80cb-86990ad117dc",
              "isHook": false,
              "skipped": false
            },
            {
              "title": "Click on downvote button odd numbers of time",
              "fullTitle": "Test some actions on post Click on downvote button odd numbers of time",
              "timedOut": null,
              "duration": 809,
              "state": "passed",
              "speed": "fast",
              "pass": true,
              "fail": false,
              "pending": false,
              "context": null,
              "code": "const postAct = new _postActionObjects.default();\npostAct.votesNum().then(num_str => {\n  let num = parseInt(num_str);\n  postAct.downvotePost();\n  postAct.downvotePost();\n  postAct.downvotePost();\n  num = num - 1;\n  let string = `${num}`;\n  postAct.checkVotesNum(string); //num_str-1 not num_str-3\n});",
              "err": {},
              "uuid": "b37537df-8f99-4d73-bb9a-d6c8bea590c1",
              "parentUUID": "c4c306d1-3e2b-4192-80cb-86990ad117dc",
              "isHook": false,
              "skipped": false
            },
            {
              "title": "Cancel downvoting by clicking on downvote button even numbers of time",
              "fullTitle": "Test some actions on post Cancel downvoting by clicking on downvote button even numbers of time",
              "timedOut": null,
              "duration": 656,
              "state": "passed",
              "speed": "fast",
              "pass": true,
              "fail": false,
              "pending": false,
              "context": null,
              "code": "const postAct = new _postActionObjects.default();\npostAct.votesNum().then(num_str => {\n  postAct.downvotePost();\n  postAct.downvotePost();\n  postAct.checkVotesNum(num_str); //same old number num_str not num_str-2\n});",
              "err": {},
              "uuid": "942b2ecc-1995-4558-8e7d-34a8508e76ca",
              "parentUUID": "c4c306d1-3e2b-4192-80cb-86990ad117dc",
              "isHook": false,
              "skipped": false
            },
            {
              "title": "Check upvoted post in UPVOTE page in user profile",
              "fullTitle": "Test some actions on post Check upvoted post in UPVOTE page in user profile",
              "timedOut": null,
              "duration": 4961,
              "state": "failed",
              "speed": null,
              "pass": false,
              "fail": true,
              "pending": false,
              "context": null,
              "code": "const postAct = new _postActionObjects.default();\nconst userProfile = new _userProfileObject.default();\npostAct.upvotePost();\npostAct.getFirstPostTitle().then(title => {\n  postAct.showSettingsSubmenu();\n  postAct.goUserProfile();\n  userProfile.upvoted();\n  userProfile.findPost(title);\n});",
              "err": {
                "message": "AssertionError: Timed out retrying after 4000ms: Expected to find content: 'Hello World' but never did.",
                "estack": "AssertionError: Timed out retrying after 4000ms: Expected to find content: 'Hello World' but never did.\n    at userProfileObject.findPost (webpack:///./cypress/e2e/SWE_PROJECT/PageObjects/UserProfileObjects/userProfileObject.js:284:11)\n    at Context.eval (webpack:///./cypress/e2e/SWE_PROJECT/PostActions/postAction.cy.js:317:18)",
                "diff": null
              },
              "uuid": "fb395465-2bb9-43ed-a25a-cc10ccb34d33",
              "parentUUID": "c4c306d1-3e2b-4192-80cb-86990ad117dc",
              "isHook": false,
              "skipped": false
            },
            {
              "title": "Check downvoted post in DOWNVOTE page in user profile",
              "fullTitle": "Test some actions on post Check downvoted post in DOWNVOTE page in user profile",
              "timedOut": null,
              "duration": 4989,
              "state": "failed",
              "speed": null,
              "pass": false,
              "fail": true,
              "pending": false,
              "context": null,
              "code": "const postAct = new _postActionObjects.default();\nconst userProfile = new _userProfileObject.default();\npostAct.downvotePost();\npostAct.getFirstPostTitle().then(title => {\n  postAct.showSettingsSubmenu();\n  postAct.goUserProfile();\n  userProfile.downvoted();\n  userProfile.findPost(title);\n});",
              "err": {
                "message": "AssertionError: Timed out retrying after 4000ms: Expected to find element: `#viewed-profile-link-Down voted`, but never found it.",
                "estack": "AssertionError: Timed out retrying after 4000ms: Expected to find element: `#viewed-profile-link-Down voted`, but never found it.\n    at userProfileObject.downvoted (webpack:///./cypress/e2e/SWE_PROJECT/PageObjects/UserProfileObjects/userProfileObject.js:52:11)\n    at Context.eval (webpack:///./cypress/e2e/SWE_PROJECT/PostActions/postAction.cy.js:328:18)",
                "diff": null
              },
              "uuid": "cbaf5179-89bd-4f9c-969c-8a5c673f8216",
              "parentUUID": "c4c306d1-3e2b-4192-80cb-86990ad117dc",
              "isHook": false,
              "skipped": false
            },
            {
              "title": "Disappearance of delete option of a post that dose not belong to the user",
              "fullTitle": "Test some actions on post Disappearance of delete option of a post that dose not belong to the user",
              "timedOut": null,
              "duration": 633,
              "state": "passed",
              "speed": "fast",
              "pass": true,
              "fail": false,
              "pending": false,
              "context": null,
              "code": "const postAct = new _postActionObjects.default();\npostAct.firstPostActionsList();\npostAct.deleteDisappearance();",
              "err": {},
              "uuid": "17237059-712b-41d3-afd4-452b2d97e1ee",
              "parentUUID": "c4c306d1-3e2b-4192-80cb-86990ad117dc",
              "isHook": false,
              "skipped": false
            },
            {
              "title": "Exsitance of any post",
              "fullTitle": "Test some actions on post Exsitance of any post",
              "timedOut": null,
              "duration": 387,
              "state": "passed",
              "speed": "fast",
              "pass": true,
              "fail": false,
              "pending": false,
              "context": null,
              "code": "const postAct = new _postActionObjects.default();\npostAct.getFirstPostTitle();",
              "err": {},
              "uuid": "d4466739-d016-4aa7-9ec4-d1f1422e2789",
              "parentUUID": "c4c306d1-3e2b-4192-80cb-86990ad117dc",
              "isHook": false,
              "skipped": false
            },
            {
              "title": "check if (Comments)button will go to the comments page of the post",
              "fullTitle": "Test some actions on post check if (Comments)button will go to the comments page of the post",
              "timedOut": null,
              "duration": 734,
              "state": "passed",
              "speed": "fast",
              "pass": true,
              "fail": false,
              "pending": false,
              "context": null,
              "code": "const postAct = new _postActionObjects.default();\npostAct.comments();\npostAct.checkCommmentPage();",
              "err": {},
              "uuid": "5a246794-9cbb-4b99-83ca-439a057b02fc",
              "parentUUID": "c4c306d1-3e2b-4192-80cb-86990ad117dc",
              "isHook": false,
              "skipped": false
            }
          ],
          "suites": [],
          "passes": [
            "912f9dae-1983-4114-bfb6-a6cacf2dfade",
            "afa34e65-eafb-445c-b112-aa14b2904edd",
            "e4ae8543-b1cf-4327-b212-f6c97eb94a50",
            "5d4d3a1d-628c-46a0-839f-b19f32c49c84",
            "976413f4-5266-43ee-9af5-c2f6a43443ca",
            "e753c2c9-ea36-4f91-b9bb-baeb3bacabbd",
            "ed2fa16e-9908-4297-a45b-548c188d66c8",
            "008fe84b-ce9a-42b2-8bfd-b21a64d748c9",
            "b37537df-8f99-4d73-bb9a-d6c8bea590c1",
            "942b2ecc-1995-4558-8e7d-34a8508e76ca",
            "17237059-712b-41d3-afd4-452b2d97e1ee",
            "d4466739-d016-4aa7-9ec4-d1f1422e2789",
            "5a246794-9cbb-4b99-83ca-439a057b02fc"
          ],
          "failures": [
            "f3fc9ab2-ee46-46c1-89a7-183524679b8c",
            "55a759b6-0989-4e63-bfc5-ca502bdac799",
            "e0e1c5b7-8892-40f1-aa84-aef59cd1b7a3",
            "bfd1de4d-03cb-40bc-9b54-1a6dbc985605",
            "90b5c586-7b32-4170-a862-8c3348d25a86",
            "55b0be45-8f3f-4587-8f53-73658e3c17c7",
            "f3f100cb-7b7e-446c-8159-ef6d63f2a45d",
            "d0e9248a-b88a-4739-bec3-617d1e1bc2f6",
            "c4b40d30-6b8f-4af4-88da-7b134ed8ca28",
            "8ab3506f-1998-4e4e-a283-a405eeaede9c",
            "d5882353-8579-4974-b384-2fb5fbd0c630",
            "fb395465-2bb9-43ed-a25a-cc10ccb34d33",
            "cbaf5179-89bd-4f9c-969c-8a5c673f8216"
          ],
          "pending": [],
          "skipped": [],
          "duration": 103931,
          "root": false,
          "rootEmpty": false,
          "_timeout": 2000
        }
      ],
      "passes": [],
      "failures": [],
      "pending": [],
      "skipped": [],
      "duration": 0,
      "root": true,
      "rootEmpty": true,
      "_timeout": 2000
    }
  ],
  "meta": {
    "mocha": {
      "version": "7.0.1"
    },
    "mochawesome": {
      "options": {
        "quiet": false,
        "reportFilename": "mochawesome",
        "saveHtml": false,
        "saveJson": true,
        "consoleReporter": "spec",
        "useInlineDiffs": false,
        "code": true
      },
      "version": "7.1.3"
    },
    "marge": {
      "options": {
        "charts": true,
        "overwrite": false,
        "html": false,
        "json": true,
        "reportDir": "cypress/report/mochawesome-report"
      },
      "version": "6.2.0"
    }
  }
}