{
  "stats": {
    "suites": 1,
    "tests": 7,
    "passes": 0,
    "pending": 0,
    "failures": 7,
    "start": "2022-11-12T21:14:46.365Z",
    "end": "2022-11-12T21:14:51.110Z",
    "duration": 4745,
    "testsRegistered": 7,
    "passPercent": 0,
    "pendingPercent": 0,
    "other": 0,
    "hasOther": false,
    "skipped": 0,
    "hasSkipped": false
  },
  "results": [
    {
      "uuid": "6f09dd09-0c89-4939-ba80-a5d8c9dc0ea1",
      "title": "",
      "fullFile": "cypress/e2e/SWE_PROJECT/SettingsActions/ChatAndMessagingActions.cy.js",
      "file": "cypress/e2e/SWE_PROJECT/SettingsActions/ChatAndMessagingActions.cy.js",
      "beforeHooks": [],
      "afterHooks": [],
      "tests": [],
      "suites": [
        {
          "uuid": "a55035fe-c839-4e8f-9201-30fb14e1cd0c",
          "title": "Chat And Messaging Tab Tests",
          "fullFile": "",
          "file": "",
          "beforeHooks": [],
          "afterHooks": [],
          "tests": [
            {
              "title": "Who can send you chat requests",
              "fullTitle": "Chat And Messaging Tab Tests Who can send you chat requests",
              "timedOut": null,
              "duration": 682,
              "state": "failed",
              "speed": null,
              "pass": false,
              "fail": true,
              "pending": false,
              "context": null,
              "code": "const ChatAndMessaging = new _ChatAndMessagingObjects.default();\nChatAndMessaging.navigate();\nChatAndMessaging.WhoCanSendYouChatRequests();\nChatAndMessaging.AccountsOlderThan30DaysChatRequests();\nChatAndMessaging.EveryOneChatRequests();\nChatAndMessaging.NoBodyChatRequests();",
              "err": {
                "message": "CypressError: `cy.visit()` failed trying to load:\n\nhttp://localhost/settings/messaging\n\nWe attempted to make an http request to this URL but the request failed without a response.\n\nWe received this error at the network level:\n\n  > Error: connect ECONNREFUSED 127.0.0.1:80\n\nCommon situations why this would fail:\n  - you don't have internet access\n  - you forgot to run / boot your web server\n  - your web server isn't accessible\n  - you have weird network configuration settings on your computer",
                "estack": "CypressError: `cy.visit()` failed trying to load:\n\nhttp://localhost/settings/messaging\n\nWe attempted to make an http request to this URL but the request failed without a response.\n\nWe received this error at the network level:\n\n  > Error: connect ECONNREFUSED 127.0.0.1:80\n\nCommon situations why this would fail:\n  - you don't have internet access\n  - you forgot to run / boot your web server\n  - your web server isn't accessible\n  - you have weird network configuration settings on your computer\n    at <unknown> (http://localhost:44893/__cypress/runner/cypress_runner.js:142341:82)\n    at visitFailedByErr (http://localhost:44893/__cypress/runner/cypress_runner.js:141629:12)\n    at <unknown> (http://localhost:44893/__cypress/runner/cypress_runner.js:142340:11)\n    at tryCatcher (http://localhost:44893/__cypress/runner/cypress_runner.js:11318:23)\n    at Promise._settlePromiseFromHandler (http://localhost:44893/__cypress/runner/cypress_runner.js:9253:31)\n    at Promise._settlePromise (http://localhost:44893/__cypress/runner/cypress_runner.js:9310:18)\n    at Promise._settlePromise0 (http://localhost:44893/__cypress/runner/cypress_runner.js:9355:10)\n    at Promise._settlePromises (http://localhost:44893/__cypress/runner/cypress_runner.js:9431:18)\n    at _drainQueueStep (http://localhost:44893/__cypress/runner/cypress_runner.js:6025:12)\n    at _drainQueue (http://localhost:44893/__cypress/runner/cypress_runner.js:6018:9)\n    at ../../node_modules/bluebird/js/release/async.js.Async._drainQueues (http://localhost:44893/__cypress/runner/cypress_runner.js:6034:5)\n    at Async.drainQueues (http://localhost:44893/__cypress/runner/cypress_runner.js:5904:14)\nFrom Your Spec Code:\n    at ChatAndMessagingObjects.navigate (webpack:///./cypress/e2e/SWE_PROJECT/PageObjects/SettingsObjects/ChatAndMessagingObjects.cy.js:4:11)\n    at Context.eval (webpack:///./cypress/e2e/SWE_PROJECT/SettingsActions/ChatAndMessagingActions.cy.js:14:25)\n\nFrom Node.js Internals:\n  Error: connect ECONNREFUSED 127.0.0.1:80\n      at TCPConnectWrap.afterConnect [as oncomplete] (node:net:1187:16)",
                "diff": null
              },
              "uuid": "b3a97284-c336-4952-aece-4bf00bf2d418",
              "parentUUID": "a55035fe-c839-4e8f-9201-30fb14e1cd0c",
              "isHook": false,
              "skipped": false
            },
            {
              "title": "Who can send you private messages",
              "fullTitle": "Chat And Messaging Tab Tests Who can send you private messages",
              "timedOut": null,
              "duration": 665,
              "state": "failed",
              "speed": null,
              "pass": false,
              "fail": true,
              "pending": false,
              "context": null,
              "code": "const ChatAndMessaging = new _ChatAndMessagingObjects.default();\nChatAndMessaging.navigate();\nChatAndMessaging.WhoCanSendYouPrivateMessages();\nChatAndMessaging.EveryOnePrivateMessages();\nChatAndMessaging.NoBodyPrivateMessages();",
              "err": {
                "message": "CypressError: `cy.visit()` failed trying to load:\n\nhttp://localhost/settings/messaging\n\nWe attempted to make an http request to this URL but the request failed without a response.\n\nWe received this error at the network level:\n\n  > Error: connect ECONNREFUSED 127.0.0.1:80\n\nCommon situations why this would fail:\n  - you don't have internet access\n  - you forgot to run / boot your web server\n  - your web server isn't accessible\n  - you have weird network configuration settings on your computer",
                "estack": "CypressError: `cy.visit()` failed trying to load:\n\nhttp://localhost/settings/messaging\n\nWe attempted to make an http request to this URL but the request failed without a response.\n\nWe received this error at the network level:\n\n  > Error: connect ECONNREFUSED 127.0.0.1:80\n\nCommon situations why this would fail:\n  - you don't have internet access\n  - you forgot to run / boot your web server\n  - your web server isn't accessible\n  - you have weird network configuration settings on your computer\n    at <unknown> (http://localhost:44893/__cypress/runner/cypress_runner.js:142341:82)\n    at visitFailedByErr (http://localhost:44893/__cypress/runner/cypress_runner.js:141629:12)\n    at <unknown> (http://localhost:44893/__cypress/runner/cypress_runner.js:142340:11)\n    at tryCatcher (http://localhost:44893/__cypress/runner/cypress_runner.js:11318:23)\n    at Promise._settlePromiseFromHandler (http://localhost:44893/__cypress/runner/cypress_runner.js:9253:31)\n    at Promise._settlePromise (http://localhost:44893/__cypress/runner/cypress_runner.js:9310:18)\n    at Promise._settlePromise0 (http://localhost:44893/__cypress/runner/cypress_runner.js:9355:10)\n    at Promise._settlePromises (http://localhost:44893/__cypress/runner/cypress_runner.js:9431:18)\n    at _drainQueueStep (http://localhost:44893/__cypress/runner/cypress_runner.js:6025:12)\n    at _drainQueue (http://localhost:44893/__cypress/runner/cypress_runner.js:6018:9)\n    at ../../node_modules/bluebird/js/release/async.js.Async._drainQueues (http://localhost:44893/__cypress/runner/cypress_runner.js:6034:5)\n    at Async.drainQueues (http://localhost:44893/__cypress/runner/cypress_runner.js:5904:14)\nFrom Your Spec Code:\n    at ChatAndMessagingObjects.navigate (webpack:///./cypress/e2e/SWE_PROJECT/PageObjects/SettingsObjects/ChatAndMessagingObjects.cy.js:4:11)\n    at Context.eval (webpack:///./cypress/e2e/SWE_PROJECT/SettingsActions/ChatAndMessagingActions.cy.js:28:25)\n\nFrom Node.js Internals:\n  Error: connect ECONNREFUSED 127.0.0.1:80\n      at TCPConnectWrap.afterConnect [as oncomplete] (node:net:1187:16)",
                "diff": null
              },
              "uuid": "744a1e30-32a8-4a47-a296-a129201bd9c3",
              "parentUUID": "a55035fe-c839-4e8f-9201-30fb14e1cd0c",
              "isHook": false,
              "skipped": false
            },
            {
              "title": "Who can send you private messages opened, THEN click on Who can send you chat requests",
              "fullTitle": "Chat And Messaging Tab Tests Who can send you private messages opened, THEN click on Who can send you chat requests",
              "timedOut": null,
              "duration": 657,
              "state": "failed",
              "speed": null,
              "pass": false,
              "fail": true,
              "pending": false,
              "context": null,
              "code": "const ChatAndMessaging = new _ChatAndMessagingObjects.default();\nChatAndMessaging.navigate();\nChatAndMessaging.WhoCanSendYouPrivateMessages();\nChatAndMessaging.WhoCanSendYouChatRequests();\nChatAndMessaging.InvisbleWhoCanSendYouPrivateMessages();",
              "err": {
                "message": "CypressError: `cy.visit()` failed trying to load:\n\nhttp://localhost/settings/messaging\n\nWe attempted to make an http request to this URL but the request failed without a response.\n\nWe received this error at the network level:\n\n  > Error: connect ECONNREFUSED 127.0.0.1:80\n\nCommon situations why this would fail:\n  - you don't have internet access\n  - you forgot to run / boot your web server\n  - your web server isn't accessible\n  - you have weird network configuration settings on your computer",
                "estack": "CypressError: `cy.visit()` failed trying to load:\n\nhttp://localhost/settings/messaging\n\nWe attempted to make an http request to this URL but the request failed without a response.\n\nWe received this error at the network level:\n\n  > Error: connect ECONNREFUSED 127.0.0.1:80\n\nCommon situations why this would fail:\n  - you don't have internet access\n  - you forgot to run / boot your web server\n  - your web server isn't accessible\n  - you have weird network configuration settings on your computer\n    at <unknown> (http://localhost:44893/__cypress/runner/cypress_runner.js:142341:82)\n    at visitFailedByErr (http://localhost:44893/__cypress/runner/cypress_runner.js:141629:12)\n    at <unknown> (http://localhost:44893/__cypress/runner/cypress_runner.js:142340:11)\n    at tryCatcher (http://localhost:44893/__cypress/runner/cypress_runner.js:11318:23)\n    at Promise._settlePromiseFromHandler (http://localhost:44893/__cypress/runner/cypress_runner.js:9253:31)\n    at Promise._settlePromise (http://localhost:44893/__cypress/runner/cypress_runner.js:9310:18)\n    at Promise._settlePromise0 (http://localhost:44893/__cypress/runner/cypress_runner.js:9355:10)\n    at Promise._settlePromises (http://localhost:44893/__cypress/runner/cypress_runner.js:9431:18)\n    at _drainQueueStep (http://localhost:44893/__cypress/runner/cypress_runner.js:6025:12)\n    at _drainQueue (http://localhost:44893/__cypress/runner/cypress_runner.js:6018:9)\n    at ../../node_modules/bluebird/js/release/async.js.Async._drainQueues (http://localhost:44893/__cypress/runner/cypress_runner.js:6034:5)\n    at Async.drainQueues (http://localhost:44893/__cypress/runner/cypress_runner.js:5904:14)\nFrom Your Spec Code:\n    at ChatAndMessagingObjects.navigate (webpack:///./cypress/e2e/SWE_PROJECT/PageObjects/SettingsObjects/ChatAndMessagingObjects.cy.js:4:11)\n    at Context.eval (webpack:///./cypress/e2e/SWE_PROJECT/SettingsActions/ChatAndMessagingActions.cy.js:41:25)\n\nFrom Node.js Internals:\n  Error: connect ECONNREFUSED 127.0.0.1:80\n      at TCPConnectWrap.afterConnect [as oncomplete] (node:net:1187:16)",
                "diff": null
              },
              "uuid": "c463b11e-bdbf-4103-b0cf-bfbe29ac5961",
              "parentUUID": "a55035fe-c839-4e8f-9201-30fb14e1cd0c",
              "isHook": false,
              "skipped": false
            },
            {
              "title": "Who can send you chat requests opened, THEN Who can send you private messages",
              "fullTitle": "Chat And Messaging Tab Tests Who can send you chat requests opened, THEN Who can send you private messages",
              "timedOut": null,
              "duration": 642,
              "state": "failed",
              "speed": null,
              "pass": false,
              "fail": true,
              "pending": false,
              "context": null,
              "code": "const ChatAndMessaging = new _ChatAndMessagingObjects.default();\nChatAndMessaging.navigate(); //TODO: [class=title] ==>need to be changed later ==> Who can send you chat requests\nChatAndMessaging.WhoCanSendYouChatRequests();\nChatAndMessaging.WhoCanSendYouPrivateMessages();\nChatAndMessaging.InvisbleWhoCanSendYouChatRequests();",
              "err": {
                "message": "CypressError: `cy.visit()` failed trying to load:\n\nhttp://localhost/settings/messaging\n\nWe attempted to make an http request to this URL but the request failed without a response.\n\nWe received this error at the network level:\n\n  > Error: connect ECONNREFUSED 127.0.0.1:80\n\nCommon situations why this would fail:\n  - you don't have internet access\n  - you forgot to run / boot your web server\n  - your web server isn't accessible\n  - you have weird network configuration settings on your computer",
                "estack": "CypressError: `cy.visit()` failed trying to load:\n\nhttp://localhost/settings/messaging\n\nWe attempted to make an http request to this URL but the request failed without a response.\n\nWe received this error at the network level:\n\n  > Error: connect ECONNREFUSED 127.0.0.1:80\n\nCommon situations why this would fail:\n  - you don't have internet access\n  - you forgot to run / boot your web server\n  - your web server isn't accessible\n  - you have weird network configuration settings on your computer\n    at <unknown> (http://localhost:44893/__cypress/runner/cypress_runner.js:142341:82)\n    at visitFailedByErr (http://localhost:44893/__cypress/runner/cypress_runner.js:141629:12)\n    at <unknown> (http://localhost:44893/__cypress/runner/cypress_runner.js:142340:11)\n    at tryCatcher (http://localhost:44893/__cypress/runner/cypress_runner.js:11318:23)\n    at Promise._settlePromiseFromHandler (http://localhost:44893/__cypress/runner/cypress_runner.js:9253:31)\n    at Promise._settlePromise (http://localhost:44893/__cypress/runner/cypress_runner.js:9310:18)\n    at Promise._settlePromise0 (http://localhost:44893/__cypress/runner/cypress_runner.js:9355:10)\n    at Promise._settlePromises (http://localhost:44893/__cypress/runner/cypress_runner.js:9431:18)\n    at _drainQueueStep (http://localhost:44893/__cypress/runner/cypress_runner.js:6025:12)\n    at _drainQueue (http://localhost:44893/__cypress/runner/cypress_runner.js:6018:9)\n    at ../../node_modules/bluebird/js/release/async.js.Async._drainQueues (http://localhost:44893/__cypress/runner/cypress_runner.js:6034:5)\n    at Async.drainQueues (http://localhost:44893/__cypress/runner/cypress_runner.js:5904:14)\nFrom Your Spec Code:\n    at ChatAndMessagingObjects.navigate (webpack:///./cypress/e2e/SWE_PROJECT/PageObjects/SettingsObjects/ChatAndMessagingObjects.cy.js:4:11)\n    at Context.eval (webpack:///./cypress/e2e/SWE_PROJECT/SettingsActions/ChatAndMessagingActions.cy.js:54:25)\n\nFrom Node.js Internals:\n  Error: connect ECONNREFUSED 127.0.0.1:80\n      at TCPConnectWrap.afterConnect [as oncomplete] (node:net:1187:16)",
                "diff": null
              },
              "uuid": "53fc4f13-9733-42bd-9dbb-b45231066761",
              "parentUUID": "a55035fe-c839-4e8f-9201-30fb14e1cd0c",
              "isHook": false,
              "skipped": false
            },
            {
              "title": "choice nobody from Who can send you private messages,THEN open Who can send you chat requests and keep it open , THEN open Who can send you private messages",
              "fullTitle": "Chat And Messaging Tab Tests choice nobody from Who can send you private messages,THEN open Who can send you chat requests and keep it open , THEN open Who can send you private messages",
              "timedOut": null,
              "duration": 675,
              "state": "failed",
              "speed": null,
              "pass": false,
              "fail": true,
              "pending": false,
              "context": null,
              "code": "const ChatAndMessaging = new _ChatAndMessagingObjects.default();\nChatAndMessaging.navigate();\nChatAndMessaging.WhoCanSendYouPrivateMessages();\nChatAndMessaging.NoBodyPrivateMessages();\nChatAndMessaging.WhoCanSendYouChatRequests();\nChatAndMessaging.WhoCanSendYouPrivateMessages();",
              "err": {
                "message": "CypressError: `cy.visit()` failed trying to load:\n\nhttp://localhost/settings/messaging\n\nWe attempted to make an http request to this URL but the request failed without a response.\n\nWe received this error at the network level:\n\n  > Error: connect ECONNREFUSED 127.0.0.1:80\n\nCommon situations why this would fail:\n  - you don't have internet access\n  - you forgot to run / boot your web server\n  - your web server isn't accessible\n  - you have weird network configuration settings on your computer",
                "estack": "CypressError: `cy.visit()` failed trying to load:\n\nhttp://localhost/settings/messaging\n\nWe attempted to make an http request to this URL but the request failed without a response.\n\nWe received this error at the network level:\n\n  > Error: connect ECONNREFUSED 127.0.0.1:80\n\nCommon situations why this would fail:\n  - you don't have internet access\n  - you forgot to run / boot your web server\n  - your web server isn't accessible\n  - you have weird network configuration settings on your computer\n    at <unknown> (http://localhost:44893/__cypress/runner/cypress_runner.js:142341:82)\n    at visitFailedByErr (http://localhost:44893/__cypress/runner/cypress_runner.js:141629:12)\n    at <unknown> (http://localhost:44893/__cypress/runner/cypress_runner.js:142340:11)\n    at tryCatcher (http://localhost:44893/__cypress/runner/cypress_runner.js:11318:23)\n    at Promise._settlePromiseFromHandler (http://localhost:44893/__cypress/runner/cypress_runner.js:9253:31)\n    at Promise._settlePromise (http://localhost:44893/__cypress/runner/cypress_runner.js:9310:18)\n    at Promise._settlePromise0 (http://localhost:44893/__cypress/runner/cypress_runner.js:9355:10)\n    at Promise._settlePromises (http://localhost:44893/__cypress/runner/cypress_runner.js:9431:18)\n    at _drainQueueStep (http://localhost:44893/__cypress/runner/cypress_runner.js:6025:12)\n    at _drainQueue (http://localhost:44893/__cypress/runner/cypress_runner.js:6018:9)\n    at ../../node_modules/bluebird/js/release/async.js.Async._drainQueues (http://localhost:44893/__cypress/runner/cypress_runner.js:6034:5)\n    at Async.drainQueues (http://localhost:44893/__cypress/runner/cypress_runner.js:5904:14)\nFrom Your Spec Code:\n    at ChatAndMessagingObjects.navigate (webpack:///./cypress/e2e/SWE_PROJECT/PageObjects/SettingsObjects/ChatAndMessagingObjects.cy.js:4:11)\n    at Context.eval (webpack:///./cypress/e2e/SWE_PROJECT/SettingsActions/ChatAndMessagingActions.cy.js:69:25)\n\nFrom Node.js Internals:\n  Error: connect ECONNREFUSED 127.0.0.1:80\n      at TCPConnectWrap.afterConnect [as oncomplete] (node:net:1187:16)",
                "diff": null
              },
              "uuid": "a8606a17-1384-4af9-9c04-fd6e6e09a3a5",
              "parentUUID": "a55035fe-c839-4e8f-9201-30fb14e1cd0c",
              "isHook": false,
              "skipped": false
            },
            {
              "title": "Invite someone to chat",
              "fullTitle": "Chat And Messaging Tab Tests Invite someone to chat",
              "timedOut": null,
              "duration": 672,
              "state": "failed",
              "speed": null,
              "pass": false,
              "fail": true,
              "pending": false,
              "context": null,
              "code": "const ChatAndMessaging = new _ChatAndMessagingObjects.default();\nChatAndMessaging.navigate();\nChatAndMessaging.InviteSomeoneToChat();",
              "err": {
                "message": "CypressError: `cy.visit()` failed trying to load:\n\nhttp://localhost/settings/messaging\n\nWe attempted to make an http request to this URL but the request failed without a response.\n\nWe received this error at the network level:\n\n  > Error: connect ECONNREFUSED 127.0.0.1:80\n\nCommon situations why this would fail:\n  - you don't have internet access\n  - you forgot to run / boot your web server\n  - your web server isn't accessible\n  - you have weird network configuration settings on your computer",
                "estack": "CypressError: `cy.visit()` failed trying to load:\n\nhttp://localhost/settings/messaging\n\nWe attempted to make an http request to this URL but the request failed without a response.\n\nWe received this error at the network level:\n\n  > Error: connect ECONNREFUSED 127.0.0.1:80\n\nCommon situations why this would fail:\n  - you don't have internet access\n  - you forgot to run / boot your web server\n  - your web server isn't accessible\n  - you have weird network configuration settings on your computer\n    at <unknown> (http://localhost:44893/__cypress/runner/cypress_runner.js:142341:82)\n    at visitFailedByErr (http://localhost:44893/__cypress/runner/cypress_runner.js:141629:12)\n    at <unknown> (http://localhost:44893/__cypress/runner/cypress_runner.js:142340:11)\n    at tryCatcher (http://localhost:44893/__cypress/runner/cypress_runner.js:11318:23)\n    at Promise._settlePromiseFromHandler (http://localhost:44893/__cypress/runner/cypress_runner.js:9253:31)\n    at Promise._settlePromise (http://localhost:44893/__cypress/runner/cypress_runner.js:9310:18)\n    at Promise._settlePromise0 (http://localhost:44893/__cypress/runner/cypress_runner.js:9355:10)\n    at Promise._settlePromises (http://localhost:44893/__cypress/runner/cypress_runner.js:9431:18)\n    at _drainQueueStep (http://localhost:44893/__cypress/runner/cypress_runner.js:6025:12)\n    at _drainQueue (http://localhost:44893/__cypress/runner/cypress_runner.js:6018:9)\n    at ../../node_modules/bluebird/js/release/async.js.Async._drainQueues (http://localhost:44893/__cypress/runner/cypress_runner.js:6034:5)\n    at Async.drainQueues (http://localhost:44893/__cypress/runner/cypress_runner.js:5904:14)\nFrom Your Spec Code:\n    at ChatAndMessagingObjects.navigate (webpack:///./cypress/e2e/SWE_PROJECT/PageObjects/SettingsObjects/ChatAndMessagingObjects.cy.js:4:11)\n    at Context.eval (webpack:///./cypress/e2e/SWE_PROJECT/SettingsActions/ChatAndMessagingActions.cy.js:83:25)\n\nFrom Node.js Internals:\n  Error: connect ECONNREFUSED 127.0.0.1:80\n      at TCPConnectWrap.afterConnect [as oncomplete] (node:net:1187:16)",
                "diff": null
              },
              "uuid": "7df098ee-eed3-4eed-b5f2-5f6b2cff52db",
              "parentUUID": "a55035fe-c839-4e8f-9201-30fb14e1cd0c",
              "isHook": false,
              "skipped": false
            },
            {
              "title": "Mark all as read",
              "fullTitle": "Chat And Messaging Tab Tests Mark all as read",
              "timedOut": null,
              "duration": 639,
              "state": "failed",
              "speed": null,
              "pass": false,
              "fail": true,
              "pending": false,
              "context": null,
              "code": "const ChatAndMessaging = new _ChatAndMessagingObjects.default();\nChatAndMessaging.navigate();\nChatAndMessaging.MarkAllAsread();",
              "err": {
                "message": "CypressError: `cy.visit()` failed trying to load:\n\nhttp://localhost/settings/messaging\n\nWe attempted to make an http request to this URL but the request failed without a response.\n\nWe received this error at the network level:\n\n  > Error: connect ECONNREFUSED 127.0.0.1:80\n\nCommon situations why this would fail:\n  - you don't have internet access\n  - you forgot to run / boot your web server\n  - your web server isn't accessible\n  - you have weird network configuration settings on your computer",
                "estack": "CypressError: `cy.visit()` failed trying to load:\n\nhttp://localhost/settings/messaging\n\nWe attempted to make an http request to this URL but the request failed without a response.\n\nWe received this error at the network level:\n\n  > Error: connect ECONNREFUSED 127.0.0.1:80\n\nCommon situations why this would fail:\n  - you don't have internet access\n  - you forgot to run / boot your web server\n  - your web server isn't accessible\n  - you have weird network configuration settings on your computer\n    at <unknown> (http://localhost:44893/__cypress/runner/cypress_runner.js:142341:82)\n    at visitFailedByErr (http://localhost:44893/__cypress/runner/cypress_runner.js:141629:12)\n    at <unknown> (http://localhost:44893/__cypress/runner/cypress_runner.js:142340:11)\n    at tryCatcher (http://localhost:44893/__cypress/runner/cypress_runner.js:11318:23)\n    at Promise._settlePromiseFromHandler (http://localhost:44893/__cypress/runner/cypress_runner.js:9253:31)\n    at Promise._settlePromise (http://localhost:44893/__cypress/runner/cypress_runner.js:9310:18)\n    at Promise._settlePromise0 (http://localhost:44893/__cypress/runner/cypress_runner.js:9355:10)\n    at Promise._settlePromises (http://localhost:44893/__cypress/runner/cypress_runner.js:9431:18)\n    at _drainQueueStep (http://localhost:44893/__cypress/runner/cypress_runner.js:6025:12)\n    at _drainQueue (http://localhost:44893/__cypress/runner/cypress_runner.js:6018:9)\n    at ../../node_modules/bluebird/js/release/async.js.Async._drainQueues (http://localhost:44893/__cypress/runner/cypress_runner.js:6034:5)\n    at Async.drainQueues (http://localhost:44893/__cypress/runner/cypress_runner.js:5904:14)\nFrom Your Spec Code:\n    at ChatAndMessagingObjects.navigate (webpack:///./cypress/e2e/SWE_PROJECT/PageObjects/SettingsObjects/ChatAndMessagingObjects.cy.js:4:11)\n    at Context.eval (webpack:///./cypress/e2e/SWE_PROJECT/SettingsActions/ChatAndMessagingActions.cy.js:94:25)\n\nFrom Node.js Internals:\n  Error: connect ECONNREFUSED 127.0.0.1:80\n      at TCPConnectWrap.afterConnect [as oncomplete] (node:net:1187:16)",
                "diff": null
              },
              "uuid": "622fa4a3-9cce-47ca-b3a9-953363951597",
              "parentUUID": "a55035fe-c839-4e8f-9201-30fb14e1cd0c",
              "isHook": false,
              "skipped": false
            }
          ],
          "suites": [],
          "passes": [],
          "failures": [
            "b3a97284-c336-4952-aece-4bf00bf2d418",
            "744a1e30-32a8-4a47-a296-a129201bd9c3",
            "c463b11e-bdbf-4103-b0cf-bfbe29ac5961",
            "53fc4f13-9733-42bd-9dbb-b45231066761",
            "a8606a17-1384-4af9-9c04-fd6e6e09a3a5",
            "7df098ee-eed3-4eed-b5f2-5f6b2cff52db",
            "622fa4a3-9cce-47ca-b3a9-953363951597"
          ],
          "pending": [],
          "skipped": [],
          "duration": 4632,
          "root": false,
          "rootEmpty": false,
          "_timeout": 2000
        }
      ],
      "passes": [],
      "failures": [],
      "pending": [],
      "skipped": [],
      "duration": 0,
      "root": true,
      "rootEmpty": true,
      "_timeout": 2000
    }
  ],
  "meta": {
    "mocha": {
      "version": "7.0.1"
    },
    "mochawesome": {
      "options": {
        "quiet": false,
        "reportFilename": "mochawesome",
        "saveHtml": false,
        "saveJson": true,
        "consoleReporter": "spec",
        "useInlineDiffs": false,
        "code": true
      },
      "version": "7.1.3"
    },
    "marge": {
      "options": {
        "charts": true,
        "overwrite": false,
        "html": false,
        "json": true,
        "reportDir": "cypress/report/mochawesome-report"
      },
      "version": "6.2.0"
    }
  }
}