{
  "stats": {
    "suites": 1,
    "tests": 1,
    "passes": 0,
    "pending": 0,
    "failures": 1,
    "start": "2022-11-12T21:15:52.761Z",
    "end": "2022-11-12T21:16:02.962Z",
    "duration": 10201,
    "testsRegistered": 15,
    "passPercent": 0,
    "pendingPercent": 0,
    "other": 0,
    "hasOther": false,
    "skipped": 14,
    "hasSkipped": true
  },
  "results": [
    {
      "uuid": "559acda4-b55e-459f-b8a6-a39f9585831d",
      "title": "",
      "fullFile": "cypress/e2e/SWE_PROJECT/SignUpActions/sign_up_second_form.cy.js",
      "file": "cypress/e2e/SWE_PROJECT/SignUpActions/sign_up_second_form.cy.js",
      "beforeHooks": [],
      "afterHooks": [],
      "tests": [],
      "suites": [
        {
          "uuid": "ae07f3cc-b044-4e42-a367-487bdac2ae8e",
          "title": "Test Sign up second form",
          "fullFile": "",
          "file": "",
          "beforeHooks": [],
          "afterHooks": [],
          "tests": [
            {
              "title": "Back to first form",
              "fullTitle": "Test Sign up second form Back to first form",
              "timedOut": null,
              "duration": 10152,
              "state": "failed",
              "speed": null,
              "pass": false,
              "fail": true,
              "pending": false,
              "context": null,
              "code": "const signUp = new _signUpObjects.default();\nsignUp.backButton();\nsignUp.goFirstForm();",
              "err": {
                "message": "CypressError: Timed out after waiting `10000ms` for your remote page to load.\n\nYour page did not fire its `load` event within `10000ms`.\n\nYou can try increasing the `pageLoadTimeout` value in `cypress.config.js` to wait longer.\n\nBrowsers will not fire the `load` event until all stylesheets and scripts are done downloading.\n\nWhen this `load` event occurs, Cypress will continue running commands.\n\nBecause this error occurred during a `before each` hook we are skipping the remaining tests in the current suite: `Test Sign up second form`",
                "estack": "CypressError: Timed out after waiting `10000ms` for your remote page to load.\n\nYour page did not fire its `load` event within `10000ms`.\n\nYou can try increasing the `pageLoadTimeout` value in `cypress.config.js` to wait longer.\n\nBrowsers will not fire the `load` event until all stylesheets and scripts are done downloading.\n\nWhen this `load` event occurs, Cypress will continue running commands.\n\nBecause this error occurred during a `before each` hook we are skipping the remaining tests in the current suite: `Test Sign up second form`\n    at timedOutWaitingForPageLoad (http://localhost:44893/__cypress/runner/cypress_runner.js:141197:72)\n    at <unknown> (http://localhost:44893/__cypress/runner/cypress_runner.js:142384:16)\n    at tryCatcher (http://localhost:44893/__cypress/runner/cypress_runner.js:11318:23)\n    at <unknown> (http://localhost:44893/__cypress/runner/cypress_runner.js:6440:41)\n    at tryCatcher (http://localhost:44893/__cypress/runner/cypress_runner.js:11318:23)\n    at Promise._settlePromiseFromHandler (http://localhost:44893/__cypress/runner/cypress_runner.js:9253:31)\n    at Promise._settlePromise (http://localhost:44893/__cypress/runner/cypress_runner.js:9310:18)\n    at Promise._settlePromise0 (http://localhost:44893/__cypress/runner/cypress_runner.js:9355:10)\n    at Promise._settlePromises (http://localhost:44893/__cypress/runner/cypress_runner.js:9431:18)\n    at _drainQueueStep (http://localhost:44893/__cypress/runner/cypress_runner.js:6025:12)\n    at _drainQueue (http://localhost:44893/__cypress/runner/cypress_runner.js:6018:9)\n    at ../../node_modules/bluebird/js/release/async.js.Async._drainQueues (http://localhost:44893/__cypress/runner/cypress_runner.js:6034:5)\n    at Async.drainQueues (http://localhost:44893/__cypress/runner/cypress_runner.js:5904:14)\nFrom Your Spec Code:\n    at signUpObjects.navigate (webpack:///./cypress/e2e/SWE_PROJECT/PageObjects/SignUpObjects/signUpObjects.js:4:11)\n    at Context.eval (webpack:///./cypress/e2e/SWE_PROJECT/SignUpActions/sign_up_second_form.cy.js:10:11)",
                "diff": null
              },
              "uuid": "7d04c704-8b98-449a-a873-f439af1393d6",
              "parentUUID": "ae07f3cc-b044-4e42-a367-487bdac2ae8e",
              "isHook": false,
              "skipped": false
            },
            {
              "title": "Choose one of username suggestions",
              "fullTitle": "Test Sign up second form Choose one of username suggestions",
              "timedOut": null,
              "duration": 0,
              "state": "skipped",
              "speed": null,
              "pass": false,
              "fail": false,
              "pending": false,
              "context": null,
              "code": "const signUp = new _signUpObjects.default();\nsignUp.firstUsernameSugg();\nsignUp.checkUsername();",
              "err": {},
              "uuid": "288a59a0-9bb0-4ba7-b0ba-c2dcfff4830a",
              "parentUUID": "ae07f3cc-b044-4e42-a367-487bdac2ae8e",
              "isHook": false,
              "skipped": true
            },
            {
              "title": "Enter invalid username(with space)",
              "fullTitle": "Test Sign up second form Enter invalid username(with space)",
              "timedOut": null,
              "duration": 0,
              "state": "skipped",
              "speed": null,
              "pass": false,
              "fail": false,
              "pending": false,
              "context": null,
              "code": "const signUp = new _signUpObjects.default();\nsignUp.enterUserName('njkh  khj j jkh');\nsignUp.userNameErrMsg(\"Letters, numbers, dashes, and underscores only. Please try again without symbols.\");",
              "err": {},
              "uuid": "bd8b00fc-3d85-40be-b859-bbd6a2be3064",
              "parentUUID": "ae07f3cc-b044-4e42-a367-487bdac2ae8e",
              "isHook": false,
              "skipped": true
            },
            {
              "title": "Enter invalid username(with # for example)",
              "fullTitle": "Test Sign up second form Enter invalid username(with # for example)",
              "timedOut": null,
              "duration": 0,
              "state": "skipped",
              "speed": null,
              "pass": false,
              "fail": false,
              "pending": false,
              "context": null,
              "code": "const signUp = new _signUpObjects.default();\nsignUp.enterUserName('njkh#khjjjkh');\nsignUp.userNameErrMsg(\"Letters, numbers, dashes, and underscores only. Please try again without symbols.\");",
              "err": {},
              "uuid": "d6dd4a4c-c8fe-430c-9c60-76bb88458a04",
              "parentUUID": "ae07f3cc-b044-4e42-a367-487bdac2ae8e",
              "isHook": false,
              "skipped": true
            },
            {
              "title": "Enter valid username-start with numbers-",
              "fullTitle": "Test Sign up second form Enter valid username-start with numbers-",
              "timedOut": null,
              "duration": 0,
              "state": "skipped",
              "speed": null,
              "pass": false,
              "fail": false,
              "pending": false,
              "context": null,
              "code": "const signUp = new _signUpObjects.default();\nsignUp.enterUserName('1256ftyfjv');\nsignUp.noUserNameErrMsg();",
              "err": {},
              "uuid": "6700d5a3-ba80-46b7-bffa-bae386a804a5",
              "parentUUID": "ae07f3cc-b044-4e42-a367-487bdac2ae8e",
              "isHook": false,
              "skipped": true
            },
            {
              "title": "Enter an existed username",
              "fullTitle": "Test Sign up second form Enter an existed username",
              "timedOut": null,
              "duration": 0,
              "state": "skipped",
              "speed": null,
              "pass": false,
              "fail": false,
              "pending": false,
              "context": null,
              "code": "const signUp = new _signUpObjects.default();\nsignUp.enterUserName('Samaa_Hazem');\nsignUp.userNameErrMsg(\"That username is already taken\");",
              "err": {},
              "uuid": "897ec683-68bd-4103-aef9-c0e925b5836e",
              "parentUUID": "ae07f3cc-b044-4e42-a367-487bdac2ae8e",
              "isHook": false,
              "skipped": true
            },
            {
              "title": "Enter a long username",
              "fullTitle": "Test Sign up second form Enter a long username",
              "timedOut": null,
              "duration": 0,
              "state": "skipped",
              "speed": null,
              "pass": false,
              "fail": false,
              "pending": false,
              "context": null,
              "code": "const signUp = new _signUpObjects.default();\nsignUp.enterUserName('Samaa_Hazem323knjk4kkl');\nsignUp.userNameErrMsg(\"Username must be between 3 and 20 characters\");",
              "err": {},
              "uuid": "ecedcba7-8c61-4222-b7cd-d72de3258294",
              "parentUUID": "ae07f3cc-b044-4e42-a367-487bdac2ae8e",
              "isHook": false,
              "skipped": true
            },
            {
              "title": "Enter valid username and empty password",
              "fullTitle": "Test Sign up second form Enter valid username and empty password",
              "timedOut": null,
              "duration": 0,
              "state": "skipped",
              "speed": null,
              "pass": false,
              "fail": false,
              "pending": false,
              "context": null,
              "code": "const signUp = new _signUpObjects.default();\nsignUp.enterUserName('Samaa_Hazem222');\nsignUp.signUpEnable();\nsignUp.signUpBotton();\nsignUp.passwordErrMsg(\"Password must be at least 8 characters long\");",
              "err": {},
              "uuid": "f8cd7fbf-5a7a-4989-9b3a-826d5355fde8",
              "parentUUID": "ae07f3cc-b044-4e42-a367-487bdac2ae8e",
              "isHook": false,
              "skipped": true
            },
            {
              "title": "Enter valid username and  invalid -short- password",
              "fullTitle": "Test Sign up second form Enter valid username and  invalid -short- password",
              "timedOut": null,
              "duration": 0,
              "state": "skipped",
              "speed": null,
              "pass": false,
              "fail": false,
              "pending": false,
              "context": null,
              "code": "const signUp = new _signUpObjects.default();\nsignUp.enterUserName('Samaa_Hazem222');\nsignUp.enterPassword('12');\nsignUp.signUpEnable();\nsignUp.signUpBotton();\nsignUp.passwordErrMsg(\"Password must be at least 8 characters long\");",
              "err": {},
              "uuid": "891a33aa-acab-415d-a6b5-b317c85ea090",
              "parentUUID": "ae07f3cc-b044-4e42-a367-487bdac2ae8e",
              "isHook": false,
              "skipped": true
            },
            {
              "title": "Enter valid username and invalid -exactly(7)- character password",
              "fullTitle": "Test Sign up second form Enter valid username and invalid -exactly(7)- character password",
              "timedOut": null,
              "duration": 0,
              "state": "skipped",
              "speed": null,
              "pass": false,
              "fail": false,
              "pending": false,
              "context": null,
              "code": "const signUp = new _signUpObjects.default();\nsignUp.enterUserName('Samaa_Hazem222');\nsignUp.enterPassword('asdfghj');\nsignUp.signUpEnable();\nsignUp.signUpBotton();\nsignUp.passwordErrMsg(\"Password must be at least 8 characters long\");",
              "err": {},
              "uuid": "3cb6adbe-ec35-446e-8a7a-35e5ab866028",
              "parentUUID": "ae07f3cc-b044-4e42-a367-487bdac2ae8e",
              "isHook": false,
              "skipped": true
            },
            {
              "title": "Enter valid username and valid -exactly(8)- character password",
              "fullTitle": "Test Sign up second form Enter valid username and valid -exactly(8)- character password",
              "timedOut": null,
              "duration": 0,
              "state": "skipped",
              "speed": null,
              "pass": false,
              "fail": false,
              "pending": false,
              "context": null,
              "code": "const signUp = new _signUpObjects.default();\nsignUp.enterUserName('Samaa_Hazem222');\nsignUp.enterPassword('asdfghje');\nsignUp.noPasswordErrMsg();",
              "err": {},
              "uuid": "bcc5cae4-1fe3-4603-ac31-a6c0a42ac579",
              "parentUUID": "ae07f3cc-b044-4e42-a367-487bdac2ae8e",
              "isHook": false,
              "skipped": true
            },
            {
              "title": "Enter valid username and valid -exactly(8)- character password and do not check robot",
              "fullTitle": "Test Sign up second form Enter valid username and valid -exactly(8)- character password and do not check robot",
              "timedOut": null,
              "duration": 0,
              "state": "skipped",
              "speed": null,
              "pass": false,
              "fail": false,
              "pending": false,
              "context": null,
              "code": "const signUp = new _signUpObjects.default();\nsignUp.enterUserName('Samaa_Hazem222');\nsignUp.enterPassword('asdfghje');\nsignUp.signUpEnable();\nsignUp.signUpBotton();\nsignUp.signUpNotDone();",
              "err": {},
              "uuid": "9ea1b3e6-fe2b-47ee-aaa2-7828d730f1cd",
              "parentUUID": "ae07f3cc-b044-4e42-a367-487bdac2ae8e",
              "isHook": false,
              "skipped": true
            },
            {
              "title": "Enter invalid username and valid password and check robot then sign up",
              "fullTitle": "Test Sign up second form Enter invalid username and valid password and check robot then sign up",
              "timedOut": null,
              "duration": 0,
              "state": "skipped",
              "speed": null,
              "pass": false,
              "fail": false,
              "pending": false,
              "context": null,
              "code": "const signUp = new _signUpObjects.default();\nsignUp.enterUserName('Samaa hazem2325');\nsignUp.enterPassword('asdfghje');\nsignUp.notRobot();\nsignUp.signUpEnable();\nsignUp.signUpBotton();\nsignUp.userNameErrMsg(\"Letters, numbers, dashes, and underscores only. Please try again without symbols.\");\nsignUp.signUpNotDone();",
              "err": {},
              "uuid": "c263c0cc-1417-40cc-ad0a-a5ca9185ef79",
              "parentUUID": "ae07f3cc-b044-4e42-a367-487bdac2ae8e",
              "isHook": false,
              "skipped": true
            },
            {
              "title": "Enter valid username and valid password and immeditly check robot then sign up",
              "fullTitle": "Test Sign up second form Enter valid username and valid password and immeditly check robot then sign up",
              "timedOut": null,
              "duration": 0,
              "state": "skipped",
              "speed": null,
              "pass": false,
              "fail": false,
              "pending": false,
              "context": null,
              "code": "const signUp = new _signUpObjects.default();\nsignUp.enterUserName('Samaa_hazem22');\nsignUp.enterPassword('asdfghje');\nsignUp.notRobot();\nsignUp.signUpEnable();\nsignUp.signUpBotton();\nsignUp.signUpDone();",
              "err": {},
              "uuid": "39adf32a-bb57-40f5-bbb3-ea8e7b550bad",
              "parentUUID": "ae07f3cc-b044-4e42-a367-487bdac2ae8e",
              "isHook": false,
              "skipped": true
            },
            {
              "title": "Ability to click on (Sign up) without writing any thing",
              "fullTitle": "Test Sign up second form Ability to click on (Sign up) without writing any thing",
              "timedOut": null,
              "duration": 0,
              "state": "skipped",
              "speed": null,
              "pass": false,
              "fail": false,
              "pending": false,
              "context": null,
              "code": "const signUp = new _signUpObjects.default();\nsignUp.signUpEnable();",
              "err": {},
              "uuid": "91f45b14-2646-44df-b0c7-791d76f148e7",
              "parentUUID": "ae07f3cc-b044-4e42-a367-487bdac2ae8e",
              "isHook": false,
              "skipped": true
            }
          ],
          "suites": [],
          "passes": [],
          "failures": [
            "7d04c704-8b98-449a-a873-f439af1393d6"
          ],
          "pending": [],
          "skipped": [
            "288a59a0-9bb0-4ba7-b0ba-c2dcfff4830a",
            "bd8b00fc-3d85-40be-b859-bbd6a2be3064",
            "d6dd4a4c-c8fe-430c-9c60-76bb88458a04",
            "6700d5a3-ba80-46b7-bffa-bae386a804a5",
            "897ec683-68bd-4103-aef9-c0e925b5836e",
            "ecedcba7-8c61-4222-b7cd-d72de3258294",
            "f8cd7fbf-5a7a-4989-9b3a-826d5355fde8",
            "891a33aa-acab-415d-a6b5-b317c85ea090",
            "3cb6adbe-ec35-446e-8a7a-35e5ab866028",
            "bcc5cae4-1fe3-4603-ac31-a6c0a42ac579",
            "9ea1b3e6-fe2b-47ee-aaa2-7828d730f1cd",
            "c263c0cc-1417-40cc-ad0a-a5ca9185ef79",
            "39adf32a-bb57-40f5-bbb3-ea8e7b550bad",
            "91f45b14-2646-44df-b0c7-791d76f148e7"
          ],
          "duration": 10152,
          "root": false,
          "rootEmpty": false,
          "_timeout": 2000
        }
      ],
      "passes": [],
      "failures": [],
      "pending": [],
      "skipped": [],
      "duration": 0,
      "root": true,
      "rootEmpty": true,
      "_timeout": 2000
    }
  ],
  "meta": {
    "mocha": {
      "version": "7.0.1"
    },
    "mochawesome": {
      "options": {
        "quiet": false,
        "reportFilename": "mochawesome",
        "saveHtml": false,
        "saveJson": true,
        "consoleReporter": "spec",
        "useInlineDiffs": false,
        "code": true
      },
      "version": "7.1.3"
    },
    "marge": {
      "options": {
        "charts": true,
        "overwrite": false,
        "html": false,
        "json": true,
        "reportDir": "cypress/report/mochawesome-report"
      },
      "version": "6.2.0"
    }
  }
}