{
  "stats": {
    "suites": 1,
    "tests": 9,
    "passes": 0,
    "pending": 0,
    "failures": 9,
    "start": "2022-11-12T21:13:23.964Z",
    "end": "2022-11-12T21:13:30.359Z",
    "duration": 6395,
    "testsRegistered": 9,
    "passPercent": 0,
    "pendingPercent": 0,
    "other": 0,
    "hasOther": false,
    "skipped": 0,
    "hasSkipped": false
  },
  "results": [
    {
      "uuid": "b5c5e6a0-ae70-4ae5-b22d-cfd3a6b94f5b",
      "title": "",
      "fullFile": "cypress/e2e/SWE_PROJECT/ForgetActions/ForgetPasswordActions.cy.js",
      "file": "cypress/e2e/SWE_PROJECT/ForgetActions/ForgetPasswordActions.cy.js",
      "beforeHooks": [],
      "afterHooks": [],
      "tests": [],
      "suites": [
        {
          "uuid": "bd1d9a2c-8101-4a98-b7de-f53dadd1b902",
          "title": "Reset Password Page Tests",
          "fullFile": "",
          "file": "",
          "beforeHooks": [],
          "afterHooks": [],
          "tests": [
            {
              "title": "Forget Password",
              "fullTitle": "Reset Password Page Tests Forget Password",
              "timedOut": null,
              "duration": 827,
              "state": "failed",
              "speed": null,
              "pass": false,
              "fail": true,
              "pending": false,
              "context": null,
              "code": "const forgetPassword = new _ForgetPasswordObjects.default();\nforgetPassword.navigate();\nforgetPassword.ForgetPasswordHyperLink();\nforgetPassword.UrlEqualChecker('http://localhost/forgetPasswordpage');\nforgetPassword.EnterEmail('karimmahmoud2210@gmail.com');\nforgetPassword.EnterUserName('adasdwdx');\nforgetPassword.ClickOnResetPasswordButton();",
              "err": {
                "message": "CypressError: `cy.visit()` failed trying to load:\n\nhttp://localhost/login\n\nWe attempted to make an http request to this URL but the request failed without a response.\n\nWe received this error at the network level:\n\n  > Error: connect ECONNREFUSED 127.0.0.1:80\n\nCommon situations why this would fail:\n  - you don't have internet access\n  - you forgot to run / boot your web server\n  - your web server isn't accessible\n  - you have weird network configuration settings on your computer",
                "estack": "CypressError: `cy.visit()` failed trying to load:\n\nhttp://localhost/login\n\nWe attempted to make an http request to this URL but the request failed without a response.\n\nWe received this error at the network level:\n\n  > Error: connect ECONNREFUSED 127.0.0.1:80\n\nCommon situations why this would fail:\n  - you don't have internet access\n  - you forgot to run / boot your web server\n  - your web server isn't accessible\n  - you have weird network configuration settings on your computer\n    at <unknown> (http://localhost:44893/__cypress/runner/cypress_runner.js:142341:82)\n    at visitFailedByErr (http://localhost:44893/__cypress/runner/cypress_runner.js:141629:12)\n    at <unknown> (http://localhost:44893/__cypress/runner/cypress_runner.js:142340:11)\n    at tryCatcher (http://localhost:44893/__cypress/runner/cypress_runner.js:11318:23)\n    at Promise._settlePromiseFromHandler (http://localhost:44893/__cypress/runner/cypress_runner.js:9253:31)\n    at Promise._settlePromise (http://localhost:44893/__cypress/runner/cypress_runner.js:9310:18)\n    at Promise._settlePromise0 (http://localhost:44893/__cypress/runner/cypress_runner.js:9355:10)\n    at Promise._settlePromises (http://localhost:44893/__cypress/runner/cypress_runner.js:9431:18)\n    at _drainQueueStep (http://localhost:44893/__cypress/runner/cypress_runner.js:6025:12)\n    at _drainQueue (http://localhost:44893/__cypress/runner/cypress_runner.js:6018:9)\n    at ../../node_modules/bluebird/js/release/async.js.Async._drainQueues (http://localhost:44893/__cypress/runner/cypress_runner.js:6034:5)\n    at Async.drainQueues (http://localhost:44893/__cypress/runner/cypress_runner.js:5904:14)\nFrom Your Spec Code:\n    at ForgetPasswordObjects.navigate (webpack:///./cypress/e2e/SWE_PROJECT/PageObjects/ForgetObjects/ForgetPasswordObjects.cy.js:4:11)\n    at Context.eval (webpack:///./cypress/e2e/SWE_PROJECT/ForgetActions/ForgetPasswordActions.cy.js:11:23)\n\nFrom Node.js Internals:\n  Error: connect ECONNREFUSED 127.0.0.1:80\n      at TCPConnectWrap.afterConnect [as oncomplete] (node:net:1187:16)",
                "diff": null
              },
              "uuid": "a7efc167-0046-46c4-a448-4ae9eeed2897",
              "parentUUID": "bd1d9a2c-8101-4a98-b7de-f53dadd1b902",
              "isHook": false,
              "skipped": false
            },
            {
              "title": "Forget Password then click on help",
              "fullTitle": "Reset Password Page Tests Forget Password then click on help",
              "timedOut": null,
              "duration": 650,
              "state": "failed",
              "speed": null,
              "pass": false,
              "fail": true,
              "pending": false,
              "context": null,
              "code": "const forgetPassword = new _ForgetPasswordObjects.default();\nforgetPassword.navigate();\nforgetPassword.ForgetPasswordHyperLink();\nforgetPassword.UrlEqualChecker('http://localhost/forgetPasswordpage');\nforgetPassword.EnterEmail('karimmahmoud2210@gmail.com');\nforgetPassword.EnterUserName('adasdwdx');\nforgetPassword.UrlNotEqualChecker('http://localhost/forgetPasswordpage');",
              "err": {
                "message": "CypressError: `cy.visit()` failed trying to load:\n\nhttp://localhost/login\n\nWe attempted to make an http request to this URL but the request failed without a response.\n\nWe received this error at the network level:\n\n  > Error: connect ECONNREFUSED 127.0.0.1:80\n\nCommon situations why this would fail:\n  - you don't have internet access\n  - you forgot to run / boot your web server\n  - your web server isn't accessible\n  - you have weird network configuration settings on your computer",
                "estack": "CypressError: `cy.visit()` failed trying to load:\n\nhttp://localhost/login\n\nWe attempted to make an http request to this URL but the request failed without a response.\n\nWe received this error at the network level:\n\n  > Error: connect ECONNREFUSED 127.0.0.1:80\n\nCommon situations why this would fail:\n  - you don't have internet access\n  - you forgot to run / boot your web server\n  - your web server isn't accessible\n  - you have weird network configuration settings on your computer\n    at <unknown> (http://localhost:44893/__cypress/runner/cypress_runner.js:142341:82)\n    at visitFailedByErr (http://localhost:44893/__cypress/runner/cypress_runner.js:141629:12)\n    at <unknown> (http://localhost:44893/__cypress/runner/cypress_runner.js:142340:11)\n    at tryCatcher (http://localhost:44893/__cypress/runner/cypress_runner.js:11318:23)\n    at Promise._settlePromiseFromHandler (http://localhost:44893/__cypress/runner/cypress_runner.js:9253:31)\n    at Promise._settlePromise (http://localhost:44893/__cypress/runner/cypress_runner.js:9310:18)\n    at Promise._settlePromise0 (http://localhost:44893/__cypress/runner/cypress_runner.js:9355:10)\n    at Promise._settlePromises (http://localhost:44893/__cypress/runner/cypress_runner.js:9431:18)\n    at _drainQueueStep (http://localhost:44893/__cypress/runner/cypress_runner.js:6025:12)\n    at _drainQueue (http://localhost:44893/__cypress/runner/cypress_runner.js:6018:9)\n    at ../../node_modules/bluebird/js/release/async.js.Async._drainQueues (http://localhost:44893/__cypress/runner/cypress_runner.js:6034:5)\n    at Async.drainQueues (http://localhost:44893/__cypress/runner/cypress_runner.js:5904:14)\nFrom Your Spec Code:\n    at ForgetPasswordObjects.navigate (webpack:///./cypress/e2e/SWE_PROJECT/PageObjects/ForgetObjects/ForgetPasswordObjects.cy.js:4:11)\n    at Context.eval (webpack:///./cypress/e2e/SWE_PROJECT/ForgetActions/ForgetPasswordActions.cy.js:26:23)\n\nFrom Node.js Internals:\n  Error: connect ECONNREFUSED 127.0.0.1:80\n      at TCPConnectWrap.afterConnect [as oncomplete] (node:net:1187:16)",
                "diff": null
              },
              "uuid": "0b54595d-aa03-4617-a2b4-d87191504606",
              "parentUUID": "bd1d9a2c-8101-4a98-b7de-f53dadd1b902",
              "isHook": false,
              "skipped": false
            },
            {
              "title": "Write Invalid Email - should appear error message",
              "fullTitle": "Reset Password Page Tests Write Invalid Email - should appear error message",
              "timedOut": null,
              "duration": 660,
              "state": "failed",
              "speed": null,
              "pass": false,
              "fail": true,
              "pending": false,
              "context": null,
              "code": "const forgetPassword = new _ForgetPasswordObjects.default();\nforgetPassword.navigate();\nforgetPassword.ForgetPasswordHyperLink();\nforgetPassword.UrlEqualChecker('http://localhost/forgetPasswordpage');\nforgetPassword.EnterEmail('1231565456@gmail.com');\nforgetPassword.EnterUserName('adasdwdx');\nforgetPassword.InvalidMessage();",
              "err": {
                "message": "CypressError: `cy.visit()` failed trying to load:\n\nhttp://localhost/login\n\nWe attempted to make an http request to this URL but the request failed without a response.\n\nWe received this error at the network level:\n\n  > Error: connect ECONNREFUSED 127.0.0.1:80\n\nCommon situations why this would fail:\n  - you don't have internet access\n  - you forgot to run / boot your web server\n  - your web server isn't accessible\n  - you have weird network configuration settings on your computer",
                "estack": "CypressError: `cy.visit()` failed trying to load:\n\nhttp://localhost/login\n\nWe attempted to make an http request to this URL but the request failed without a response.\n\nWe received this error at the network level:\n\n  > Error: connect ECONNREFUSED 127.0.0.1:80\n\nCommon situations why this would fail:\n  - you don't have internet access\n  - you forgot to run / boot your web server\n  - your web server isn't accessible\n  - you have weird network configuration settings on your computer\n    at <unknown> (http://localhost:44893/__cypress/runner/cypress_runner.js:142341:82)\n    at visitFailedByErr (http://localhost:44893/__cypress/runner/cypress_runner.js:141629:12)\n    at <unknown> (http://localhost:44893/__cypress/runner/cypress_runner.js:142340:11)\n    at tryCatcher (http://localhost:44893/__cypress/runner/cypress_runner.js:11318:23)\n    at Promise._settlePromiseFromHandler (http://localhost:44893/__cypress/runner/cypress_runner.js:9253:31)\n    at Promise._settlePromise (http://localhost:44893/__cypress/runner/cypress_runner.js:9310:18)\n    at Promise._settlePromise0 (http://localhost:44893/__cypress/runner/cypress_runner.js:9355:10)\n    at Promise._settlePromises (http://localhost:44893/__cypress/runner/cypress_runner.js:9431:18)\n    at _drainQueueStep (http://localhost:44893/__cypress/runner/cypress_runner.js:6025:12)\n    at _drainQueue (http://localhost:44893/__cypress/runner/cypress_runner.js:6018:9)\n    at ../../node_modules/bluebird/js/release/async.js.Async._drainQueues (http://localhost:44893/__cypress/runner/cypress_runner.js:6034:5)\n    at Async.drainQueues (http://localhost:44893/__cypress/runner/cypress_runner.js:5904:14)\nFrom Your Spec Code:\n    at ForgetPasswordObjects.navigate (webpack:///./cypress/e2e/SWE_PROJECT/PageObjects/ForgetObjects/ForgetPasswordObjects.cy.js:4:11)\n    at Context.eval (webpack:///./cypress/e2e/SWE_PROJECT/ForgetActions/ForgetPasswordActions.cy.js:40:23)\n\nFrom Node.js Internals:\n  Error: connect ECONNREFUSED 127.0.0.1:80\n      at TCPConnectWrap.afterConnect [as oncomplete] (node:net:1187:16)",
                "diff": null
              },
              "uuid": "afa6d349-60ce-4e16-9665-1179c3ed7353",
              "parentUUID": "bd1d9a2c-8101-4a98-b7de-f53dadd1b902",
              "isHook": false,
              "skipped": false
            },
            {
              "title": "Write Valid Email - should not appear error message",
              "fullTitle": "Reset Password Page Tests Write Valid Email - should not appear error message",
              "timedOut": null,
              "duration": 654,
              "state": "failed",
              "speed": null,
              "pass": false,
              "fail": true,
              "pending": false,
              "context": null,
              "code": "const forgetPassword = new _ForgetPasswordObjects.default();\nforgetPassword.navigate();\nforgetPassword.ForgetPasswordHyperLink();\nforgetPassword.UrlEqualChecker('http://localhost/forgetPasswordpage');\nforgetPassword.EnterEmail('1231565456a@gmail.com');\nforgetPassword.EnterUserName('adasdwdx');\nforgetPassword.NotInValidMessage();",
              "err": {
                "message": "CypressError: `cy.visit()` failed trying to load:\n\nhttp://localhost/login\n\nWe attempted to make an http request to this URL but the request failed without a response.\n\nWe received this error at the network level:\n\n  > Error: connect ECONNREFUSED 127.0.0.1:80\n\nCommon situations why this would fail:\n  - you don't have internet access\n  - you forgot to run / boot your web server\n  - your web server isn't accessible\n  - you have weird network configuration settings on your computer",
                "estack": "CypressError: `cy.visit()` failed trying to load:\n\nhttp://localhost/login\n\nWe attempted to make an http request to this URL but the request failed without a response.\n\nWe received this error at the network level:\n\n  > Error: connect ECONNREFUSED 127.0.0.1:80\n\nCommon situations why this would fail:\n  - you don't have internet access\n  - you forgot to run / boot your web server\n  - your web server isn't accessible\n  - you have weird network configuration settings on your computer\n    at <unknown> (http://localhost:44893/__cypress/runner/cypress_runner.js:142341:82)\n    at visitFailedByErr (http://localhost:44893/__cypress/runner/cypress_runner.js:141629:12)\n    at <unknown> (http://localhost:44893/__cypress/runner/cypress_runner.js:142340:11)\n    at tryCatcher (http://localhost:44893/__cypress/runner/cypress_runner.js:11318:23)\n    at Promise._settlePromiseFromHandler (http://localhost:44893/__cypress/runner/cypress_runner.js:9253:31)\n    at Promise._settlePromise (http://localhost:44893/__cypress/runner/cypress_runner.js:9310:18)\n    at Promise._settlePromise0 (http://localhost:44893/__cypress/runner/cypress_runner.js:9355:10)\n    at Promise._settlePromises (http://localhost:44893/__cypress/runner/cypress_runner.js:9431:18)\n    at _drainQueueStep (http://localhost:44893/__cypress/runner/cypress_runner.js:6025:12)\n    at _drainQueue (http://localhost:44893/__cypress/runner/cypress_runner.js:6018:9)\n    at ../../node_modules/bluebird/js/release/async.js.Async._drainQueues (http://localhost:44893/__cypress/runner/cypress_runner.js:6034:5)\n    at Async.drainQueues (http://localhost:44893/__cypress/runner/cypress_runner.js:5904:14)\nFrom Your Spec Code:\n    at ForgetPasswordObjects.navigate (webpack:///./cypress/e2e/SWE_PROJECT/PageObjects/ForgetObjects/ForgetPasswordObjects.cy.js:4:11)\n    at Context.eval (webpack:///./cypress/e2e/SWE_PROJECT/ForgetActions/ForgetPasswordActions.cy.js:55:23)\n\nFrom Node.js Internals:\n  Error: connect ECONNREFUSED 127.0.0.1:80\n      at TCPConnectWrap.afterConnect [as oncomplete] (node:net:1187:16)",
                "diff": null
              },
              "uuid": "05ff8085-2785-4a80-8c96-3db9e6eee3cd",
              "parentUUID": "bd1d9a2c-8101-4a98-b7de-f53dadd1b902",
              "isHook": false,
              "skipped": false
            },
            {
              "title": "Write Invalid Email - should appear error message",
              "fullTitle": "Reset Password Page Tests Write Invalid Email - should appear error message",
              "timedOut": null,
              "duration": 663,
              "state": "failed",
              "speed": null,
              "pass": false,
              "fail": true,
              "pending": false,
              "context": null,
              "code": "const forgetPassword = new _ForgetPasswordObjects.default();\nforgetPassword.navigate();\nforgetPassword.ForgetPasswordHyperLink();\nforgetPassword.UrlEqualChecker('http://localhost/forgetPasswordpage');\nforgetPassword.EnterEmail('as1231565456a');\nforgetPassword.EnterUserName('adasdwdx');\nforgetPassword.InvalidMessage();",
              "err": {
                "message": "CypressError: `cy.visit()` failed trying to load:\n\nhttp://localhost/login\n\nWe attempted to make an http request to this URL but the request failed without a response.\n\nWe received this error at the network level:\n\n  > Error: connect ECONNREFUSED 127.0.0.1:80\n\nCommon situations why this would fail:\n  - you don't have internet access\n  - you forgot to run / boot your web server\n  - your web server isn't accessible\n  - you have weird network configuration settings on your computer",
                "estack": "CypressError: `cy.visit()` failed trying to load:\n\nhttp://localhost/login\n\nWe attempted to make an http request to this URL but the request failed without a response.\n\nWe received this error at the network level:\n\n  > Error: connect ECONNREFUSED 127.0.0.1:80\n\nCommon situations why this would fail:\n  - you don't have internet access\n  - you forgot to run / boot your web server\n  - your web server isn't accessible\n  - you have weird network configuration settings on your computer\n    at <unknown> (http://localhost:44893/__cypress/runner/cypress_runner.js:142341:82)\n    at visitFailedByErr (http://localhost:44893/__cypress/runner/cypress_runner.js:141629:12)\n    at <unknown> (http://localhost:44893/__cypress/runner/cypress_runner.js:142340:11)\n    at tryCatcher (http://localhost:44893/__cypress/runner/cypress_runner.js:11318:23)\n    at Promise._settlePromiseFromHandler (http://localhost:44893/__cypress/runner/cypress_runner.js:9253:31)\n    at Promise._settlePromise (http://localhost:44893/__cypress/runner/cypress_runner.js:9310:18)\n    at Promise._settlePromise0 (http://localhost:44893/__cypress/runner/cypress_runner.js:9355:10)\n    at Promise._settlePromises (http://localhost:44893/__cypress/runner/cypress_runner.js:9431:18)\n    at _drainQueueStep (http://localhost:44893/__cypress/runner/cypress_runner.js:6025:12)\n    at _drainQueue (http://localhost:44893/__cypress/runner/cypress_runner.js:6018:9)\n    at ../../node_modules/bluebird/js/release/async.js.Async._drainQueues (http://localhost:44893/__cypress/runner/cypress_runner.js:6034:5)\n    at Async.drainQueues (http://localhost:44893/__cypress/runner/cypress_runner.js:5904:14)\nFrom Your Spec Code:\n    at ForgetPasswordObjects.navigate (webpack:///./cypress/e2e/SWE_PROJECT/PageObjects/ForgetObjects/ForgetPasswordObjects.cy.js:4:11)\n    at Context.eval (webpack:///./cypress/e2e/SWE_PROJECT/ForgetActions/ForgetPasswordActions.cy.js:70:23)\n\nFrom Node.js Internals:\n  Error: connect ECONNREFUSED 127.0.0.1:80\n      at TCPConnectWrap.afterConnect [as oncomplete] (node:net:1187:16)",
                "diff": null
              },
              "uuid": "7bacdb45-160b-43e6-8136-9cadf0795af8",
              "parentUUID": "bd1d9a2c-8101-4a98-b7de-f53dadd1b902",
              "isHook": false,
              "skipped": false
            },
            {
              "title": "Write Invalid Email - should appear error message",
              "fullTitle": "Reset Password Page Tests Write Invalid Email - should appear error message",
              "timedOut": null,
              "duration": 671,
              "state": "failed",
              "speed": null,
              "pass": false,
              "fail": true,
              "pending": false,
              "context": null,
              "code": "const forgetPassword = new _ForgetPasswordObjects.default();\nforgetPassword.navigate();\nforgetPassword.ForgetPasswordHyperLink();\nforgetPassword.UrlEqualChecker('http://localhost/forgetPasswordpage');\nforgetPassword.EnterEmail('as1231565456a');\nforgetPassword.EnterUserName('<html>');\nforgetPassword.InvalidMessage();",
              "err": {
                "message": "CypressError: `cy.visit()` failed trying to load:\n\nhttp://localhost/login\n\nWe attempted to make an http request to this URL but the request failed without a response.\n\nWe received this error at the network level:\n\n  > Error: connect ECONNREFUSED 127.0.0.1:80\n\nCommon situations why this would fail:\n  - you don't have internet access\n  - you forgot to run / boot your web server\n  - your web server isn't accessible\n  - you have weird network configuration settings on your computer",
                "estack": "CypressError: `cy.visit()` failed trying to load:\n\nhttp://localhost/login\n\nWe attempted to make an http request to this URL but the request failed without a response.\n\nWe received this error at the network level:\n\n  > Error: connect ECONNREFUSED 127.0.0.1:80\n\nCommon situations why this would fail:\n  - you don't have internet access\n  - you forgot to run / boot your web server\n  - your web server isn't accessible\n  - you have weird network configuration settings on your computer\n    at <unknown> (http://localhost:44893/__cypress/runner/cypress_runner.js:142341:82)\n    at visitFailedByErr (http://localhost:44893/__cypress/runner/cypress_runner.js:141629:12)\n    at <unknown> (http://localhost:44893/__cypress/runner/cypress_runner.js:142340:11)\n    at tryCatcher (http://localhost:44893/__cypress/runner/cypress_runner.js:11318:23)\n    at Promise._settlePromiseFromHandler (http://localhost:44893/__cypress/runner/cypress_runner.js:9253:31)\n    at Promise._settlePromise (http://localhost:44893/__cypress/runner/cypress_runner.js:9310:18)\n    at Promise._settlePromise0 (http://localhost:44893/__cypress/runner/cypress_runner.js:9355:10)\n    at Promise._settlePromises (http://localhost:44893/__cypress/runner/cypress_runner.js:9431:18)\n    at _drainQueueStep (http://localhost:44893/__cypress/runner/cypress_runner.js:6025:12)\n    at _drainQueue (http://localhost:44893/__cypress/runner/cypress_runner.js:6018:9)\n    at ../../node_modules/bluebird/js/release/async.js.Async._drainQueues (http://localhost:44893/__cypress/runner/cypress_runner.js:6034:5)\n    at Async.drainQueues (http://localhost:44893/__cypress/runner/cypress_runner.js:5904:14)\nFrom Your Spec Code:\n    at ForgetPasswordObjects.navigate (webpack:///./cypress/e2e/SWE_PROJECT/PageObjects/ForgetObjects/ForgetPasswordObjects.cy.js:4:11)\n    at Context.eval (webpack:///./cypress/e2e/SWE_PROJECT/ForgetActions/ForgetPasswordActions.cy.js:85:23)\n\nFrom Node.js Internals:\n  Error: connect ECONNREFUSED 127.0.0.1:80\n      at TCPConnectWrap.afterConnect [as oncomplete] (node:net:1187:16)",
                "diff": null
              },
              "uuid": "4b235025-c972-4237-8205-bb940018bd4b",
              "parentUUID": "bd1d9a2c-8101-4a98-b7de-f53dadd1b902",
              "isHook": false,
              "skipped": false
            },
            {
              "title": "Write Invalid Email - should appear error message",
              "fullTitle": "Reset Password Page Tests Write Invalid Email - should appear error message",
              "timedOut": null,
              "duration": 653,
              "state": "failed",
              "speed": null,
              "pass": false,
              "fail": true,
              "pending": false,
              "context": null,
              "code": "const forgetPassword = new _ForgetPasswordObjects.default();\nforgetPassword.navigate();\nforgetPassword.ForgetPasswordHyperLink();\nforgetPassword.UrlEqualChecker('http://localhost/forgetPasswordpage');\nforgetPassword.EnterEmail('as1231565456a');\nforgetPassword.EnterUserName('#$%#$^$%#^');\nforgetPassword.InvalidMessage();",
              "err": {
                "message": "CypressError: `cy.visit()` failed trying to load:\n\nhttp://localhost/login\n\nWe attempted to make an http request to this URL but the request failed without a response.\n\nWe received this error at the network level:\n\n  > Error: connect ECONNREFUSED 127.0.0.1:80\n\nCommon situations why this would fail:\n  - you don't have internet access\n  - you forgot to run / boot your web server\n  - your web server isn't accessible\n  - you have weird network configuration settings on your computer",
                "estack": "CypressError: `cy.visit()` failed trying to load:\n\nhttp://localhost/login\n\nWe attempted to make an http request to this URL but the request failed without a response.\n\nWe received this error at the network level:\n\n  > Error: connect ECONNREFUSED 127.0.0.1:80\n\nCommon situations why this would fail:\n  - you don't have internet access\n  - you forgot to run / boot your web server\n  - your web server isn't accessible\n  - you have weird network configuration settings on your computer\n    at <unknown> (http://localhost:44893/__cypress/runner/cypress_runner.js:142341:82)\n    at visitFailedByErr (http://localhost:44893/__cypress/runner/cypress_runner.js:141629:12)\n    at <unknown> (http://localhost:44893/__cypress/runner/cypress_runner.js:142340:11)\n    at tryCatcher (http://localhost:44893/__cypress/runner/cypress_runner.js:11318:23)\n    at Promise._settlePromiseFromHandler (http://localhost:44893/__cypress/runner/cypress_runner.js:9253:31)\n    at Promise._settlePromise (http://localhost:44893/__cypress/runner/cypress_runner.js:9310:18)\n    at Promise._settlePromise0 (http://localhost:44893/__cypress/runner/cypress_runner.js:9355:10)\n    at Promise._settlePromises (http://localhost:44893/__cypress/runner/cypress_runner.js:9431:18)\n    at _drainQueueStep (http://localhost:44893/__cypress/runner/cypress_runner.js:6025:12)\n    at _drainQueue (http://localhost:44893/__cypress/runner/cypress_runner.js:6018:9)\n    at ../../node_modules/bluebird/js/release/async.js.Async._drainQueues (http://localhost:44893/__cypress/runner/cypress_runner.js:6034:5)\n    at Async.drainQueues (http://localhost:44893/__cypress/runner/cypress_runner.js:5904:14)\nFrom Your Spec Code:\n    at ForgetPasswordObjects.navigate (webpack:///./cypress/e2e/SWE_PROJECT/PageObjects/ForgetObjects/ForgetPasswordObjects.cy.js:4:11)\n    at Context.eval (webpack:///./cypress/e2e/SWE_PROJECT/ForgetActions/ForgetPasswordActions.cy.js:100:23)\n\nFrom Node.js Internals:\n  Error: connect ECONNREFUSED 127.0.0.1:80\n      at TCPConnectWrap.afterConnect [as oncomplete] (node:net:1187:16)",
                "diff": null
              },
              "uuid": "906344bf-b1a4-45de-ad06-e27d65174efe",
              "parentUUID": "bd1d9a2c-8101-4a98-b7de-f53dadd1b902",
              "isHook": false,
              "skipped": false
            },
            {
              "title": "Write Invalid Email - should appear error message",
              "fullTitle": "Reset Password Page Tests Write Invalid Email - should appear error message",
              "timedOut": null,
              "duration": 673,
              "state": "failed",
              "speed": null,
              "pass": false,
              "fail": true,
              "pending": false,
              "context": null,
              "code": "const forgetPassword = new _ForgetPasswordObjects.default();\nforgetPassword.navigate();\nforgetPassword.ForgetPasswordHyperLink();\nforgetPassword.UrlEqualChecker('http://localhost/forgetPasswordpage');\nforgetPassword.EnterEmail('as1231565456a');\nforgetPassword.EnterUserName('@@@@@@@');\nforgetPassword.InvalidMessage();",
              "err": {
                "message": "CypressError: `cy.visit()` failed trying to load:\n\nhttp://localhost/login\n\nWe attempted to make an http request to this URL but the request failed without a response.\n\nWe received this error at the network level:\n\n  > Error: connect ECONNREFUSED 127.0.0.1:80\n\nCommon situations why this would fail:\n  - you don't have internet access\n  - you forgot to run / boot your web server\n  - your web server isn't accessible\n  - you have weird network configuration settings on your computer",
                "estack": "CypressError: `cy.visit()` failed trying to load:\n\nhttp://localhost/login\n\nWe attempted to make an http request to this URL but the request failed without a response.\n\nWe received this error at the network level:\n\n  > Error: connect ECONNREFUSED 127.0.0.1:80\n\nCommon situations why this would fail:\n  - you don't have internet access\n  - you forgot to run / boot your web server\n  - your web server isn't accessible\n  - you have weird network configuration settings on your computer\n    at <unknown> (http://localhost:44893/__cypress/runner/cypress_runner.js:142341:82)\n    at visitFailedByErr (http://localhost:44893/__cypress/runner/cypress_runner.js:141629:12)\n    at <unknown> (http://localhost:44893/__cypress/runner/cypress_runner.js:142340:11)\n    at tryCatcher (http://localhost:44893/__cypress/runner/cypress_runner.js:11318:23)\n    at Promise._settlePromiseFromHandler (http://localhost:44893/__cypress/runner/cypress_runner.js:9253:31)\n    at Promise._settlePromise (http://localhost:44893/__cypress/runner/cypress_runner.js:9310:18)\n    at Promise._settlePromise0 (http://localhost:44893/__cypress/runner/cypress_runner.js:9355:10)\n    at Promise._settlePromises (http://localhost:44893/__cypress/runner/cypress_runner.js:9431:18)\n    at _drainQueueStep (http://localhost:44893/__cypress/runner/cypress_runner.js:6025:12)\n    at _drainQueue (http://localhost:44893/__cypress/runner/cypress_runner.js:6018:9)\n    at ../../node_modules/bluebird/js/release/async.js.Async._drainQueues (http://localhost:44893/__cypress/runner/cypress_runner.js:6034:5)\n    at Async.drainQueues (http://localhost:44893/__cypress/runner/cypress_runner.js:5904:14)\nFrom Your Spec Code:\n    at ForgetPasswordObjects.navigate (webpack:///./cypress/e2e/SWE_PROJECT/PageObjects/ForgetObjects/ForgetPasswordObjects.cy.js:4:11)\n    at Context.eval (webpack:///./cypress/e2e/SWE_PROJECT/ForgetActions/ForgetPasswordActions.cy.js:115:23)\n\nFrom Node.js Internals:\n  Error: connect ECONNREFUSED 127.0.0.1:80\n      at TCPConnectWrap.afterConnect [as oncomplete] (node:net:1187:16)",
                "diff": null
              },
              "uuid": "5c0146b8-487d-48db-a32d-fff2bb97b130",
              "parentUUID": "bd1d9a2c-8101-4a98-b7de-f53dadd1b902",
              "isHook": false,
              "skipped": false
            },
            {
              "title": "Write Invalid Email - should appear error message",
              "fullTitle": "Reset Password Page Tests Write Invalid Email - should appear error message",
              "timedOut": null,
              "duration": 715,
              "state": "failed",
              "speed": null,
              "pass": false,
              "fail": true,
              "pending": false,
              "context": null,
              "code": "const forgetPassword = new _ForgetPasswordObjects.default();\nforgetPassword.navigate();\nforgetPassword.ForgetPasswordHyperLink();\nforgetPassword.UrlEqualChecker('http://localhost/forgetPasswordpage');\nforgetPassword.EnterEmail('as1231565456a');\nforgetPassword.EnterUserName('127.0.0.1');\nforgetPassword.InvalidMessage();",
              "err": {
                "message": "CypressError: `cy.visit()` failed trying to load:\n\nhttp://localhost/login\n\nWe attempted to make an http request to this URL but the request failed without a response.\n\nWe received this error at the network level:\n\n  > Error: connect ECONNREFUSED 127.0.0.1:80\n\nCommon situations why this would fail:\n  - you don't have internet access\n  - you forgot to run / boot your web server\n  - your web server isn't accessible\n  - you have weird network configuration settings on your computer",
                "estack": "CypressError: `cy.visit()` failed trying to load:\n\nhttp://localhost/login\n\nWe attempted to make an http request to this URL but the request failed without a response.\n\nWe received this error at the network level:\n\n  > Error: connect ECONNREFUSED 127.0.0.1:80\n\nCommon situations why this would fail:\n  - you don't have internet access\n  - you forgot to run / boot your web server\n  - your web server isn't accessible\n  - you have weird network configuration settings on your computer\n    at <unknown> (http://localhost:44893/__cypress/runner/cypress_runner.js:142341:82)\n    at visitFailedByErr (http://localhost:44893/__cypress/runner/cypress_runner.js:141629:12)\n    at <unknown> (http://localhost:44893/__cypress/runner/cypress_runner.js:142340:11)\n    at tryCatcher (http://localhost:44893/__cypress/runner/cypress_runner.js:11318:23)\n    at Promise._settlePromiseFromHandler (http://localhost:44893/__cypress/runner/cypress_runner.js:9253:31)\n    at Promise._settlePromise (http://localhost:44893/__cypress/runner/cypress_runner.js:9310:18)\n    at Promise._settlePromise0 (http://localhost:44893/__cypress/runner/cypress_runner.js:9355:10)\n    at Promise._settlePromises (http://localhost:44893/__cypress/runner/cypress_runner.js:9431:18)\n    at _drainQueueStep (http://localhost:44893/__cypress/runner/cypress_runner.js:6025:12)\n    at _drainQueue (http://localhost:44893/__cypress/runner/cypress_runner.js:6018:9)\n    at ../../node_modules/bluebird/js/release/async.js.Async._drainQueues (http://localhost:44893/__cypress/runner/cypress_runner.js:6034:5)\n    at Async.drainQueues (http://localhost:44893/__cypress/runner/cypress_runner.js:5904:14)\nFrom Your Spec Code:\n    at ForgetPasswordObjects.navigate (webpack:///./cypress/e2e/SWE_PROJECT/PageObjects/ForgetObjects/ForgetPasswordObjects.cy.js:4:11)\n    at Context.eval (webpack:///./cypress/e2e/SWE_PROJECT/ForgetActions/ForgetPasswordActions.cy.js:131:23)\n\nFrom Node.js Internals:\n  Error: connect ECONNREFUSED 127.0.0.1:80\n      at TCPConnectWrap.afterConnect [as oncomplete] (node:net:1187:16)",
                "diff": null
              },
              "uuid": "8a639fe8-b218-43b4-a4ae-a159e1dabb0c",
              "parentUUID": "bd1d9a2c-8101-4a98-b7de-f53dadd1b902",
              "isHook": false,
              "skipped": false
            }
          ],
          "suites": [],
          "passes": [],
          "failures": [
            "a7efc167-0046-46c4-a448-4ae9eeed2897",
            "0b54595d-aa03-4617-a2b4-d87191504606",
            "afa6d349-60ce-4e16-9665-1179c3ed7353",
            "05ff8085-2785-4a80-8c96-3db9e6eee3cd",
            "7bacdb45-160b-43e6-8136-9cadf0795af8",
            "4b235025-c972-4237-8205-bb940018bd4b",
            "906344bf-b1a4-45de-ad06-e27d65174efe",
            "5c0146b8-487d-48db-a32d-fff2bb97b130",
            "8a639fe8-b218-43b4-a4ae-a159e1dabb0c"
          ],
          "pending": [],
          "skipped": [],
          "duration": 6166,
          "root": false,
          "rootEmpty": false,
          "_timeout": 2000
        }
      ],
      "passes": [],
      "failures": [],
      "pending": [],
      "skipped": [],
      "duration": 0,
      "root": true,
      "rootEmpty": true,
      "_timeout": 2000
    }
  ],
  "meta": {
    "mocha": {
      "version": "7.0.1"
    },
    "mochawesome": {
      "options": {
        "quiet": false,
        "reportFilename": "mochawesome",
        "saveHtml": false,
        "saveJson": true,
        "consoleReporter": "spec",
        "useInlineDiffs": false,
        "code": true
      },
      "version": "7.1.3"
    },
    "marge": {
      "options": {
        "charts": true,
        "overwrite": false,
        "html": false,
        "json": true,
        "reportDir": "cypress/report/mochawesome-report"
      },
      "version": "6.2.0"
    }
  }
}