{
  "stats": {
    "suites": 1,
    "tests": 1,
    "passes": 0,
    "pending": 0,
    "failures": 1,
    "start": "2022-11-12T21:15:38.989Z",
    "end": "2022-11-12T21:15:49.240Z",
    "duration": 10251,
    "testsRegistered": 14,
    "passPercent": 0,
    "pendingPercent": 0,
    "other": 0,
    "hasOther": false,
    "skipped": 13,
    "hasSkipped": true
  },
  "results": [
    {
      "uuid": "753b6ec8-a0c5-4973-a040-baead92d0ccc",
      "title": "",
      "fullFile": "cypress/e2e/SWE_PROJECT/SignUpActions/sign_up.cy.js",
      "file": "cypress/e2e/SWE_PROJECT/SignUpActions/sign_up.cy.js",
      "beforeHooks": [],
      "afterHooks": [],
      "tests": [],
      "suites": [
        {
          "uuid": "d40c1f15-8540-48d7-9332-5ae650bd14cc",
          "title": "Test Sign up first form",
          "fullFile": "",
          "file": "",
          "beforeHooks": [],
          "afterHooks": [],
          "tests": [
            {
              "title": "Press \"CONTINUE\" button with empty email",
              "fullTitle": "Test Sign up first form Press \"CONTINUE\" button with empty email",
              "timedOut": null,
              "duration": 10188,
              "state": "failed",
              "speed": null,
              "pass": false,
              "fail": true,
              "pending": false,
              "context": null,
              "code": "const signUp = new _signUpObjects.default();\nsignUp.continue(); //signUp.emailErrMsg('Looks like you've been doing that a lot. Take a break for 32 minutes before trying again.')\nsignUp.goSecondForm();",
              "err": {
                "message": "CypressError: Timed out after waiting `10000ms` for your remote page to load.\n\nYour page did not fire its `load` event within `10000ms`.\n\nYou can try increasing the `pageLoadTimeout` value in `cypress.config.js` to wait longer.\n\nBrowsers will not fire the `load` event until all stylesheets and scripts are done downloading.\n\nWhen this `load` event occurs, Cypress will continue running commands.\n\nBecause this error occurred during a `before each` hook we are skipping the remaining tests in the current suite: `Test Sign up first form`",
                "estack": "CypressError: Timed out after waiting `10000ms` for your remote page to load.\n\nYour page did not fire its `load` event within `10000ms`.\n\nYou can try increasing the `pageLoadTimeout` value in `cypress.config.js` to wait longer.\n\nBrowsers will not fire the `load` event until all stylesheets and scripts are done downloading.\n\nWhen this `load` event occurs, Cypress will continue running commands.\n\nBecause this error occurred during a `before each` hook we are skipping the remaining tests in the current suite: `Test Sign up first form`\n    at timedOutWaitingForPageLoad (http://localhost:44893/__cypress/runner/cypress_runner.js:141197:72)\n    at <unknown> (http://localhost:44893/__cypress/runner/cypress_runner.js:142384:16)\n    at tryCatcher (http://localhost:44893/__cypress/runner/cypress_runner.js:11318:23)\n    at <unknown> (http://localhost:44893/__cypress/runner/cypress_runner.js:6440:41)\n    at tryCatcher (http://localhost:44893/__cypress/runner/cypress_runner.js:11318:23)\n    at Promise._settlePromiseFromHandler (http://localhost:44893/__cypress/runner/cypress_runner.js:9253:31)\n    at Promise._settlePromise (http://localhost:44893/__cypress/runner/cypress_runner.js:9310:18)\n    at Promise._settlePromise0 (http://localhost:44893/__cypress/runner/cypress_runner.js:9355:10)\n    at Promise._settlePromises (http://localhost:44893/__cypress/runner/cypress_runner.js:9431:18)\n    at _drainQueueStep (http://localhost:44893/__cypress/runner/cypress_runner.js:6025:12)\n    at _drainQueue (http://localhost:44893/__cypress/runner/cypress_runner.js:6018:9)\n    at ../../node_modules/bluebird/js/release/async.js.Async._drainQueues (http://localhost:44893/__cypress/runner/cypress_runner.js:6034:5)\n    at Async.drainQueues (http://localhost:44893/__cypress/runner/cypress_runner.js:5904:14)\nFrom Your Spec Code:\n    at signUpObjects.navigate (webpack:///./cypress/e2e/SWE_PROJECT/PageObjects/SignUpObjects/signUpObjects.js:4:11)\n    at Context.eval (webpack:///./cypress/e2e/SWE_PROJECT/SignUpActions/sign_up.cy.js:11:13)",
                "diff": null
              },
              "uuid": "7e7f7f1d-f509-48aa-86fc-391a0d089a95",
              "parentUUID": "d40c1f15-8540-48d7-9332-5ae650bd14cc",
              "isHook": false,
              "skipped": false
            },
            {
              "title": "Press \"CONTINUE\" button with empty email and with valid username and strong password then submit",
              "fullTitle": "Test Sign up first form Press \"CONTINUE\" button with empty email and with valid username and strong password then submit",
              "timedOut": null,
              "duration": 0,
              "state": "skipped",
              "speed": null,
              "pass": false,
              "fail": false,
              "pending": false,
              "context": null,
              "code": "const signUp = new _signUpObjects.default();\nsignUp.continue(); //signUp.goSecondForm()\nsignUp.enterUserName('Samaa_hazem22fxggf');\nsignUp.enterPassword('asdfghje123');\nsignUp.signUpBotton();",
              "err": {},
              "uuid": "3516d9ce-4c23-41d7-a3be-2ecbeffbe086",
              "parentUUID": "d40c1f15-8540-48d7-9332-5ae650bd14cc",
              "isHook": false,
              "skipped": true
            },
            {
              "title": "Without pressing \"CONTINUE\" with invalid email",
              "fullTitle": "Test Sign up first form Without pressing \"CONTINUE\" with invalid email",
              "timedOut": null,
              "duration": 0,
              "state": "skipped",
              "speed": null,
              "pass": false,
              "fail": false,
              "pending": false,
              "context": null,
              "code": "const signUp = new _signUpObjects.default();\nsignUp.enterEmail('hello'); //signUp.continue() \nsignUp.emailErrMsg('Please fix your email to continue');\nsignUp.goNotSecondForm();",
              "err": {},
              "uuid": "2dd4938a-4177-42bd-8b6d-5a17248ffe19",
              "parentUUID": "d40c1f15-8540-48d7-9332-5ae650bd14cc",
              "isHook": false,
              "skipped": true
            },
            {
              "title": "Press \"CONTINUE\" with invalid email",
              "fullTitle": "Test Sign up first form Press \"CONTINUE\" with invalid email",
              "timedOut": null,
              "duration": 0,
              "state": "skipped",
              "speed": null,
              "pass": false,
              "fail": false,
              "pending": false,
              "context": null,
              "code": "const signUp = new _signUpObjects.default();\nsignUp.enterEmail('hello'); //signUp.emailErrMsg('Please fix your email to continue')\nsignUp.continue();\nsignUp.emailErrMsg('That email is invalid');\nsignUp.goNotSecondForm();",
              "err": {},
              "uuid": "3a45cfd7-8323-4a91-9088-2d5a3bf8f5a8",
              "parentUUID": "d40c1f15-8540-48d7-9332-5ae650bd14cc",
              "isHook": false,
              "skipped": true
            },
            {
              "title": "Press \"CONTINUE\" with invalid email (with .com only)",
              "fullTitle": "Test Sign up first form Press \"CONTINUE\" with invalid email (with .com only)",
              "timedOut": null,
              "duration": 0,
              "state": "skipped",
              "speed": null,
              "pass": false,
              "fail": false,
              "pending": false,
              "context": null,
              "code": "const signUp = new _signUpObjects.default();\nsignUp.enterEmail('hello.com');\nsignUp.continue();\nsignUp.emailErrMsg('That email is invalid');\nsignUp.goNotSecondForm();",
              "err": {},
              "uuid": "3469b46d-e58b-4e23-822d-7128f9afeb83",
              "parentUUID": "d40c1f15-8540-48d7-9332-5ae650bd14cc",
              "isHook": false,
              "skipped": true
            },
            {
              "title": "Press \"CONTINUE\" with invalid email (with @ only)",
              "fullTitle": "Test Sign up first form Press \"CONTINUE\" with invalid email (with @ only)",
              "timedOut": null,
              "duration": 0,
              "state": "skipped",
              "speed": null,
              "pass": false,
              "fail": false,
              "pending": false,
              "context": null,
              "code": "const signUp = new _signUpObjects.default();\nsignUp.enterEmail('hello.com');\nsignUp.continue();\nsignUp.emailErrMsg('That email is invalid');\nsignUp.goNotSecondForm();",
              "err": {},
              "uuid": "181115c4-ca13-42e5-8e0b-7119eb041323",
              "parentUUID": "d40c1f15-8540-48d7-9332-5ae650bd14cc",
              "isHook": false,
              "skipped": true
            },
            {
              "title": "Press \"CONTINUE\" with invalid email (with @ and .com)",
              "fullTitle": "Test Sign up first form Press \"CONTINUE\" with invalid email (with @ and .com)",
              "timedOut": null,
              "duration": 0,
              "state": "skipped",
              "speed": null,
              "pass": false,
              "fail": false,
              "pending": false,
              "context": null,
              "code": "const signUp = new _signUpObjects.default();\nsignUp.enterEmail('hello.com');\nsignUp.continue();\nsignUp.emailErrMsg('That email is invalid');\nsignUp.goNotSecondForm();",
              "err": {},
              "uuid": "91b7018d-709a-42e7-951b-a3d40dd00855",
              "parentUUID": "d40c1f15-8540-48d7-9332-5ae650bd14cc",
              "isHook": false,
              "skipped": true
            },
            {
              "title": "Press \"CONTINUE\" with valid non-existing email",
              "fullTitle": "Test Sign up first form Press \"CONTINUE\" with valid non-existing email",
              "timedOut": null,
              "duration": 0,
              "state": "skipped",
              "speed": null,
              "pass": false,
              "fail": false,
              "pending": false,
              "context": null,
              "code": "const signUp = new _signUpObjects.default();\nsignUp.enterEmail('hello.dfghj@gmail.com');\nsignUp.continue(); //.emailErrMsg('That email is invalid')\nsignUp.goSecondForm();",
              "err": {},
              "uuid": "d5d07734-aa6c-4088-9c78-07b04eed7a4a",
              "parentUUID": "d40c1f15-8540-48d7-9332-5ae650bd14cc",
              "isHook": false,
              "skipped": true
            },
            {
              "title": "Entering a valid email without pressing \"CONTINUE\"",
              "fullTitle": "Test Sign up first form Entering a valid email without pressing \"CONTINUE\"",
              "timedOut": null,
              "duration": 0,
              "state": "skipped",
              "speed": null,
              "pass": false,
              "fail": false,
              "pending": false,
              "context": null,
              "code": "const signUp = new _signUpObjects.default();\nsignUp.enterEmail('sama.hazem22@gmail.com');\nsignUp.goNotSecondForm();",
              "err": {},
              "uuid": "ac10d5ea-00a7-4125-8801-2ddfcd583f33",
              "parentUUID": "d40c1f15-8540-48d7-9332-5ae650bd14cc",
              "isHook": false,
              "skipped": true
            },
            {
              "title": "Entering a valid email and press the \"CONTINUE\" ",
              "fullTitle": "Test Sign up first form Entering a valid email and press the \"CONTINUE\" ",
              "timedOut": null,
              "duration": 0,
              "state": "skipped",
              "speed": null,
              "pass": false,
              "fail": false,
              "pending": false,
              "context": null,
              "code": "const signUp = new _signUpObjects.default();\nsignUp.enterEmail('sama.hazem22@gmail.com');\nsignUp.continue();\nsignUp.goSecondForm();",
              "err": {},
              "uuid": "e8141e7f-52d6-4a14-8604-64a3e1d46beb",
              "parentUUID": "d40c1f15-8540-48d7-9332-5ae650bd14cc",
              "isHook": false,
              "skipped": true
            },
            {
              "title": "Entering a valid email of an existing account",
              "fullTitle": "Test Sign up first form Entering a valid email of an existing account",
              "timedOut": null,
              "duration": 0,
              "state": "skipped",
              "speed": null,
              "pass": false,
              "fail": false,
              "pending": false,
              "context": null,
              "code": "const signUp = new _signUpObjects.default();\nsignUp.enterEmail('sama.hazem22@gmail.com');\nsignUp.continue();\nsignUp.goSecondForm();",
              "err": {},
              "uuid": "d4d15c9c-feab-4f2b-a786-6eef4b361362",
              "parentUUID": "d40c1f15-8540-48d7-9332-5ae650bd14cc",
              "isHook": false,
              "skipped": true
            },
            {
              "title": "Click the \"LOG IN\" will load the Login page",
              "fullTitle": "Test Sign up first form Click the \"LOG IN\" will load the Login page",
              "timedOut": null,
              "duration": 0,
              "state": "skipped",
              "speed": null,
              "pass": false,
              "fail": false,
              "pending": false,
              "context": null,
              "code": "const signUp = new _signUpObjects.default();\nsignUp.loginPage();\nsignUp.urlChecker('http://read-it.francecentral.cloudapp.azure.com/login');",
              "err": {},
              "uuid": "9d9acc9b-48bf-415f-b9c6-d74d2140e99b",
              "parentUUID": "d40c1f15-8540-48d7-9332-5ae650bd14cc",
              "isHook": false,
              "skipped": true
            },
            {
              "title": "Clicking on the \"User Agreement\" will load the (User Agreement page)",
              "fullTitle": "Test Sign up first form Clicking on the \"User Agreement\" will load the (User Agreement page)",
              "timedOut": null,
              "duration": 0,
              "state": "skipped",
              "speed": null,
              "pass": false,
              "fail": false,
              "pending": false,
              "context": null,
              "code": "const signUp = new _signUpObjects.default();\nsignUp.userAgreementPage();\nsignUp.urlChecker('https://www.redditinc.com/policies/user-agreement');",
              "err": {},
              "uuid": "2c463110-aed0-4c88-b8fe-f2a7f92a9922",
              "parentUUID": "d40c1f15-8540-48d7-9332-5ae650bd14cc",
              "isHook": false,
              "skipped": true
            },
            {
              "title": "Clicking on the \"Privacy Policy\" will load the (Privacy Policy)",
              "fullTitle": "Test Sign up first form Clicking on the \"Privacy Policy\" will load the (Privacy Policy)",
              "timedOut": null,
              "duration": 0,
              "state": "skipped",
              "speed": null,
              "pass": false,
              "fail": false,
              "pending": false,
              "context": null,
              "code": "const signUp = new _signUpObjects.default();\nsignUp.privacyPolicyPage();\nsignUp.urlChecker('https://www.reddit.com/policies/privacy-policy');",
              "err": {},
              "uuid": "95c00e69-04ef-4f32-a0fe-311a9eb98999",
              "parentUUID": "d40c1f15-8540-48d7-9332-5ae650bd14cc",
              "isHook": false,
              "skipped": true
            }
          ],
          "suites": [],
          "passes": [],
          "failures": [
            "7e7f7f1d-f509-48aa-86fc-391a0d089a95"
          ],
          "pending": [],
          "skipped": [
            "3516d9ce-4c23-41d7-a3be-2ecbeffbe086",
            "2dd4938a-4177-42bd-8b6d-5a17248ffe19",
            "3a45cfd7-8323-4a91-9088-2d5a3bf8f5a8",
            "3469b46d-e58b-4e23-822d-7128f9afeb83",
            "181115c4-ca13-42e5-8e0b-7119eb041323",
            "91b7018d-709a-42e7-951b-a3d40dd00855",
            "d5d07734-aa6c-4088-9c78-07b04eed7a4a",
            "ac10d5ea-00a7-4125-8801-2ddfcd583f33",
            "e8141e7f-52d6-4a14-8604-64a3e1d46beb",
            "d4d15c9c-feab-4f2b-a786-6eef4b361362",
            "9d9acc9b-48bf-415f-b9c6-d74d2140e99b",
            "2c463110-aed0-4c88-b8fe-f2a7f92a9922",
            "95c00e69-04ef-4f32-a0fe-311a9eb98999"
          ],
          "duration": 10188,
          "root": false,
          "rootEmpty": false,
          "_timeout": 2000
        }
      ],
      "passes": [],
      "failures": [],
      "pending": [],
      "skipped": [],
      "duration": 0,
      "root": true,
      "rootEmpty": true,
      "_timeout": 2000
    }
  ],
  "meta": {
    "mocha": {
      "version": "7.0.1"
    },
    "mochawesome": {
      "options": {
        "quiet": false,
        "reportFilename": "mochawesome",
        "saveHtml": false,
        "saveJson": true,
        "consoleReporter": "spec",
        "useInlineDiffs": false,
        "code": true
      },
      "version": "7.1.3"
    },
    "marge": {
      "options": {
        "charts": true,
        "overwrite": false,
        "html": false,
        "json": true,
        "reportDir": "cypress/report/mochawesome-report"
      },
      "version": "6.2.0"
    }
  }
}