{
  "stats": {
    "suites": 1,
    "tests": 1,
    "passes": 0,
    "pending": 0,
    "failures": 1,
    "start": "2022-11-12T21:14:32.790Z",
    "end": "2022-11-12T21:14:33.560Z",
    "duration": 770,
    "testsRegistered": 26,
    "passPercent": 0,
    "pendingPercent": 0,
    "other": 0,
    "hasOther": false,
    "skipped": 25,
    "hasSkipped": true
  },
  "results": [
    {
      "uuid": "97b68038-e238-4748-85d6-889394c526b1",
      "title": "",
      "fullFile": "cypress/e2e/SWE_PROJECT/PostActions/postAction.cy.js",
      "file": "cypress/e2e/SWE_PROJECT/PostActions/postAction.cy.js",
      "beforeHooks": [],
      "afterHooks": [],
      "tests": [],
      "suites": [
        {
          "uuid": "33336612-930a-4000-93df-dae1882b023d",
          "title": "Test some actions on post",
          "fullFile": "",
          "file": "",
          "beforeHooks": [],
          "afterHooks": [],
          "tests": [
            {
              "title": "Check saving arbitrary post in (SAVED) page in user profile",
              "fullTitle": "Test some actions on post Check saving arbitrary post in (SAVED) page in user profile",
              "timedOut": null,
              "duration": 722,
              "state": "failed",
              "speed": null,
              "pass": false,
              "fail": true,
              "pending": false,
              "context": null,
              "code": "const postAct = new _postActionObjects.default();\nconst userProfile = new _userProfileObject.default();\npostAct.firstPostActionsList();\npostAct.savePost();\npostAct.getFirstPostTitle().then(title => {\n  postAct.showSettingsSubmenu();\n  postAct.goUserProfile();\n  userProfile.saved();\n  userProfile.findPost(title);\n});",
              "err": {
                "message": "CypressError: `cy.visit()` failed trying to load:\n\nhttp://localhost/main\n\nWe attempted to make an http request to this URL but the request failed without a response.\n\nWe received this error at the network level:\n\n  > Error: connect ECONNREFUSED 127.0.0.1:80\n\nCommon situations why this would fail:\n  - you don't have internet access\n  - you forgot to run / boot your web server\n  - your web server isn't accessible\n  - you have weird network configuration settings on your computer\n\nBecause this error occurred during a `before each` hook we are skipping the remaining tests in the current suite: `Test some actions on post`",
                "estack": "CypressError: `cy.visit()` failed trying to load:\n\nhttp://localhost/main\n\nWe attempted to make an http request to this URL but the request failed without a response.\n\nWe received this error at the network level:\n\n  > Error: connect ECONNREFUSED 127.0.0.1:80\n\nCommon situations why this would fail:\n  - you don't have internet access\n  - you forgot to run / boot your web server\n  - your web server isn't accessible\n  - you have weird network configuration settings on your computer\n\nBecause this error occurred during a `before each` hook we are skipping the remaining tests in the current suite: `Test some actions on post`\n    at <unknown> (http://localhost:44893/__cypress/runner/cypress_runner.js:142341:82)\n    at visitFailedByErr (http://localhost:44893/__cypress/runner/cypress_runner.js:141629:12)\n    at <unknown> (http://localhost:44893/__cypress/runner/cypress_runner.js:142340:11)\n    at tryCatcher (http://localhost:44893/__cypress/runner/cypress_runner.js:11318:23)\n    at Promise._settlePromiseFromHandler (http://localhost:44893/__cypress/runner/cypress_runner.js:9253:31)\n    at Promise._settlePromise (http://localhost:44893/__cypress/runner/cypress_runner.js:9310:18)\n    at Promise._settlePromise0 (http://localhost:44893/__cypress/runner/cypress_runner.js:9355:10)\n    at Promise._settlePromises (http://localhost:44893/__cypress/runner/cypress_runner.js:9431:18)\n    at _drainQueueStep (http://localhost:44893/__cypress/runner/cypress_runner.js:6025:12)\n    at _drainQueue (http://localhost:44893/__cypress/runner/cypress_runner.js:6018:9)\n    at ../../node_modules/bluebird/js/release/async.js.Async._drainQueues (http://localhost:44893/__cypress/runner/cypress_runner.js:6034:5)\n    at Async.drainQueues (http://localhost:44893/__cypress/runner/cypress_runner.js:5904:14)\nFrom Your Spec Code:\n    at postActionObjects.navigate (webpack:///./cypress/e2e/SWE_PROJECT/PageObjects/CreatePostObjects/postActionObjects.js:9:11)\n    at Context.eval (webpack:///./cypress/e2e/SWE_PROJECT/PostActions/postAction.cy.js:11:12)\n\nFrom Node.js Internals:\n  Error: connect ECONNREFUSED 127.0.0.1:80\n      at TCPConnectWrap.afterConnect [as oncomplete] (node:net:1187:16)",
                "diff": null
              },
              "uuid": "ddad91dc-23fd-4a8f-8a8e-8df2189b53d6",
              "parentUUID": "33336612-930a-4000-93df-dae1882b023d",
              "isHook": false,
              "skipped": false
            },
            {
              "title": "Appearance of saving post message and its syntax",
              "fullTitle": "Test some actions on post Appearance of saving post message and its syntax",
              "timedOut": null,
              "duration": 0,
              "state": "skipped",
              "speed": null,
              "pass": false,
              "fail": false,
              "pending": false,
              "context": null,
              "code": "const postAct = new _postActionObjects.default();\npostAct.firstPostActionsList();\npostAct.savePost();\npostAct.saveMsgSyntax();",
              "err": {},
              "uuid": "f4f83b3d-5b45-4978-b2ff-1f5467b9cfb7",
              "parentUUID": "33336612-930a-4000-93df-dae1882b023d",
              "isHook": false,
              "skipped": true
            },
            {
              "title": "Check message after clicking on (Undo) in saving post message",
              "fullTitle": "Test some actions on post Check message after clicking on (Undo) in saving post message",
              "timedOut": null,
              "duration": 0,
              "state": "skipped",
              "speed": null,
              "pass": false,
              "fail": false,
              "pending": false,
              "context": null,
              "code": "const postAct = new _postActionObjects.default();\npostAct.firstPostActionsList();\npostAct.savePost();\npostAct.unsaveMsgSyntax();",
              "err": {},
              "uuid": "2666f4ea-3760-4644-8c91-f7fb9974cec3",
              "parentUUID": "33336612-930a-4000-93df-dae1882b023d",
              "isHook": false,
              "skipped": true
            },
            {
              "title": "Check unsaving post in (SAVED) page in user profile after click on (Undo) in save message",
              "fullTitle": "Test some actions on post Check unsaving post in (SAVED) page in user profile after click on (Undo) in save message",
              "timedOut": null,
              "duration": 0,
              "state": "skipped",
              "speed": null,
              "pass": false,
              "fail": false,
              "pending": false,
              "context": null,
              "code": "const postAct = new _postActionObjects.default();\nconst userProfile = new _userProfileObject.default();\npostAct.firstPostActionsList();\npostAct.savePost();\npostAct.saveUndoByMsg();\npostAct.getFirstPostTitle().then(title => {\n  postAct.showSettingsSubmenu();\n  postAct.goUserProfile();\n  userProfile.saved();\n  userProfile.disappearanceOfPost(title);\n}); //save a post go to SAVED in your profile and chrck if it is unsaved or not\n//?Later:how to check for the post that i unsaved right now not another post?",
              "err": {},
              "uuid": "f9b6c739-3a39-4d3c-955b-2f9b3306fa30",
              "parentUUID": "33336612-930a-4000-93df-dae1882b023d",
              "isHook": false,
              "skipped": true
            },
            {
              "title": "Check unsaving arbitrary saved post in (SAVED) page in user profile",
              "fullTitle": "Test some actions on post Check unsaving arbitrary saved post in (SAVED) page in user profile",
              "timedOut": null,
              "duration": 0,
              "state": "skipped",
              "speed": null,
              "pass": false,
              "fail": false,
              "pending": false,
              "context": null,
              "code": "const postAct = new _postActionObjects.default();\nconst userProfile = new _userProfileObject.default();\npostAct.firstPostActionsList();\npostAct.savePost(); //NOTE: wait some time until the message of saving post diappeare\ncy.wait(8000);\npostAct.firstPostActionsList();\npostAct.unsavePost();\npostAct.getFirstPostTitle().then(title => {\n  postAct.showSettingsSubmenu();\n  postAct.goUserProfile();\n  userProfile.saved();\n  userProfile.disappearanceOfPost(title);\n}); //save a post go to SAVED in your profile and chrck if it is saved or not\n//?Later:how to check for the post that i saved right now not another post?",
              "err": {},
              "uuid": "cd2749f3-0c5e-4d46-b1c7-05b4aecbc98e",
              "parentUUID": "33336612-930a-4000-93df-dae1882b023d",
              "isHook": false,
              "skipped": true
            },
            {
              "title": "Appearance of unsaving post message and its syntax",
              "fullTitle": "Test some actions on post Appearance of unsaving post message and its syntax",
              "timedOut": null,
              "duration": 0,
              "state": "skipped",
              "speed": null,
              "pass": false,
              "fail": false,
              "pending": false,
              "context": null,
              "code": "const postAct = new _postActionObjects.default();\npostAct.firstPostActionsList();\npostAct.savePost(); //NOTE: wait some time until the message of saving post diappeare\ncy.wait(8000);\npostAct.firstPostActionsList();\npostAct.unsavePost();\npostAct.unsaveMsgSyntax();",
              "err": {},
              "uuid": "d745757e-ec3d-440b-a35e-f686a798ae88",
              "parentUUID": "33336612-930a-4000-93df-dae1882b023d",
              "isHook": false,
              "skipped": true
            },
            {
              "title": "Check message after clicking on (Undo) in unsaving post message",
              "fullTitle": "Test some actions on post Check message after clicking on (Undo) in unsaving post message",
              "timedOut": null,
              "duration": 0,
              "state": "skipped",
              "speed": null,
              "pass": false,
              "fail": false,
              "pending": false,
              "context": null,
              "code": "const postAct = new _postActionObjects.default();\npostAct.firstPostActionsList();\npostAct.savePost(); //NOTE: wait some time until the message of saving post diappeare\ncy.wait(8000);\npostAct.firstPostActionsList();\npostAct.unsavePost();\npostAct.unsaveUndoByMsg();\npostAct.saveMsgSyntax();",
              "err": {},
              "uuid": "bec61a5c-1adb-47ef-beb7-7a76484834d0",
              "parentUUID": "33336612-930a-4000-93df-dae1882b023d",
              "isHook": false,
              "skipped": true
            },
            {
              "title": "Check saving post in (SAVED) page in user profile after click on (Undo) in unsave message",
              "fullTitle": "Test some actions on post Check saving post in (SAVED) page in user profile after click on (Undo) in unsave message",
              "timedOut": null,
              "duration": 0,
              "state": "skipped",
              "speed": null,
              "pass": false,
              "fail": false,
              "pending": false,
              "context": null,
              "code": "const postAct = new _postActionObjects.default();\npostAct.firstPostActionsList();\npostAct.savePost(); //NOTE: wait some time until the message of saving post diappeare\ncy.wait(8000);\npostAct.firstPostActionsList();\npostAct.unsavePost();\npostAct.unsaveUndoByMsg();\npostAct.getFirstPostTitle().then(title => {\n  postAct.showSettingsSubmenu();\n  postAct.goUserProfile();\n  userProfile.saved();\n  userProfile.findPost(title);\n});",
              "err": {},
              "uuid": "7dcebb1f-5720-4bce-ada5-2c8cde5085a0",
              "parentUUID": "33336612-930a-4000-93df-dae1882b023d",
              "isHook": false,
              "skipped": true
            },
            {
              "title": "Check hiding arbitrary post in (HIDDEN) page in user profile",
              "fullTitle": "Test some actions on post Check hiding arbitrary post in (HIDDEN) page in user profile",
              "timedOut": null,
              "duration": 0,
              "state": "skipped",
              "speed": null,
              "pass": false,
              "fail": false,
              "pending": false,
              "context": null,
              "code": "const postAct = new _postActionObjects.default();\nconst userProfile = new _userProfileObject.default();\npostAct.firstPostActionsList();\npostAct.hidePost();\npostAct.getFirstPostTitle().then(title => {\n  postAct.showSettingsSubmenu();\n  postAct.goUserProfile();\n  userProfile.hidden();\n  userProfile.findPost(title);\n}); //check : Disappearance for the arbitrary hidden post\n//hide a post go to HIDDEN in your profile and chrck if it is hide or not\n//?Later:how to check for the post that i hide right now not another post?",
              "err": {},
              "uuid": "af6884ed-109f-4e73-98ae-5a366372864a",
              "parentUUID": "33336612-930a-4000-93df-dae1882b023d",
              "isHook": false,
              "skipped": true
            },
            {
              "title": "Appearance of hiding post message and its syntax",
              "fullTitle": "Test some actions on post Appearance of hiding post message and its syntax",
              "timedOut": null,
              "duration": 0,
              "state": "skipped",
              "speed": null,
              "pass": false,
              "fail": false,
              "pending": false,
              "context": null,
              "code": "const postAct = new _postActionObjects.default();\npostAct.firstPostActionsList();\npostAct.hidePost();\npostAct.hideMsgSyntax();",
              "err": {},
              "uuid": "00fcc3b1-15f4-4d3d-bf4a-151f8532e0a3",
              "parentUUID": "33336612-930a-4000-93df-dae1882b023d",
              "isHook": false,
              "skipped": true
            },
            {
              "title": "Check message after clicking on (Undo) in hiding post message ",
              "fullTitle": "Test some actions on post Check message after clicking on (Undo) in hiding post message ",
              "timedOut": null,
              "duration": 0,
              "state": "skipped",
              "speed": null,
              "pass": false,
              "fail": false,
              "pending": false,
              "context": null,
              "code": "const postAct = new _postActionObjects.default();\npostAct.firstPostActionsList();\npostAct.hidePost();\npostAct.hideUndoByMsg();\npostAct.unhideMsgDisappearance(); //NOTE: unlike undo of save and save , there is no message appeare after pree undo in hidden msg",
              "err": {},
              "uuid": "ea4cdf07-392c-43f3-bca9-36a691166c9e",
              "parentUUID": "33336612-930a-4000-93df-dae1882b023d",
              "isHook": false,
              "skipped": true
            },
            {
              "title": "Disappearance of a hidden home post in home page",
              "fullTitle": "Test some actions on post Disappearance of a hidden home post in home page",
              "timedOut": null,
              "duration": 0,
              "state": "skipped",
              "speed": null,
              "pass": false,
              "fail": false,
              "pending": false,
              "context": null,
              "code": "const postAct = new _postActionObjects.default();\npostAct.getFirstPostTitle().then(title => {\n  postAct.firstPostActionsList();\n  postAct.hidePost();\n  postAct.disappHiddenfPost(title);\n});",
              "err": {},
              "uuid": "e1f7f46c-34b3-4903-b35f-18c3db732257",
              "parentUUID": "33336612-930a-4000-93df-dae1882b023d",
              "isHook": false,
              "skipped": true
            },
            {
              "title": "Disappearance of (Unhide) option in the hiddden home post",
              "fullTitle": "Test some actions on post Disappearance of (Unhide) option in the hiddden home post",
              "timedOut": null,
              "duration": 0,
              "state": "skipped",
              "speed": null,
              "pass": false,
              "fail": false,
              "pending": false,
              "context": null,
              "code": "const postAct = new _postActionObjects.default();\npostAct.firstPostActionsList();\npostAct.hidePost();\npostAct.unhidePostDisappearance(); //you can not unhide any post from its option, it is just done from (HIDDEN) page in the user page",
              "err": {},
              "uuid": "902ad2d7-333d-47d0-88d0-81e64d9f084c",
              "parentUUID": "33336612-930a-4000-93df-dae1882b023d",
              "isHook": false,
              "skipped": true
            },
            {
              "title": "Disappearance of edit option of a post that dose not belong to the user",
              "fullTitle": "Test some actions on post Disappearance of edit option of a post that dose not belong to the user",
              "timedOut": null,
              "duration": 0,
              "state": "skipped",
              "speed": null,
              "pass": false,
              "fail": false,
              "pending": false,
              "context": null,
              "code": "const postAct = new _postActionObjects.default();\npostAct.firstPostActionsList();\npostAct.editPostDisappearance(); //?:check the ability to edit a post which is not mine (even if i share it in my profile <= m.s )",
              "err": {},
              "uuid": "a102dde5-0a64-483a-a624-676b1efd2a89",
              "parentUUID": "33336612-930a-4000-93df-dae1882b023d",
              "isHook": false,
              "skipped": true
            },
            {
              "title": "Check numbers of votes after upvote",
              "fullTitle": "Test some actions on post Check numbers of votes after upvote",
              "timedOut": null,
              "duration": 0,
              "state": "skipped",
              "speed": null,
              "pass": false,
              "fail": false,
              "pending": false,
              "context": null,
              "code": "const postAct = new _postActionObjects.default(); //?later: how to check thousand vote numbers?\npostAct.votesNum().then(num_str => {\n  let num = parseInt(num_str);\n  postAct.upvotePost();\n  num = num + 1;\n  let string = `${num}`;\n  postAct.checkVotesNum(string);\n});",
              "err": {},
              "uuid": "a7cac4e0-bc19-4362-bc9f-f11b18e03201",
              "parentUUID": "33336612-930a-4000-93df-dae1882b023d",
              "isHook": false,
              "skipped": true
            },
            {
              "title": "Downvoting after upvoting the same post",
              "fullTitle": "Test some actions on post Downvoting after upvoting the same post",
              "timedOut": null,
              "duration": 0,
              "state": "skipped",
              "speed": null,
              "pass": false,
              "fail": false,
              "pending": false,
              "context": null,
              "code": "const postAct = new _postActionObjects.default();\npostAct.votesNum().then(num_str => {\n  let num = parseInt(num_str);\n  postAct.upvotePost();\n  postAct.downvotePost();\n  num = num - 1;\n  let string = `${num}`;\n  postAct.checkVotesNum(string);\n});",
              "err": {},
              "uuid": "1faded00-73ff-4eb8-a671-c91f2f0821ba",
              "parentUUID": "33336612-930a-4000-93df-dae1882b023d",
              "isHook": false,
              "skipped": true
            },
            {
              "title": "Upvoting after downvoting the same post",
              "fullTitle": "Test some actions on post Upvoting after downvoting the same post",
              "timedOut": null,
              "duration": 0,
              "state": "skipped",
              "speed": null,
              "pass": false,
              "fail": false,
              "pending": false,
              "context": null,
              "code": "const postAct = new _postActionObjects.default();\npostAct.votesNum().then(num_str => {\n  let num = parseInt(num_str);\n  postAct.downvotePost();\n  postAct.upvotePost();\n  num = num + 1;\n  let string = `${num}`;\n  postAct.checkVotesNum(string);\n});",
              "err": {},
              "uuid": "ee2a0e1a-9344-4e92-adbb-5291e7d9b0c3",
              "parentUUID": "33336612-930a-4000-93df-dae1882b023d",
              "isHook": false,
              "skipped": true
            },
            {
              "title": "Cancel upvoting by clicking on upvote button even numbers of time",
              "fullTitle": "Test some actions on post Cancel upvoting by clicking on upvote button even numbers of time",
              "timedOut": null,
              "duration": 0,
              "state": "skipped",
              "speed": null,
              "pass": false,
              "fail": false,
              "pending": false,
              "context": null,
              "code": "const postAct = new _postActionObjects.default();\npostAct.votesNum().then(num_str => {\n  postAct.upvotePost();\n  postAct.upvotePost();\n  postAct.checkVotesNum(num_str); //same old number num_str not num_str+2\n});",
              "err": {},
              "uuid": "8400b18b-54e3-4750-9f89-84c302a91f73",
              "parentUUID": "33336612-930a-4000-93df-dae1882b023d",
              "isHook": false,
              "skipped": true
            },
            {
              "title": "Click on upvote button odd numbers of time",
              "fullTitle": "Test some actions on post Click on upvote button odd numbers of time",
              "timedOut": null,
              "duration": 0,
              "state": "skipped",
              "speed": null,
              "pass": false,
              "fail": false,
              "pending": false,
              "context": null,
              "code": "const postAct = new _postActionObjects.default();\npostAct.votesNum().then(num_str => {\n  let num = parseInt(num_str);\n  postAct.upvotePost();\n  postAct.upvotePost();\n  postAct.upvotePost();\n  num = num + 1;\n  let string = `${num}`;\n  postAct.checkVotesNum(string); //num_str+1 not num_str+3\n}); //it should be counted as one upvote",
              "err": {},
              "uuid": "98894f62-7de6-4d95-83cc-a2cda691d241",
              "parentUUID": "33336612-930a-4000-93df-dae1882b023d",
              "isHook": false,
              "skipped": true
            },
            {
              "title": "Click on downvote button odd numbers of time",
              "fullTitle": "Test some actions on post Click on downvote button odd numbers of time",
              "timedOut": null,
              "duration": 0,
              "state": "skipped",
              "speed": null,
              "pass": false,
              "fail": false,
              "pending": false,
              "context": null,
              "code": "const postAct = new _postActionObjects.default();\npostAct.votesNum().then(num_str => {\n  let num = parseInt(num_str);\n  postAct.downvotePost();\n  postAct.downvotePost();\n  postAct.downvotePost();\n  num = num - 1;\n  let string = `${num}`;\n  postAct.checkVotesNum(string); //num_str-1 not num_str-3\n});",
              "err": {},
              "uuid": "decd15e8-778f-4a27-91d7-61edb54d2b30",
              "parentUUID": "33336612-930a-4000-93df-dae1882b023d",
              "isHook": false,
              "skipped": true
            },
            {
              "title": "Cancel downvoting by clicking on downvote button even numbers of time",
              "fullTitle": "Test some actions on post Cancel downvoting by clicking on downvote button even numbers of time",
              "timedOut": null,
              "duration": 0,
              "state": "skipped",
              "speed": null,
              "pass": false,
              "fail": false,
              "pending": false,
              "context": null,
              "code": "const postAct = new _postActionObjects.default();\npostAct.votesNum().then(num_str => {\n  postAct.downvotePost();\n  postAct.downvotePost();\n  postAct.checkVotesNum(num_str); //same old number num_str not num_str-2\n});",
              "err": {},
              "uuid": "b8a2059c-8d5a-4023-8652-3dd8e0ea1c9c",
              "parentUUID": "33336612-930a-4000-93df-dae1882b023d",
              "isHook": false,
              "skipped": true
            },
            {
              "title": "Check upvoted post in UPVOTE page in user profile",
              "fullTitle": "Test some actions on post Check upvoted post in UPVOTE page in user profile",
              "timedOut": null,
              "duration": 0,
              "state": "skipped",
              "speed": null,
              "pass": false,
              "fail": false,
              "pending": false,
              "context": null,
              "code": "const postAct = new _postActionObjects.default();\nconst userProfile = new _userProfileObject.default();\npostAct.upvotePost();\npostAct.getFirstPostTitle().then(title => {\n  postAct.showSettingsSubmenu();\n  postAct.goUserProfile();\n  userProfile.upvoted();\n  userProfile.findPost(title);\n});",
              "err": {},
              "uuid": "8c59921a-1f77-4d41-98bd-a6040a99411e",
              "parentUUID": "33336612-930a-4000-93df-dae1882b023d",
              "isHook": false,
              "skipped": true
            },
            {
              "title": "Check downvoted post in DOWNVOTE page in user profile",
              "fullTitle": "Test some actions on post Check downvoted post in DOWNVOTE page in user profile",
              "timedOut": null,
              "duration": 0,
              "state": "skipped",
              "speed": null,
              "pass": false,
              "fail": false,
              "pending": false,
              "context": null,
              "code": "const postAct = new _postActionObjects.default();\nconst userProfile = new _userProfileObject.default();\npostAct.downvotePost();\npostAct.getFirstPostTitle().then(title => {\n  postAct.showSettingsSubmenu();\n  postAct.goUserProfile();\n  userProfile.downvoted();\n  userProfile.findPost(title);\n});",
              "err": {},
              "uuid": "c32ea131-0c04-432f-95d8-291b746bf226",
              "parentUUID": "33336612-930a-4000-93df-dae1882b023d",
              "isHook": false,
              "skipped": true
            },
            {
              "title": "Disappearance of delete option of a post that dose not belong to the user",
              "fullTitle": "Test some actions on post Disappearance of delete option of a post that dose not belong to the user",
              "timedOut": null,
              "duration": 0,
              "state": "skipped",
              "speed": null,
              "pass": false,
              "fail": false,
              "pending": false,
              "context": null,
              "code": "const postAct = new _postActionObjects.default();\npostAct.firstPostActionsList();\npostAct.deleteDisappearance();",
              "err": {},
              "uuid": "d3c0a283-9b5d-4f1a-9acd-57b9ca757d09",
              "parentUUID": "33336612-930a-4000-93df-dae1882b023d",
              "isHook": false,
              "skipped": true
            },
            {
              "title": "Exsitance of any post",
              "fullTitle": "Test some actions on post Exsitance of any post",
              "timedOut": null,
              "duration": 0,
              "state": "skipped",
              "speed": null,
              "pass": false,
              "fail": false,
              "pending": false,
              "context": null,
              "code": "const postAct = new _postActionObjects.default();\npostAct.getFirstPostTitle();",
              "err": {},
              "uuid": "bc98c55d-391f-4a74-8987-ae4e98d4f98f",
              "parentUUID": "33336612-930a-4000-93df-dae1882b023d",
              "isHook": false,
              "skipped": true
            },
            {
              "title": "check if (Comments)button will go to the comments page of the post",
              "fullTitle": "Test some actions on post check if (Comments)button will go to the comments page of the post",
              "timedOut": null,
              "duration": 0,
              "state": "skipped",
              "speed": null,
              "pass": false,
              "fail": false,
              "pending": false,
              "context": null,
              "code": "const postAct = new _postActionObjects.default();\npostAct.comments();\npostAct.checkCommmentPage();",
              "err": {},
              "uuid": "eb28afb4-e216-4055-8821-8132d45b48b7",
              "parentUUID": "33336612-930a-4000-93df-dae1882b023d",
              "isHook": false,
              "skipped": true
            }
          ],
          "suites": [],
          "passes": [],
          "failures": [
            "ddad91dc-23fd-4a8f-8a8e-8df2189b53d6"
          ],
          "pending": [],
          "skipped": [
            "f4f83b3d-5b45-4978-b2ff-1f5467b9cfb7",
            "2666f4ea-3760-4644-8c91-f7fb9974cec3",
            "f9b6c739-3a39-4d3c-955b-2f9b3306fa30",
            "cd2749f3-0c5e-4d46-b1c7-05b4aecbc98e",
            "d745757e-ec3d-440b-a35e-f686a798ae88",
            "bec61a5c-1adb-47ef-beb7-7a76484834d0",
            "7dcebb1f-5720-4bce-ada5-2c8cde5085a0",
            "af6884ed-109f-4e73-98ae-5a366372864a",
            "00fcc3b1-15f4-4d3d-bf4a-151f8532e0a3",
            "ea4cdf07-392c-43f3-bca9-36a691166c9e",
            "e1f7f46c-34b3-4903-b35f-18c3db732257",
            "902ad2d7-333d-47d0-88d0-81e64d9f084c",
            "a102dde5-0a64-483a-a624-676b1efd2a89",
            "a7cac4e0-bc19-4362-bc9f-f11b18e03201",
            "1faded00-73ff-4eb8-a671-c91f2f0821ba",
            "ee2a0e1a-9344-4e92-adbb-5291e7d9b0c3",
            "8400b18b-54e3-4750-9f89-84c302a91f73",
            "98894f62-7de6-4d95-83cc-a2cda691d241",
            "decd15e8-778f-4a27-91d7-61edb54d2b30",
            "b8a2059c-8d5a-4023-8652-3dd8e0ea1c9c",
            "8c59921a-1f77-4d41-98bd-a6040a99411e",
            "c32ea131-0c04-432f-95d8-291b746bf226",
            "d3c0a283-9b5d-4f1a-9acd-57b9ca757d09",
            "bc98c55d-391f-4a74-8987-ae4e98d4f98f",
            "eb28afb4-e216-4055-8821-8132d45b48b7"
          ],
          "duration": 722,
          "root": false,
          "rootEmpty": false,
          "_timeout": 2000
        }
      ],
      "passes": [],
      "failures": [],
      "pending": [],
      "skipped": [],
      "duration": 0,
      "root": true,
      "rootEmpty": true,
      "_timeout": 2000
    }
  ],
  "meta": {
    "mocha": {
      "version": "7.0.1"
    },
    "mochawesome": {
      "options": {
        "quiet": false,
        "reportFilename": "mochawesome",
        "saveHtml": false,
        "saveJson": true,
        "consoleReporter": "spec",
        "useInlineDiffs": false,
        "code": true
      },
      "version": "7.1.3"
    },
    "marge": {
      "options": {
        "charts": true,
        "overwrite": false,
        "html": false,
        "json": true,
        "reportDir": "cypress/report/mochawesome-report"
      },
      "version": "6.2.0"
    }
  }
}