{
  "stats": {
    "suites": 1,
    "tests": 7,
    "passes": 2,
    "pending": 0,
    "failures": 5,
    "start": "2022-11-12T21:40:14.955Z",
    "end": "2022-11-12T21:40:22.308Z",
    "duration": 7353,
    "testsRegistered": 7,
    "passPercent": 28.57142857142857,
    "pendingPercent": 0,
    "other": 0,
    "hasOther": false,
    "skipped": 0,
    "hasSkipped": false
  },
  "results": [
    {
      "uuid": "16d8be7d-0bd1-4165-9d68-c30050aa7c74",
      "title": "",
      "fullFile": "cypress/e2e/SWE_PROJECT/SettingsActions/ChatAndMessagingActions.cy.js",
      "file": "cypress/e2e/SWE_PROJECT/SettingsActions/ChatAndMessagingActions.cy.js",
      "beforeHooks": [],
      "afterHooks": [],
      "tests": [],
      "suites": [
        {
          "uuid": "4b10f94a-5ab1-4347-b263-6ba179e71256",
          "title": "Chat And Messaging Tab Tests",
          "fullFile": "",
          "file": "",
          "beforeHooks": [],
          "afterHooks": [],
          "tests": [
            {
              "title": "Who can send you chat requests",
              "fullTitle": "Chat And Messaging Tab Tests Who can send you chat requests",
              "timedOut": null,
              "duration": 2755,
              "state": "failed",
              "speed": null,
              "pass": false,
              "fail": true,
              "pending": false,
              "context": null,
              "code": "const ChatAndMessaging = new _ChatAndMessagingObjects.default();\nChatAndMessaging.navigate();\nChatAndMessaging.WhoCanSendYouChatRequests();\nChatAndMessaging.AccountsOlderThan30DaysChatRequests();\nChatAndMessaging.EveryOneChatRequests();\nChatAndMessaging.NoBodyChatRequests();",
              "err": {
                "message": "CypressError: `cy.click()` can only be called on a single element. Your subject contained 2 elements. Pass `{ multiple: true }` if you want to serially click each element.\n\nhttps://on.cypress.io/click",
                "estack": "CypressError: `cy.click()` can only be called on a single element. Your subject contained 2 elements. Pass `{ multiple: true }` if you want to serially click each element.\n\nhttps://on.cypress.io/click\n    at mouseAction (http://localhost/__cypress/runner/cypress_runner.js:135387:76)\n    at Context.click (http://localhost/__cypress/runner/cypress_runner.js:135566:14)\n    at wrapped (http://localhost/__cypress/runner/cypress_runner.js:157508:19)\nFrom Your Spec Code:\n    at ChatAndMessagingObjects.WhoCanSendYouChatRequests (webpack:///./cypress/e2e/SWE_PROJECT/PageObjects/SettingsObjects/ChatAndMessagingObjects.cy.js:12:13)\n    at Context.eval (webpack:///./cypress/e2e/SWE_PROJECT/SettingsActions/ChatAndMessagingActions.cy.js:16:25)",
                "diff": null
              },
              "uuid": "180e37e6-aa46-43a2-8a73-0d1bed99fd75",
              "parentUUID": "4b10f94a-5ab1-4347-b263-6ba179e71256",
              "isHook": false,
              "skipped": false
            },
            {
              "title": "Who can send you private messages",
              "fullTitle": "Chat And Messaging Tab Tests Who can send you private messages",
              "timedOut": null,
              "duration": 462,
              "state": "failed",
              "speed": null,
              "pass": false,
              "fail": true,
              "pending": false,
              "context": null,
              "code": "const ChatAndMessaging = new _ChatAndMessagingObjects.default();\nChatAndMessaging.navigate();\nChatAndMessaging.WhoCanSendYouPrivateMessages();\nChatAndMessaging.EveryOnePrivateMessages();\nChatAndMessaging.NoBodyPrivateMessages();",
              "err": {
                "message": "CypressError: `cy.click()` can only be called on a single element. Your subject contained 2 elements. Pass `{ multiple: true }` if you want to serially click each element.\n\nhttps://on.cypress.io/click",
                "estack": "CypressError: `cy.click()` can only be called on a single element. Your subject contained 2 elements. Pass `{ multiple: true }` if you want to serially click each element.\n\nhttps://on.cypress.io/click\n    at mouseAction (http://localhost/__cypress/runner/cypress_runner.js:135387:76)\n    at Context.click (http://localhost/__cypress/runner/cypress_runner.js:135566:14)\n    at wrapped (http://localhost/__cypress/runner/cypress_runner.js:157508:19)\nFrom Your Spec Code:\n    at ChatAndMessagingObjects.WhoCanSendYouPrivateMessages (webpack:///./cypress/e2e/SWE_PROJECT/PageObjects/SettingsObjects/ChatAndMessagingObjects.cy.js:39:13)\n    at Context.eval (webpack:///./cypress/e2e/SWE_PROJECT/SettingsActions/ChatAndMessagingActions.cy.js:30:25)",
                "diff": null
              },
              "uuid": "9239037d-2c6d-4ac3-a3ea-1683c7936960",
              "parentUUID": "4b10f94a-5ab1-4347-b263-6ba179e71256",
              "isHook": false,
              "skipped": false
            },
            {
              "title": "Who can send you private messages opened, THEN click on Who can send you chat requests",
              "fullTitle": "Chat And Messaging Tab Tests Who can send you private messages opened, THEN click on Who can send you chat requests",
              "timedOut": null,
              "duration": 546,
              "state": "failed",
              "speed": null,
              "pass": false,
              "fail": true,
              "pending": false,
              "context": null,
              "code": "const ChatAndMessaging = new _ChatAndMessagingObjects.default();\nChatAndMessaging.navigate();\nChatAndMessaging.WhoCanSendYouPrivateMessages();\nChatAndMessaging.WhoCanSendYouChatRequests();\nChatAndMessaging.InvisbleWhoCanSendYouPrivateMessages();",
              "err": {
                "message": "CypressError: `cy.click()` can only be called on a single element. Your subject contained 2 elements. Pass `{ multiple: true }` if you want to serially click each element.\n\nhttps://on.cypress.io/click",
                "estack": "CypressError: `cy.click()` can only be called on a single element. Your subject contained 2 elements. Pass `{ multiple: true }` if you want to serially click each element.\n\nhttps://on.cypress.io/click\n    at mouseAction (http://localhost/__cypress/runner/cypress_runner.js:135387:76)\n    at Context.click (http://localhost/__cypress/runner/cypress_runner.js:135566:14)\n    at wrapped (http://localhost/__cypress/runner/cypress_runner.js:157508:19)\nFrom Your Spec Code:\n    at ChatAndMessagingObjects.WhoCanSendYouPrivateMessages (webpack:///./cypress/e2e/SWE_PROJECT/PageObjects/SettingsObjects/ChatAndMessagingObjects.cy.js:39:13)\n    at Context.eval (webpack:///./cypress/e2e/SWE_PROJECT/SettingsActions/ChatAndMessagingActions.cy.js:43:25)",
                "diff": null
              },
              "uuid": "a02b796a-76a3-47b3-aab2-878758dad25b",
              "parentUUID": "4b10f94a-5ab1-4347-b263-6ba179e71256",
              "isHook": false,
              "skipped": false
            },
            {
              "title": "Who can send you chat requests opened, THEN Who can send you private messages",
              "fullTitle": "Chat And Messaging Tab Tests Who can send you chat requests opened, THEN Who can send you private messages",
              "timedOut": null,
              "duration": 487,
              "state": "failed",
              "speed": null,
              "pass": false,
              "fail": true,
              "pending": false,
              "context": null,
              "code": "const ChatAndMessaging = new _ChatAndMessagingObjects.default();\nChatAndMessaging.navigate(); //TODO: [class=title] ==>need to be changed later ==> Who can send you chat requests\nChatAndMessaging.WhoCanSendYouChatRequests();\nChatAndMessaging.WhoCanSendYouPrivateMessages();\nChatAndMessaging.InvisbleWhoCanSendYouChatRequests();",
              "err": {
                "message": "CypressError: `cy.click()` can only be called on a single element. Your subject contained 2 elements. Pass `{ multiple: true }` if you want to serially click each element.\n\nhttps://on.cypress.io/click",
                "estack": "CypressError: `cy.click()` can only be called on a single element. Your subject contained 2 elements. Pass `{ multiple: true }` if you want to serially click each element.\n\nhttps://on.cypress.io/click\n    at mouseAction (http://localhost/__cypress/runner/cypress_runner.js:135387:76)\n    at Context.click (http://localhost/__cypress/runner/cypress_runner.js:135566:14)\n    at wrapped (http://localhost/__cypress/runner/cypress_runner.js:157508:19)\nFrom Your Spec Code:\n    at ChatAndMessagingObjects.WhoCanSendYouChatRequests (webpack:///./cypress/e2e/SWE_PROJECT/PageObjects/SettingsObjects/ChatAndMessagingObjects.cy.js:12:13)\n    at Context.eval (webpack:///./cypress/e2e/SWE_PROJECT/SettingsActions/ChatAndMessagingActions.cy.js:57:25)",
                "diff": null
              },
              "uuid": "09e29bbc-3643-4707-9423-747ceeef6c9d",
              "parentUUID": "4b10f94a-5ab1-4347-b263-6ba179e71256",
              "isHook": false,
              "skipped": false
            },
            {
              "title": "choice nobody from Who can send you private messages,THEN open Who can send you chat requests and keep it open , THEN open Who can send you private messages",
              "fullTitle": "Chat And Messaging Tab Tests choice nobody from Who can send you private messages,THEN open Who can send you chat requests and keep it open , THEN open Who can send you private messages",
              "timedOut": null,
              "duration": 1004,
              "state": "failed",
              "speed": null,
              "pass": false,
              "fail": true,
              "pending": false,
              "context": null,
              "code": "const ChatAndMessaging = new _ChatAndMessagingObjects.default();\nChatAndMessaging.navigate();\nChatAndMessaging.WhoCanSendYouPrivateMessages();\nChatAndMessaging.NoBodyPrivateMessages();\nChatAndMessaging.WhoCanSendYouChatRequests();\nChatAndMessaging.WhoCanSendYouPrivateMessages();",
              "err": {
                "message": "CypressError: `cy.click()` can only be called on a single element. Your subject contained 2 elements. Pass `{ multiple: true }` if you want to serially click each element.\n\nhttps://on.cypress.io/click",
                "estack": "CypressError: `cy.click()` can only be called on a single element. Your subject contained 2 elements. Pass `{ multiple: true }` if you want to serially click each element.\n\nhttps://on.cypress.io/click\n    at mouseAction (http://localhost/__cypress/runner/cypress_runner.js:135387:76)\n    at Context.click (http://localhost/__cypress/runner/cypress_runner.js:135566:14)\n    at wrapped (http://localhost/__cypress/runner/cypress_runner.js:157508:19)\nFrom Your Spec Code:\n    at ChatAndMessagingObjects.WhoCanSendYouPrivateMessages (webpack:///./cypress/e2e/SWE_PROJECT/PageObjects/SettingsObjects/ChatAndMessagingObjects.cy.js:39:13)\n    at Context.eval (webpack:///./cypress/e2e/SWE_PROJECT/SettingsActions/ChatAndMessagingActions.cy.js:71:25)",
                "diff": null
              },
              "uuid": "6813eb2e-336e-4fa4-9298-bdfe58819325",
              "parentUUID": "4b10f94a-5ab1-4347-b263-6ba179e71256",
              "isHook": false,
              "skipped": false
            },
            {
              "title": "Invite someone to chat",
              "fullTitle": "Chat And Messaging Tab Tests Invite someone to chat",
              "timedOut": null,
              "duration": 399,
              "state": "passed",
              "speed": "fast",
              "pass": true,
              "fail": false,
              "pending": false,
              "context": null,
              "code": "const ChatAndMessaging = new _ChatAndMessagingObjects.default();\nChatAndMessaging.navigate();\nChatAndMessaging.InviteSomeoneToChat();",
              "err": {},
              "uuid": "8bc5553b-0670-451d-bfa6-b37518d0edc7",
              "parentUUID": "4b10f94a-5ab1-4347-b263-6ba179e71256",
              "isHook": false,
              "skipped": false
            },
            {
              "title": "Mark all as read",
              "fullTitle": "Chat And Messaging Tab Tests Mark all as read",
              "timedOut": null,
              "duration": 350,
              "state": "passed",
              "speed": "fast",
              "pass": true,
              "fail": false,
              "pending": false,
              "context": null,
              "code": "const ChatAndMessaging = new _ChatAndMessagingObjects.default();\nChatAndMessaging.navigate();\nChatAndMessaging.MarkAllAsread();",
              "err": {},
              "uuid": "258763b8-2a4c-4c4f-a8ac-7ecc7dd69cd6",
              "parentUUID": "4b10f94a-5ab1-4347-b263-6ba179e71256",
              "isHook": false,
              "skipped": false
            }
          ],
          "suites": [],
          "passes": [
            "8bc5553b-0670-451d-bfa6-b37518d0edc7",
            "258763b8-2a4c-4c4f-a8ac-7ecc7dd69cd6"
          ],
          "failures": [
            "180e37e6-aa46-43a2-8a73-0d1bed99fd75",
            "9239037d-2c6d-4ac3-a3ea-1683c7936960",
            "a02b796a-76a3-47b3-aab2-878758dad25b",
            "09e29bbc-3643-4707-9423-747ceeef6c9d",
            "6813eb2e-336e-4fa4-9298-bdfe58819325"
          ],
          "pending": [],
          "skipped": [],
          "duration": 6003,
          "root": false,
          "rootEmpty": false,
          "_timeout": 2000
        }
      ],
      "passes": [],
      "failures": [],
      "pending": [],
      "skipped": [],
      "duration": 0,
      "root": true,
      "rootEmpty": true,
      "_timeout": 2000
    }
  ],
  "meta": {
    "mocha": {
      "version": "7.0.1"
    },
    "mochawesome": {
      "options": {
        "quiet": false,
        "reportFilename": "mochawesome",
        "saveHtml": false,
        "saveJson": true,
        "consoleReporter": "spec",
        "useInlineDiffs": false,
        "code": true
      },
      "version": "7.1.3"
    },
    "marge": {
      "options": {
        "charts": true,
        "overwrite": false,
        "html": false,
        "json": true,
        "reportDir": "cypress/report/mochawesome-report"
      },
      "version": "6.2.0"
    }
  }
}