{
  "stats": {
    "suites": 1,
    "tests": 1,
    "passes": 0,
    "pending": 0,
    "failures": 1,
    "start": "2022-11-12T21:14:16.851Z",
    "end": "2022-11-12T21:14:27.062Z",
    "duration": 10211,
    "testsRegistered": 16,
    "passPercent": 0,
    "pendingPercent": 0,
    "other": 0,
    "hasOther": false,
    "skipped": 15,
    "hasSkipped": true
  },
  "results": [
    {
      "uuid": "cf689fb9-88dd-4161-8b13-fb3362e2261d",
      "title": "",
      "fullFile": "cypress/e2e/SWE_PROJECT/LoginActions/login.cy.js",
      "file": "cypress/e2e/SWE_PROJECT/LoginActions/login.cy.js",
      "beforeHooks": [],
      "afterHooks": [],
      "tests": [],
      "suites": [
        {
          "uuid": "d80b064c-cb15-403b-ad4c-05278ea63762",
          "title": "Test Login",
          "fullFile": "",
          "file": "",
          "beforeHooks": [],
          "afterHooks": [],
          "tests": [
            {
              "title": "empty username with empty password",
              "fullTitle": "Test Login empty username with empty password",
              "timedOut": null,
              "duration": 10155,
              "state": "failed",
              "speed": null,
              "pass": false,
              "fail": true,
              "pending": false,
              "context": null,
              "code": "const login = new _loginObjects.default();\nlogin.submit();\nlogin.doNotLog();",
              "err": {
                "message": "CypressError: Timed out after waiting `10000ms` for your remote page to load.\n\nYour page did not fire its `load` event within `10000ms`.\n\nYou can try increasing the `pageLoadTimeout` value in `cypress.config.js` to wait longer.\n\nBrowsers will not fire the `load` event until all stylesheets and scripts are done downloading.\n\nWhen this `load` event occurs, Cypress will continue running commands.\n\nBecause this error occurred during a `before each` hook we are skipping the remaining tests in the current suite: `Test Login`",
                "estack": "CypressError: Timed out after waiting `10000ms` for your remote page to load.\n\nYour page did not fire its `load` event within `10000ms`.\n\nYou can try increasing the `pageLoadTimeout` value in `cypress.config.js` to wait longer.\n\nBrowsers will not fire the `load` event until all stylesheets and scripts are done downloading.\n\nWhen this `load` event occurs, Cypress will continue running commands.\n\nBecause this error occurred during a `before each` hook we are skipping the remaining tests in the current suite: `Test Login`\n    at timedOutWaitingForPageLoad (http://localhost:44893/__cypress/runner/cypress_runner.js:141197:72)\n    at <unknown> (http://localhost:44893/__cypress/runner/cypress_runner.js:142384:16)\n    at tryCatcher (http://localhost:44893/__cypress/runner/cypress_runner.js:11318:23)\n    at <unknown> (http://localhost:44893/__cypress/runner/cypress_runner.js:6440:41)\n    at tryCatcher (http://localhost:44893/__cypress/runner/cypress_runner.js:11318:23)\n    at Promise._settlePromiseFromHandler (http://localhost:44893/__cypress/runner/cypress_runner.js:9253:31)\n    at Promise._settlePromise (http://localhost:44893/__cypress/runner/cypress_runner.js:9310:18)\n    at Promise._settlePromise0 (http://localhost:44893/__cypress/runner/cypress_runner.js:9355:10)\n    at Promise._settlePromises (http://localhost:44893/__cypress/runner/cypress_runner.js:9431:18)\n    at _drainQueueStep (http://localhost:44893/__cypress/runner/cypress_runner.js:6025:12)\n    at _drainQueue (http://localhost:44893/__cypress/runner/cypress_runner.js:6018:9)\n    at ../../node_modules/bluebird/js/release/async.js.Async._drainQueues (http://localhost:44893/__cypress/runner/cypress_runner.js:6034:5)\n    at Async.drainQueues (http://localhost:44893/__cypress/runner/cypress_runner.js:5904:14)\nFrom Your Spec Code:\n    at loginObjects.navigate (webpack:///./cypress/e2e/SWE_PROJECT/PageObjects/LoginObjects/loginObjects.js:3:11)\n    at Context.eval (webpack:///./cypress/e2e/SWE_PROJECT/LoginActions/login.cy.js:11:10)",
                "diff": null
              },
              "uuid": "27eb7caf-28b1-4162-8632-0b1a22de4897",
              "parentUUID": "d80b064c-cb15-403b-ad4c-05278ea63762",
              "isHook": false,
              "skipped": false
            },
            {
              "title": "Invalid username with empty password",
              "fullTitle": "Test Login Invalid username with empty password",
              "timedOut": null,
              "duration": 0,
              "state": "skipped",
              "speed": null,
              "pass": false,
              "fail": false,
              "pending": false,
              "context": null,
              "code": "const login = new _loginObjects.default();\nlogin.enterUsername('Samaa_Hazem_semo');\nlogin.submit();\nlogin.doNotLog();",
              "err": {},
              "uuid": "a969ef7f-9d19-4a2e-b9a0-3b4b5e2751b7",
              "parentUUID": "d80b064c-cb15-403b-ad4c-05278ea63762",
              "isHook": false,
              "skipped": true
            },
            {
              "title": "Invalid password with empty username",
              "fullTitle": "Test Login Invalid password with empty username",
              "timedOut": null,
              "duration": 0,
              "state": "skipped",
              "speed": null,
              "pass": false,
              "fail": false,
              "pending": false,
              "context": null,
              "code": "const login = new _loginObjects.default();\nlogin.enterPassword('12345ghhj');\nlogin.submit();\nlogin.doNotLog();",
              "err": {},
              "uuid": "a872fe94-9f8b-4129-a76e-40ec597d3a72",
              "parentUUID": "d80b064c-cb15-403b-ad4c-05278ea63762",
              "isHook": false,
              "skipped": true
            },
            {
              "title": "Valid username with empty password",
              "fullTitle": "Test Login Valid username with empty password",
              "timedOut": null,
              "duration": 0,
              "state": "skipped",
              "speed": null,
              "pass": false,
              "fail": false,
              "pending": false,
              "context": null,
              "code": "const login = new _loginObjects.default();\nlogin.enterUsername('Samaa_Hazem');\nlogin.submit();\nlogin.doNotLog();",
              "err": {},
              "uuid": "548fd53a-675c-4d44-9da1-4e308dd10dd6",
              "parentUUID": "d80b064c-cb15-403b-ad4c-05278ea63762",
              "isHook": false,
              "skipped": true
            },
            {
              "title": "Valid password with empty username",
              "fullTitle": "Test Login Valid password with empty username",
              "timedOut": null,
              "duration": 0,
              "state": "skipped",
              "speed": null,
              "pass": false,
              "fail": false,
              "pending": false,
              "context": null,
              "code": "const login = new _loginObjects.default();\nlogin.enterPassword('12345');\nlogin.submit();\nlogin.doNotLog();",
              "err": {},
              "uuid": "7b6f8c8b-20d7-4386-b2b5-bc36ba57a56a",
              "parentUUID": "d80b064c-cb15-403b-ad4c-05278ea63762",
              "isHook": false,
              "skipped": true
            },
            {
              "title": "Valid username with invalid password",
              "fullTitle": "Test Login Valid username with invalid password",
              "timedOut": null,
              "duration": 0,
              "state": "skipped",
              "speed": null,
              "pass": false,
              "fail": false,
              "pending": false,
              "context": null,
              "code": "const login = new _loginObjects.default();\nlogin.enterUsername('Samaa_Hazem');\nlogin.enterPassword('12345');\nlogin.submit();\nlogin.userNameErrMsg(\"Incorrect username or password\");\nlogin.doNotLog();",
              "err": {},
              "uuid": "16d23389-602c-4a62-8243-9e2bdbf0929a",
              "parentUUID": "d80b064c-cb15-403b-ad4c-05278ea63762",
              "isHook": false,
              "skipped": true
            },
            {
              "title": "Valid password with invalid username",
              "fullTitle": "Test Login Valid password with invalid username",
              "timedOut": null,
              "duration": 0,
              "state": "skipped",
              "speed": null,
              "pass": false,
              "fail": false,
              "pending": false,
              "context": null,
              "code": "const login = new _loginObjects.default();\nlogin.enterUsername('Samaa_Ha');\nlogin.enterPassword('cmp123456');\nlogin.submit();\nlogin.doNotLog();\nlogin.userNameErrMsg(\"Incorrect username or password\");",
              "err": {},
              "uuid": "94ddc3be-0e4c-4606-94ff-6e8a9fd89f55",
              "parentUUID": "d80b064c-cb15-403b-ad4c-05278ea63762",
              "isHook": false,
              "skipped": true
            },
            {
              "title": "Invalid password with Invalid username",
              "fullTitle": "Test Login Invalid password with Invalid username",
              "timedOut": null,
              "duration": 0,
              "state": "skipped",
              "speed": null,
              "pass": false,
              "fail": false,
              "pending": false,
              "context": null,
              "code": "const login = new _loginObjects.default();\nlogin.enterUsername('Samaa_Ha');\nlogin.enterPassword('1231hgrjgn');\nlogin.submit();\nlogin.doNotLog();\nlogin.userNameErrMsg(\"Incorrect username or password\");",
              "err": {},
              "uuid": "3ef85cb7-e430-40b6-b798-ddea4dc0acc1",
              "parentUUID": "d80b064c-cb15-403b-ad4c-05278ea63762",
              "isHook": false,
              "skipped": true
            },
            {
              "title": "Valid password with valid username",
              "fullTitle": "Test Login Valid password with valid username",
              "timedOut": null,
              "duration": 0,
              "state": "skipped",
              "speed": null,
              "pass": false,
              "fail": false,
              "pending": false,
              "context": null,
              "code": "const login = new _loginObjects.default();\nlogin.enterUsername('Samaa_Hazem');\nlogin.enterPassword('cmp123456');\nlogin.submit(); //blue msg for success login\n//cy.get(':nth-child(8) > .AnimatedForm__submitStatus > .AnimatedForm__submitStatusMessage').should('have.text',\"You are now logged in. You will soon be redirected\")\nlogin.userNameErrMsg('You are now logged in. You will soon be redirected');\nlogin.doLog();",
              "err": {},
              "uuid": "e5491f2b-aa42-4fa6-9746-4cb5f891d14a",
              "parentUUID": "d80b064c-cb15-403b-ad4c-05278ea63762",
              "isHook": false,
              "skipped": true
            },
            {
              "title": "Check the message after:writing username then writing password the deleting user name then submit",
              "fullTitle": "Test Login Check the message after:writing username then writing password the deleting user name then submit",
              "timedOut": null,
              "duration": 0,
              "state": "skipped",
              "speed": null,
              "pass": false,
              "fail": false,
              "pending": false,
              "context": null,
              "code": "const login = new _loginObjects.default();\nlogin.enterUsername('Samaa_Hazem');\nlogin.enterPassword('cmp123456'); //NOTE:enterUsername is already make clearing the text inside it\nlogin.clearUsername();\nlogin.submit();\nlogin.userNameErrMsg(\"Username must be between 3 and 20 characters\");\nlogin.doNotLog();",
              "err": {},
              "uuid": "bf966046-ee24-4ee5-9903-d39e0c363385",
              "parentUUID": "d80b064c-cb15-403b-ad4c-05278ea63762",
              "isHook": false,
              "skipped": true
            },
            {
              "title": "Check the message after:writing username then writing password the deleting user name then press any where",
              "fullTitle": "Test Login Check the message after:writing username then writing password the deleting user name then press any where",
              "timedOut": null,
              "duration": 0,
              "state": "skipped",
              "speed": null,
              "pass": false,
              "fail": false,
              "pending": false,
              "context": null,
              "code": "const login = new _loginObjects.default();\nlogin.enterUsername('Samaa_Hazem');\nlogin.enterPassword('cmp123456');\nlogin.clearUsername();\nlogin.body();\nlogin.userNameErrMsg(\"Username must be between 3 and 20 characters\");\nlogin.doNotLog();",
              "err": {},
              "uuid": "c18fab6a-b37a-465e-a600-70a1e9d7bef0",
              "parentUUID": "d80b064c-cb15-403b-ad4c-05278ea63762",
              "isHook": false,
              "skipped": true
            },
            {
              "title": "Clicking on the \"SIGN UP\" will load the Login page",
              "fullTitle": "Test Login Clicking on the \"SIGN UP\" will load the Login page",
              "timedOut": null,
              "duration": 0,
              "state": "skipped",
              "speed": null,
              "pass": false,
              "fail": false,
              "pending": false,
              "context": null,
              "code": "const login = new _loginObjects.default();\nlogin.signUpPage();\nlogin.urlChecker('http://read-it.francecentral.cloudapp.azure.com/signup'); //cy.url().should('include','/register') \n//?or:cy.url().should('include','/account/register')",
              "err": {},
              "uuid": "c5dc300e-21d3-4809-ac41-7593a5c76b3d",
              "parentUUID": "d80b064c-cb15-403b-ad4c-05278ea63762",
              "isHook": false,
              "skipped": true
            },
            {
              "title": "Clicking on the \"username\" will load the(forget  username page)",
              "fullTitle": "Test Login Clicking on the \"username\" will load the(forget  username page)",
              "timedOut": null,
              "duration": 0,
              "state": "skipped",
              "speed": null,
              "pass": false,
              "fail": false,
              "pending": false,
              "context": null,
              "code": "const login = new _loginObjects.default();\nlogin.forgetUserName();\nlogin.urlChecker('http://read-it.francecentral.cloudapp.azure.com/forgetUsernamepage');",
              "err": {},
              "uuid": "35e7ac83-ab59-403b-830e-40e294f00e06",
              "parentUUID": "d80b064c-cb15-403b-ad4c-05278ea63762",
              "isHook": false,
              "skipped": true
            },
            {
              "title": "Clicking on the \"password\" will load the (forget  password page)",
              "fullTitle": "Test Login Clicking on the \"password\" will load the (forget  password page)",
              "timedOut": null,
              "duration": 0,
              "state": "skipped",
              "speed": null,
              "pass": false,
              "fail": false,
              "pending": false,
              "context": null,
              "code": "const login = new _loginObjects.default();\nlogin.forgetPassword();\nlogin.urlChecker('http://read-it.francecentral.cloudapp.azure.com/forgetPasswordpage');",
              "err": {},
              "uuid": "54c39224-5f0a-4db8-b289-86c15e444d89",
              "parentUUID": "d80b064c-cb15-403b-ad4c-05278ea63762",
              "isHook": false,
              "skipped": true
            },
            {
              "title": "Clicking on the \"User Agreement\" will load the (User Agreement page)",
              "fullTitle": "Test Login Clicking on the \"User Agreement\" will load the (User Agreement page)",
              "timedOut": null,
              "duration": 0,
              "state": "skipped",
              "speed": null,
              "pass": false,
              "fail": false,
              "pending": false,
              "context": null,
              "code": "const login = new _loginObjects.default();\nlogin.userAgreementPage();\nlogin.urlChecker('https://www.redditinc.com/policies/user-agreement');",
              "err": {},
              "uuid": "d603f8df-e36a-4d27-9f1b-5c709808218d",
              "parentUUID": "d80b064c-cb15-403b-ad4c-05278ea63762",
              "isHook": false,
              "skipped": true
            },
            {
              "title": "Clicking on the \"Privacy Policy\" will load the (Privacy Policy)",
              "fullTitle": "Test Login Clicking on the \"Privacy Policy\" will load the (Privacy Policy)",
              "timedOut": null,
              "duration": 0,
              "state": "skipped",
              "speed": null,
              "pass": false,
              "fail": false,
              "pending": false,
              "context": null,
              "code": "const login = new _loginObjects.default();\nlogin.privacyPolicyPage();\nlogin.urlChecker('https://www.reddit.com/policies/privacy-policy');",
              "err": {},
              "uuid": "10cbdbf4-3e47-407f-a677-962f84e9c99f",
              "parentUUID": "d80b064c-cb15-403b-ad4c-05278ea63762",
              "isHook": false,
              "skipped": true
            }
          ],
          "suites": [],
          "passes": [],
          "failures": [
            "27eb7caf-28b1-4162-8632-0b1a22de4897"
          ],
          "pending": [],
          "skipped": [
            "a969ef7f-9d19-4a2e-b9a0-3b4b5e2751b7",
            "a872fe94-9f8b-4129-a76e-40ec597d3a72",
            "548fd53a-675c-4d44-9da1-4e308dd10dd6",
            "7b6f8c8b-20d7-4386-b2b5-bc36ba57a56a",
            "16d23389-602c-4a62-8243-9e2bdbf0929a",
            "94ddc3be-0e4c-4606-94ff-6e8a9fd89f55",
            "3ef85cb7-e430-40b6-b798-ddea4dc0acc1",
            "e5491f2b-aa42-4fa6-9746-4cb5f891d14a",
            "bf966046-ee24-4ee5-9903-d39e0c363385",
            "c18fab6a-b37a-465e-a600-70a1e9d7bef0",
            "c5dc300e-21d3-4809-ac41-7593a5c76b3d",
            "35e7ac83-ab59-403b-830e-40e294f00e06",
            "54c39224-5f0a-4db8-b289-86c15e444d89",
            "d603f8df-e36a-4d27-9f1b-5c709808218d",
            "10cbdbf4-3e47-407f-a677-962f84e9c99f"
          ],
          "duration": 10155,
          "root": false,
          "rootEmpty": false,
          "_timeout": 2000
        }
      ],
      "passes": [],
      "failures": [],
      "pending": [],
      "skipped": [],
      "duration": 0,
      "root": true,
      "rootEmpty": true,
      "_timeout": 2000
    }
  ],
  "meta": {
    "mocha": {
      "version": "7.0.1"
    },
    "mochawesome": {
      "options": {
        "quiet": false,
        "reportFilename": "mochawesome",
        "saveHtml": false,
        "saveJson": true,
        "consoleReporter": "spec",
        "useInlineDiffs": false,
        "code": true
      },
      "version": "7.1.3"
    },
    "marge": {
      "options": {
        "charts": true,
        "overwrite": false,
        "html": false,
        "json": true,
        "reportDir": "cypress/report/mochawesome-report"
      },
      "version": "6.2.0"
    }
  }
}