{
  "stats": {
    "suites": 1,
    "tests": 10,
    "passes": 10,
    "pending": 0,
    "failures": 0,
    "start": "2022-11-12T21:40:05.516Z",
    "end": "2022-11-12T21:40:11.923Z",
    "duration": 6407,
    "testsRegistered": 10,
    "passPercent": 100,
    "pendingPercent": 0,
    "other": 0,
    "hasOther": false,
    "skipped": 0,
    "hasSkipped": false
  },
  "results": [
    {
      "uuid": "7da2d04e-a0a1-4190-84a3-f8f2e5c2811b",
      "title": "",
      "fullFile": "cypress/e2e/SWE_PROJECT/SettingsActions/AccountActions.cy.js",
      "file": "cypress/e2e/SWE_PROJECT/SettingsActions/AccountActions.cy.js",
      "beforeHooks": [],
      "afterHooks": [],
      "tests": [],
      "suites": [
        {
          "uuid": "ca7351b1-f10e-4a65-bee6-3ce3974be11d",
          "title": "Feed Settings Tab Tests",
          "fullFile": "",
          "file": "",
          "beforeHooks": [],
          "afterHooks": [],
          "tests": [
            {
              "title": "Email address",
              "fullTitle": "Feed Settings Tab Tests Email address",
              "timedOut": null,
              "duration": 1902,
              "state": "passed",
              "speed": "fast",
              "pass": true,
              "fail": false,
              "pending": false,
              "context": null,
              "code": "const Account = new _AccountObjects.default();\nAccount.navigate();",
              "err": {},
              "uuid": "c416ab54-91e6-4f8a-bb52-e1a1fbab08a7",
              "parentUUID": "ca7351b1-f10e-4a65-bee6-3ce3974be11d",
              "isHook": false,
              "skipped": false
            },
            {
              "title": "Gender",
              "fullTitle": "Feed Settings Tab Tests Gender",
              "timedOut": null,
              "duration": 1262,
              "state": "passed",
              "speed": "fast",
              "pass": true,
              "fail": false,
              "pending": false,
              "context": null,
              "code": "const Account = new _AccountObjects.default();\nAccount.navigate();",
              "err": {},
              "uuid": "3c73d82f-24ff-4655-b04b-7d0e3e9a827c",
              "parentUUID": "ca7351b1-f10e-4a65-bee6-3ce3974be11d",
              "isHook": false,
              "skipped": false
            },
            {
              "title": "Display language (beta)",
              "fullTitle": "Feed Settings Tab Tests Display language (beta)",
              "timedOut": null,
              "duration": 284,
              "state": "passed",
              "speed": "fast",
              "pass": true,
              "fail": false,
              "pending": false,
              "context": null,
              "code": "const Account = new _AccountObjects.default();\nAccount.navigate();",
              "err": {},
              "uuid": "edba2aac-121f-4344-83bd-960a32939ce0",
              "parentUUID": "ca7351b1-f10e-4a65-bee6-3ce3974be11d",
              "isHook": false,
              "skipped": false
            },
            {
              "title": "Country",
              "fullTitle": "Feed Settings Tab Tests Country",
              "timedOut": null,
              "duration": 244,
              "state": "passed",
              "speed": "fast",
              "pass": true,
              "fail": false,
              "pending": false,
              "context": null,
              "code": "const Account = new _AccountObjects.default();\nAccount.navigate();",
              "err": {},
              "uuid": "297a13da-0c43-4f2e-8dc9-0e7cfe80f7c4",
              "parentUUID": "ca7351b1-f10e-4a65-bee6-3ce3974be11d",
              "isHook": false,
              "skipped": false
            },
            {
              "title": "Connect to Twitter",
              "fullTitle": "Feed Settings Tab Tests Connect to Twitter",
              "timedOut": null,
              "duration": 237,
              "state": "passed",
              "speed": "fast",
              "pass": true,
              "fail": false,
              "pending": false,
              "context": null,
              "code": "const Account = new _AccountObjects.default();\nAccount.navigate();",
              "err": {},
              "uuid": "e59a56a3-443a-451b-86b9-142566462b1e",
              "parentUUID": "ca7351b1-f10e-4a65-bee6-3ce3974be11d",
              "isHook": false,
              "skipped": false
            },
            {
              "title": "Connect to Apple",
              "fullTitle": "Feed Settings Tab Tests Connect to Apple",
              "timedOut": null,
              "duration": 218,
              "state": "passed",
              "speed": "fast",
              "pass": true,
              "fail": false,
              "pending": false,
              "context": null,
              "code": "const Account = new _AccountObjects.default();\nAccount.navigate();",
              "err": {},
              "uuid": "f848cfb7-f169-487b-9ddc-f10ee63f1012",
              "parentUUID": "ca7351b1-f10e-4a65-bee6-3ce3974be11d",
              "isHook": false,
              "skipped": false
            },
            {
              "title": "Connected to Google",
              "fullTitle": "Feed Settings Tab Tests Connected to Google",
              "timedOut": null,
              "duration": 259,
              "state": "passed",
              "speed": "fast",
              "pass": true,
              "fail": false,
              "pending": false,
              "context": null,
              "code": "const Account = new _AccountObjects.default();\nAccount.navigate();",
              "err": {},
              "uuid": "e28fb093-da00-46ca-9c74-5872383a732a",
              "parentUUID": "ca7351b1-f10e-4a65-bee6-3ce3974be11d",
              "isHook": false,
              "skipped": false
            },
            {
              "title": "Opt into beta tests",
              "fullTitle": "Feed Settings Tab Tests Opt into beta tests",
              "timedOut": null,
              "duration": 222,
              "state": "passed",
              "speed": "fast",
              "pass": true,
              "fail": false,
              "pending": false,
              "context": null,
              "code": "const Account = new _AccountObjects.default();\nAccount.navigate();",
              "err": {},
              "uuid": "57934497-bf11-436b-b539-82821b65aca8",
              "parentUUID": "ca7351b1-f10e-4a65-bee6-3ce3974be11d",
              "isHook": false,
              "skipped": false
            },
            {
              "title": "Opt out of the redesign",
              "fullTitle": "Feed Settings Tab Tests Opt out of the redesign",
              "timedOut": null,
              "duration": 213,
              "state": "passed",
              "speed": "fast",
              "pass": true,
              "fail": false,
              "pending": false,
              "context": null,
              "code": "const Account = new _AccountObjects.default();\nAccount.navigate();",
              "err": {},
              "uuid": "2391ee82-031b-43ea-abb0-7427b8788e51",
              "parentUUID": "ca7351b1-f10e-4a65-bee6-3ce3974be11d",
              "isHook": false,
              "skipped": false
            },
            {
              "title": "DELETE ACCOUNT",
              "fullTitle": "Feed Settings Tab Tests DELETE ACCOUNT",
              "timedOut": null,
              "duration": 227,
              "state": "passed",
              "speed": "fast",
              "pass": true,
              "fail": false,
              "pending": false,
              "context": null,
              "code": "const Account = new _AccountObjects.default();\nAccount.navigate();",
              "err": {},
              "uuid": "4dd900ed-ffe7-493f-ac33-6462b408c975",
              "parentUUID": "ca7351b1-f10e-4a65-bee6-3ce3974be11d",
              "isHook": false,
              "skipped": false
            }
          ],
          "suites": [],
          "passes": [
            "c416ab54-91e6-4f8a-bb52-e1a1fbab08a7",
            "3c73d82f-24ff-4655-b04b-7d0e3e9a827c",
            "edba2aac-121f-4344-83bd-960a32939ce0",
            "297a13da-0c43-4f2e-8dc9-0e7cfe80f7c4",
            "e59a56a3-443a-451b-86b9-142566462b1e",
            "f848cfb7-f169-487b-9ddc-f10ee63f1012",
            "e28fb093-da00-46ca-9c74-5872383a732a",
            "57934497-bf11-436b-b539-82821b65aca8",
            "2391ee82-031b-43ea-abb0-7427b8788e51",
            "4dd900ed-ffe7-493f-ac33-6462b408c975"
          ],
          "failures": [],
          "pending": [],
          "skipped": [],
          "duration": 5068,
          "root": false,
          "rootEmpty": false,
          "_timeout": 2000
        }
      ],
      "passes": [],
      "failures": [],
      "pending": [],
      "skipped": [],
      "duration": 0,
      "root": true,
      "rootEmpty": true,
      "_timeout": 2000
    }
  ],
  "meta": {
    "mocha": {
      "version": "7.0.1"
    },
    "mochawesome": {
      "options": {
        "quiet": false,
        "reportFilename": "mochawesome",
        "saveHtml": false,
        "saveJson": true,
        "consoleReporter": "spec",
        "useInlineDiffs": false,
        "code": true
      },
      "version": "7.1.3"
    },
    "marge": {
      "options": {
        "charts": true,
        "overwrite": false,
        "html": false,
        "json": true,
        "reportDir": "cypress/report/mochawesome-report"
      },
      "version": "6.2.0"
    }
  }
}