{
  "stats": {
    "suites": 1,
    "tests": 10,
    "passes": 10,
    "pending": 0,
    "failures": 0,
    "start": "2022-11-12T21:41:06.665Z",
    "end": "2022-11-12T21:41:11.988Z",
    "duration": 5323,
    "testsRegistered": 10,
    "passPercent": 100,
    "pendingPercent": 0,
    "other": 0,
    "hasOther": false,
    "skipped": 0,
    "hasSkipped": false
  },
  "results": [
    {
      "uuid": "9fbb0286-e031-487e-808f-0da1bf76a5fa",
      "title": "",
      "fullFile": "cypress/e2e/SWE_PROJECT/SettingsActions/SafetyAndPrivacyActions.cy.js",
      "file": "cypress/e2e/SWE_PROJECT/SettingsActions/SafetyAndPrivacyActions.cy.js",
      "beforeHooks": [],
      "afterHooks": [],
      "tests": [],
      "suites": [
        {
          "uuid": "36a6c942-547b-4b8e-8680-11fda65c3282",
          "title": "Safety And Privacy Settings Tab Tests",
          "fullFile": "",
          "file": "",
          "beforeHooks": [],
          "afterHooks": [],
          "tests": [
            {
              "title": " Privacy & Security FAQs Hyper Link",
              "fullTitle": "Safety And Privacy Settings Tab Tests  Privacy & Security FAQs Hyper Link",
              "timedOut": null,
              "duration": 1341,
              "state": "passed",
              "speed": "fast",
              "pass": true,
              "fail": false,
              "pending": false,
              "context": null,
              "code": "const SafetyAndPrivacy = new _SafetyAndPrivacyObjects.default();\nSafetyAndPrivacy.navigate();\nSafetyAndPrivacy;",
              "err": {},
              "uuid": "9f87ecc1-c605-4fb8-86f8-24e3dcfa0185",
              "parentUUID": "36a6c942-547b-4b8e-8680-11fda65c3282",
              "isHook": false,
              "skipped": false
            },
            {
              "title": "People You’ve Blocked - Block a User",
              "fullTitle": "Safety And Privacy Settings Tab Tests People You’ve Blocked - Block a User",
              "timedOut": null,
              "duration": 281,
              "state": "passed",
              "speed": "fast",
              "pass": true,
              "fail": false,
              "pending": false,
              "context": null,
              "code": "const SafetyAndPrivacy = new _SafetyAndPrivacyObjects.default();\nSafetyAndPrivacy.navigate();",
              "err": {},
              "uuid": "e863a60d-6e63-4131-bb74-60ff315f3016",
              "parentUUID": "36a6c942-547b-4b8e-8680-11fda65c3282",
              "isHook": false,
              "skipped": false
            },
            {
              "title": "People You’ve Blocked - UnBlock(Remove) a User",
              "fullTitle": "Safety And Privacy Settings Tab Tests People You’ve Blocked - UnBlock(Remove) a User",
              "timedOut": null,
              "duration": 219,
              "state": "passed",
              "speed": "fast",
              "pass": true,
              "fail": false,
              "pending": false,
              "context": null,
              "code": "const SafetyAndPrivacy = new _SafetyAndPrivacyObjects.default();\nSafetyAndPrivacy.navigate();",
              "err": {},
              "uuid": "dd8b1b11-08ea-4e1e-9a23-a034d5c84ddb",
              "parentUUID": "36a6c942-547b-4b8e-8680-11fda65c3282",
              "isHook": false,
              "skipped": false
            },
            {
              "title": "Personalize all of Reddit based on the outbound links you click on",
              "fullTitle": "Safety And Privacy Settings Tab Tests Personalize all of Reddit based on the outbound links you click on",
              "timedOut": null,
              "duration": 912,
              "state": "passed",
              "speed": "fast",
              "pass": true,
              "fail": false,
              "pending": false,
              "context": null,
              "code": "const SafetyAndPrivacy = new _SafetyAndPrivacyObjects.default();\nSafetyAndPrivacy.navigate();",
              "err": {},
              "uuid": "fb17025e-980c-4392-b967-795253060ddb",
              "parentUUID": "36a6c942-547b-4b8e-8680-11fda65c3282",
              "isHook": false,
              "skipped": false
            },
            {
              "title": "Personalize ads based on information from our partners",
              "fullTitle": "Safety And Privacy Settings Tab Tests Personalize ads based on information from our partners",
              "timedOut": null,
              "duration": 173,
              "state": "passed",
              "speed": "fast",
              "pass": true,
              "fail": false,
              "pending": false,
              "context": null,
              "code": "const SafetyAndPrivacy = new _SafetyAndPrivacyObjects.default();\nSafetyAndPrivacy.navigate();",
              "err": {},
              "uuid": "2576b499-f02b-431f-a3c1-8b4ca9df619e",
              "parentUUID": "36a6c942-547b-4b8e-8680-11fda65c3282",
              "isHook": false,
              "skipped": false
            },
            {
              "title": "Personalize ads based on your activity with our partners",
              "fullTitle": "Safety And Privacy Settings Tab Tests Personalize ads based on your activity with our partners",
              "timedOut": null,
              "duration": 220,
              "state": "passed",
              "speed": "fast",
              "pass": true,
              "fail": false,
              "pending": false,
              "context": null,
              "code": "const SafetyAndPrivacy = new _SafetyAndPrivacyObjects.default();\nSafetyAndPrivacy.navigate();",
              "err": {},
              "uuid": "0049c21b-050f-43b3-8e99-7e41df3c301b",
              "parentUUID": "36a6c942-547b-4b8e-8680-11fda65c3282",
              "isHook": false,
              "skipped": false
            },
            {
              "title": "Personalize recommendations based on your general location",
              "fullTitle": "Safety And Privacy Settings Tab Tests Personalize recommendations based on your general location",
              "timedOut": null,
              "duration": 203,
              "state": "passed",
              "speed": "fast",
              "pass": true,
              "fail": false,
              "pending": false,
              "context": null,
              "code": "const SafetyAndPrivacy = new _SafetyAndPrivacyObjects.default();\nSafetyAndPrivacy.navigate();",
              "err": {},
              "uuid": "4fcca0e1-b251-4ab9-9c1d-31a8a11246a6",
              "parentUUID": "36a6c942-547b-4b8e-8680-11fda65c3282",
              "isHook": false,
              "skipped": false
            },
            {
              "title": "Personalize recommendations based on your activity with our partners",
              "fullTitle": "Safety And Privacy Settings Tab Tests Personalize recommendations based on your activity with our partners",
              "timedOut": null,
              "duration": 209,
              "state": "passed",
              "speed": "fast",
              "pass": true,
              "fail": false,
              "pending": false,
              "context": null,
              "code": "const SafetyAndPrivacy = new _SafetyAndPrivacyObjects.default();\nSafetyAndPrivacy.navigate();",
              "err": {},
              "uuid": "6954825d-b8ed-4a2e-8fdf-7cbef99d5ac6",
              "parentUUID": "36a6c942-547b-4b8e-8680-11fda65c3282",
              "isHook": false,
              "skipped": false
            },
            {
              "title": "Use two-factor authentication",
              "fullTitle": "Safety And Privacy Settings Tab Tests Use two-factor authentication",
              "timedOut": null,
              "duration": 225,
              "state": "passed",
              "speed": "fast",
              "pass": true,
              "fail": false,
              "pending": false,
              "context": null,
              "code": "const SafetyAndPrivacy = new _SafetyAndPrivacyObjects.default();\nSafetyAndPrivacy.navigate();",
              "err": {},
              "uuid": "c75bbe0c-1067-49da-9ae1-7187a8bbd99c",
              "parentUUID": "36a6c942-547b-4b8e-8680-11fda65c3282",
              "isHook": false,
              "skipped": false
            },
            {
              "title": "Manage third-party app authorization",
              "fullTitle": "Safety And Privacy Settings Tab Tests Manage third-party app authorization",
              "timedOut": null,
              "duration": 265,
              "state": "passed",
              "speed": "fast",
              "pass": true,
              "fail": false,
              "pending": false,
              "context": null,
              "code": "const SafetyAndPrivacy = new _SafetyAndPrivacyObjects.default();\nSafetyAndPrivacy.navigate();",
              "err": {},
              "uuid": "392d34c4-22a8-4c1c-b30d-145281816c5b",
              "parentUUID": "36a6c942-547b-4b8e-8680-11fda65c3282",
              "isHook": false,
              "skipped": false
            }
          ],
          "suites": [],
          "passes": [
            "9f87ecc1-c605-4fb8-86f8-24e3dcfa0185",
            "e863a60d-6e63-4131-bb74-60ff315f3016",
            "dd8b1b11-08ea-4e1e-9a23-a034d5c84ddb",
            "fb17025e-980c-4392-b967-795253060ddb",
            "2576b499-f02b-431f-a3c1-8b4ca9df619e",
            "0049c21b-050f-43b3-8e99-7e41df3c301b",
            "4fcca0e1-b251-4ab9-9c1d-31a8a11246a6",
            "6954825d-b8ed-4a2e-8fdf-7cbef99d5ac6",
            "c75bbe0c-1067-49da-9ae1-7187a8bbd99c",
            "392d34c4-22a8-4c1c-b30d-145281816c5b"
          ],
          "failures": [],
          "pending": [],
          "skipped": [],
          "duration": 4048,
          "root": false,
          "rootEmpty": false,
          "_timeout": 2000
        }
      ],
      "passes": [],
      "failures": [],
      "pending": [],
      "skipped": [],
      "duration": 0,
      "root": true,
      "rootEmpty": true,
      "_timeout": 2000
    }
  ],
  "meta": {
    "mocha": {
      "version": "7.0.1"
    },
    "mochawesome": {
      "options": {
        "quiet": false,
        "reportFilename": "mochawesome",
        "saveHtml": false,
        "saveJson": true,
        "consoleReporter": "spec",
        "useInlineDiffs": false,
        "code": true
      },
      "version": "7.1.3"
    },
    "marge": {
      "options": {
        "charts": true,
        "overwrite": false,
        "html": false,
        "json": true,
        "reportDir": "cypress/report/mochawesome-report"
      },
      "version": "6.2.0"
    }
  }
}