{
  "stats": {
    "suites": 1,
    "tests": 2,
    "passes": 0,
    "pending": 0,
    "failures": 2,
    "start": "2022-11-12T21:14:12.604Z",
    "end": "2022-11-12T21:14:14.018Z",
    "duration": 1414,
    "testsRegistered": 2,
    "passPercent": 0,
    "pendingPercent": 0,
    "other": 0,
    "hasOther": false,
    "skipped": 0,
    "hasSkipped": false
  },
  "results": [
    {
      "uuid": "dfc6f4d6-4803-494e-ae35-61145818c790",
      "title": "",
      "fullFile": "cypress/e2e/SWE_PROJECT/HomePageActions/BackToTopButton.cy.js",
      "file": "cypress/e2e/SWE_PROJECT/HomePageActions/BackToTopButton.cy.js",
      "beforeHooks": [],
      "afterHooks": [],
      "tests": [],
      "suites": [
        {
          "uuid": "f2ae12a7-26c4-45a5-8fd3-d658bf257b64",
          "title": "Back to Top Button Test Cases",
          "fullFile": "",
          "file": "",
          "beforeHooks": [],
          "afterHooks": [],
          "tests": [
            {
              "title": "Back To Top Button After Scrolling",
              "fullTitle": "Back to Top Button Test Cases Back To Top Button After Scrolling",
              "timedOut": null,
              "duration": 692,
              "state": "failed",
              "speed": null,
              "pass": false,
              "fail": true,
              "pending": false,
              "context": null,
              "code": "const backToTopButton = new _BackToTopButtonObjectsCy.default();\nbackToTopButton.navigate();\nbackToTopButton.ScrolDown(); //just for me to see what have happened\ncy.wait(2000);\nbackToTopButton.BackToTopButtonAfterScrolling();",
              "err": {
                "message": "CypressError: `cy.visit()` failed trying to load:\n\nhttp://localhost/main\n\nWe attempted to make an http request to this URL but the request failed without a response.\n\nWe received this error at the network level:\n\n  > Error: connect ECONNREFUSED 127.0.0.1:80\n\nCommon situations why this would fail:\n  - you don't have internet access\n  - you forgot to run / boot your web server\n  - your web server isn't accessible\n  - you have weird network configuration settings on your computer",
                "estack": "CypressError: `cy.visit()` failed trying to load:\n\nhttp://localhost/main\n\nWe attempted to make an http request to this URL but the request failed without a response.\n\nWe received this error at the network level:\n\n  > Error: connect ECONNREFUSED 127.0.0.1:80\n\nCommon situations why this would fail:\n  - you don't have internet access\n  - you forgot to run / boot your web server\n  - your web server isn't accessible\n  - you have weird network configuration settings on your computer\n    at <unknown> (http://localhost:44893/__cypress/runner/cypress_runner.js:142341:82)\n    at visitFailedByErr (http://localhost:44893/__cypress/runner/cypress_runner.js:141629:12)\n    at <unknown> (http://localhost:44893/__cypress/runner/cypress_runner.js:142340:11)\n    at tryCatcher (http://localhost:44893/__cypress/runner/cypress_runner.js:11318:23)\n    at Promise._settlePromiseFromHandler (http://localhost:44893/__cypress/runner/cypress_runner.js:9253:31)\n    at Promise._settlePromise (http://localhost:44893/__cypress/runner/cypress_runner.js:9310:18)\n    at Promise._settlePromise0 (http://localhost:44893/__cypress/runner/cypress_runner.js:9355:10)\n    at Promise._settlePromises (http://localhost:44893/__cypress/runner/cypress_runner.js:9431:18)\n    at _drainQueueStep (http://localhost:44893/__cypress/runner/cypress_runner.js:6025:12)\n    at _drainQueue (http://localhost:44893/__cypress/runner/cypress_runner.js:6018:9)\n    at ../../node_modules/bluebird/js/release/async.js.Async._drainQueues (http://localhost:44893/__cypress/runner/cypress_runner.js:6034:5)\n    at Async.drainQueues (http://localhost:44893/__cypress/runner/cypress_runner.js:5904:14)\nFrom Your Spec Code:\n    at BackToTopButtonObjects.navigate (webpack:///./cypress/e2e/SWE_PROJECT/PageObjects/HomeObjects/BackToTopButtonObjects.cy.js:4:11)\n    at Context.eval (webpack:///./cypress/e2e/SWE_PROJECT/HomePageActions/BackToTopButton.cy.js:16:20)\n\nFrom Node.js Internals:\n  Error: connect ECONNREFUSED 127.0.0.1:80\n      at TCPConnectWrap.afterConnect [as oncomplete] (node:net:1187:16)",
                "diff": null
              },
              "uuid": "b704050f-e8f1-4ab9-939b-aee27bd434fc",
              "parentUUID": "f2ae12a7-26c4-45a5-8fd3-d658bf257b64",
              "isHook": false,
              "skipped": false
            },
            {
              "title": "Back To Top Button Before Scrolling",
              "fullTitle": "Back to Top Button Test Cases Back To Top Button Before Scrolling",
              "timedOut": null,
              "duration": 664,
              "state": "failed",
              "speed": null,
              "pass": false,
              "fail": true,
              "pending": false,
              "context": null,
              "code": "const backToTopButton = new _BackToTopButtonObjectsCy.default();\nbackToTopButton.navigate(); //just for me to see what have happened      \ncy.wait(2000);\nbackToTopButton.BackToTopButtonBeforeScrolling();",
              "err": {
                "message": "CypressError: `cy.visit()` failed trying to load:\n\nhttp://localhost/main\n\nWe attempted to make an http request to this URL but the request failed without a response.\n\nWe received this error at the network level:\n\n  > Error: connect ECONNREFUSED 127.0.0.1:80\n\nCommon situations why this would fail:\n  - you don't have internet access\n  - you forgot to run / boot your web server\n  - your web server isn't accessible\n  - you have weird network configuration settings on your computer",
                "estack": "CypressError: `cy.visit()` failed trying to load:\n\nhttp://localhost/main\n\nWe attempted to make an http request to this URL but the request failed without a response.\n\nWe received this error at the network level:\n\n  > Error: connect ECONNREFUSED 127.0.0.1:80\n\nCommon situations why this would fail:\n  - you don't have internet access\n  - you forgot to run / boot your web server\n  - your web server isn't accessible\n  - you have weird network configuration settings on your computer\n    at <unknown> (http://localhost:44893/__cypress/runner/cypress_runner.js:142341:82)\n    at visitFailedByErr (http://localhost:44893/__cypress/runner/cypress_runner.js:141629:12)\n    at <unknown> (http://localhost:44893/__cypress/runner/cypress_runner.js:142340:11)\n    at tryCatcher (http://localhost:44893/__cypress/runner/cypress_runner.js:11318:23)\n    at Promise._settlePromiseFromHandler (http://localhost:44893/__cypress/runner/cypress_runner.js:9253:31)\n    at Promise._settlePromise (http://localhost:44893/__cypress/runner/cypress_runner.js:9310:18)\n    at Promise._settlePromise0 (http://localhost:44893/__cypress/runner/cypress_runner.js:9355:10)\n    at Promise._settlePromises (http://localhost:44893/__cypress/runner/cypress_runner.js:9431:18)\n    at _drainQueueStep (http://localhost:44893/__cypress/runner/cypress_runner.js:6025:12)\n    at _drainQueue (http://localhost:44893/__cypress/runner/cypress_runner.js:6018:9)\n    at ../../node_modules/bluebird/js/release/async.js.Async._drainQueues (http://localhost:44893/__cypress/runner/cypress_runner.js:6034:5)\n    at Async.drainQueues (http://localhost:44893/__cypress/runner/cypress_runner.js:5904:14)\nFrom Your Spec Code:\n    at BackToTopButtonObjects.navigate (webpack:///./cypress/e2e/SWE_PROJECT/PageObjects/HomeObjects/BackToTopButtonObjects.cy.js:4:11)\n    at Context.eval (webpack:///./cypress/e2e/SWE_PROJECT/HomePageActions/BackToTopButton.cy.js:30:20)\n\nFrom Node.js Internals:\n  Error: connect ECONNREFUSED 127.0.0.1:80\n      at TCPConnectWrap.afterConnect [as oncomplete] (node:net:1187:16)",
                "diff": null
              },
              "uuid": "a57e325c-8704-4f1b-b8fa-14593a0306e4",
              "parentUUID": "f2ae12a7-26c4-45a5-8fd3-d658bf257b64",
              "isHook": false,
              "skipped": false
            }
          ],
          "suites": [],
          "passes": [],
          "failures": [
            "b704050f-e8f1-4ab9-939b-aee27bd434fc",
            "a57e325c-8704-4f1b-b8fa-14593a0306e4"
          ],
          "pending": [],
          "skipped": [],
          "duration": 1356,
          "root": false,
          "rootEmpty": false,
          "_timeout": 2000
        }
      ],
      "passes": [],
      "failures": [],
      "pending": [],
      "skipped": [],
      "duration": 0,
      "root": true,
      "rootEmpty": true,
      "_timeout": 2000
    }
  ],
  "meta": {
    "mocha": {
      "version": "7.0.1"
    },
    "mochawesome": {
      "options": {
        "quiet": false,
        "reportFilename": "mochawesome",
        "saveHtml": false,
        "saveJson": true,
        "consoleReporter": "spec",
        "useInlineDiffs": false,
        "code": true
      },
      "version": "7.1.3"
    },
    "marge": {
      "options": {
        "charts": true,
        "overwrite": false,
        "html": false,
        "json": true,
        "reportDir": "cypress/report/mochawesome-report"
      },
      "version": "6.2.0"
    }
  }
}